1
                 Chemistry at HARvard Macromolecular Mechanics
           (CHARMM) - Developmental Version 41a2   February 15, 2016            
       Copyright(c) 1984-2014  President and Fellows of Harvard College
                              All Rights Reserved
     Current operating system: Linux-3.13.0-101-generic(x86_64)@strathmere.     
                 Created on  3/25/17 at 14:41:52 by user: fylin       

            Maximum number of ATOMS:    360720, and RESidues:      120240
 RDTITL> * FOR GEOMETRY OPTIMIZATION
 RDTITL> *
  
 CHARMM>     
  
 CHARMM>    ! Check the generated *_ini.pdb; it will indicate whether your structure or IC table is correct
 CHARMM>    ! The generated *_mp2.crd  and *_min.crd include LP, D; you need to remove these lines and reorder the atom order ;
 CHARMM>    ! these crd files will be used in the following steps
 CHARMM>     
  
 CHARMM>    ioformat extended
 MISCOM> Expanded I/O format is used.
  
 CHARMM>     
  
 CHARMM>    system "mkdir gauss_input"
Invoking: mkdir gauss_input
  
 CHARMM>     
  
 CHARMM>    set workdir .
 Parameter: WORKDIR <- "."
  
 CHARMM>     
  
 CHARMM>    !### Things that should be reconsidered for every molecule ###
 CHARMM>     
  
 CHARMM>    set residue CHLB
 Parameter: RESIDUE <- "CHLB"
  
 CHARMM>    set bombover 1 ! needs to be set to -1 for 3-membered rings
 Parameter: BOMBOVER <- "1"
  
 CHARMM>    set zeed 1 C1  1 C2  1 C3  ! variable for seed to do IC build
 Parameter: ZEED <- "1 C1 1 C2 1 C3"
  
 CHARMM>     
  
 CHARMM>    !Gaussian
 CHARMM>    set charmult 0 1            ! variable for gaussian input
 Parameter: CHARMULT <- "0 1"
  
 CHARMM>    set gmem 1200MB             !
 Parameter: GMEM <- "1200MB"
  
 CHARMM>    set gnproc 2                !
 Parameter: GNPROC <- "2"
  
 CHARMM>     
  
 CHARMM>    set TOPPAR .
 Parameter: TOPPAR <- "."
  
 CHARMM>    stream toppar_drude_master_example.str
 VOPEN> Attempting to open::toppar_drude_master_example.str::
 OPNLGU> Unit 99 opened for READONLY access to toppar_drude_master_example.str

                    INPUT STREAM SWITCHING TO UNIT    99
 RDTITL> * $ID: TOPPAR_DRUDE_MASTER_PROTEIN.STR 22 2014-08-12 22:16:31Z ALEX $
 RDTITL> * DRUDE MASTER TOPOLOGY AND PARAMETER STREAM FILE
 RDTITL> * INCLUDES WATER, IONS AND 2013 PROTEIN FF RELEASE
 RDTITL> * OCTOBER 2013
 RDTITL> * IONS UPDATED, JUNE 2014
 RDTITL> *
 Parameter: IN1 <- "" <empty>
  
 CHARMM>     
  
 CHARMM>    ioformat extended
 MISCOM> Expanded I/O format is used.
  
 CHARMM>     
  
 CHARMM>    !This file must be streamed prior to additional Drude FF toppar stream files
 CHARMM>    !and it includes parameters for the model compounds (toppar_drude_model*.str)
 CHARMM>     
  
 CHARMM>    !references
 CHARMM>    !
 CHARMM>    !Proteins
 CHARMM>    !Lopes, P.E.M., Huang, J., Shim, J., Luo, Y., Li, H., Roux, B., and
 CHARMM>    !MacKerell, A.D., Jr., “Polarizable Force Field for Peptides and
 CHARMM>    !Proteins based on the Classical Drude Oscillator,” Journal of
 CHARMM>    !Chemical Theory and Computation, 9: 5430–5449, 2013 DOI:
 CHARMM>    !10.1021/ct400781b, NIHMS53671
 CHARMM>    !
 CHARMM>    !water
 CHARMM>    !SWM4-NDP, negative Drude (this will be the default model): Lamoureux,
 CHARMM>    !G., Harder, E., Vorobyov, I.V., Deng, Y., Roux, B. MacKerell, A.D.,
 CHARMM>    !Jr., A polarizable model of water for molecular dynamics simulations
 CHARMM>    !of biomolecules, Chemical Physics Letters, 2006, 418: 245-249.
 CHARMM>    !
 CHARMM>    !SWM6: Wenbo Yu, Pedro E. M. Lopes, Benoît Roux and Alexander
 CHARMM>    !D. MacKerell, Jr.  "Six-site Polarizable Model of Water Based on the
 CHARMM>    !Classical Drude Oscillator" Journal of Chemical Physics, 138: 034508,
 CHARMM>    !2013
 CHARMM>     
  
 CHARMM>    !atomic ions
 CHARMM>    !Yu, H., Whitfield, T.W., Harder, E., Lamoureux, G., Vorobyov, I.,
 CHARMM>    !Anisimov, V. M., MacKerell, A.D., Jr., and Roux, B. “Simulating
 CHARMM>    !Monovalent and Divalent Ions in Aqueous Solution Using a Drude
 CHARMM>    !Polarizable Force Field, “Journal of Chemical Theory and Computation,
 CHARMM>    !6: 774–786, 2010
 CHARMM>    !
 CHARMM>    !Luo, Y., Jiang, W., Yu, H., MacKerell, A.D., Jr., and Roux, B.,
 CHARMM>    !“Simulation study of ion pairing in concentrated aqueous salt
 CHARMM>    !solutions with a polarizable force field,” Faraday Discussions, 160,
 CHARMM>    !135–149, 2013, PMC3695446
 CHARMM>     
  
 CHARMM>     
  
 CHARMM>    ! note use of D for second character to indicate Drude
 CHARMM>    ! polarizable FF (be careful of Cadmium: use CDM)
 CHARMM>     
  
 CHARMM>    ! Parameter labeling after !
 CHARMM>    ! RESName, generic compound name of model compound followed by additional comments
 CHARMM>    ! for example ! BENZ, benzene, based on crystal survey data
 CHARMM>     
  
 CHARMM>    !Formatting information
 CHARMM>    !RTF section: please use the following format for future residues, including the spacing
 CHARMM>    !(and please clean a few up of the residues not in this format if you so desire....)
 CHARMM>     
  
 CHARMM>    !RESI ALA           0.000
 CHARMM>    !ATOM N    ND2A2   -0.427  ALPHA -1.056  THOLE 0.711
 CHARMM>    !BOND A1     A2     A3     A4     A5     A6     A7     A8
 CHARMM>    !IMPR A1     A2     A3     A4
 CHARMM>    !CMAP A1     A2     A3     A4     A1     A2     A3     A4
 CHARMM>    !LONEPAIR relative A1       A2       A3      A4       distance 0.30 angle 91.00 dihe 180.00
 CHARMM>    !ANISOTROPY        A1       A2       A3      A4       A11 0.6968  A22 1.2194
 CHARMM>    !IC A1     A2     A3     A4       1.3474  124.31  180.00  114.26   0.9979
 CHARMM>     
  
 CHARMM>    !parameter section
 CHARMM>    !bond
 CHARMM>    !CD32E    OD30A    360.00      1.415 ! comment
 CHARMM>    !angles
 CHARMM>    !HDA1A    CD31A    CD31A     34.50    110.10 ! comment
 CHARMM>    !HDA1A    CD31A    CD31A     34.50    110.10   22.53   2.1790 ! comment
 CHARMM>    !dihedrals
 CHARMM>    !CD2O1A   ND2A2    CD31C    CD2O2A      0.000   3   180.00 ! comment
 CHARMM>    !impropers
 CHARMM>    !CD2O1A   CD31A    ND2A2    OD2C1A    120.000   0     0.00 ! comment
 CHARMM>    !nonbond (LJ)
 CHARMM>    !HDW      0.0   -0.0000     0.0000 ! comment
 CHARMM>    !nbfix
 CHARMM>    !CD30A   ODW    -0.00500	 4.04699 ! comment
 CHARMM>     
  
 CHARMM>    !ioformat extended
 CHARMM>     
  
 CHARMM>    read rtf card !append
 MAINIO> Residue topology file being read from unit  99.
 RDTITL> * TOPOLOGY FOR DRUDE WATER, IONS AND PROTEINS
 RDTITL> *

 DRUDES PARTICLES WILL BE GENERATED AUTOMATICALLY FOR ALL ATOMS WITH NON-ZERO ALPHA
 Thole-type dipole screening, Slater-Delta shape {S(u) = 1 - (1+u/2)*exp(-u)}, default radius =  1.300000
  
 CHARMM>     
  
 CHARMM>    read para card !append

          PARAMETER FILE BEING READ FROM UNIT 99
 RDTITL> * DRUDE POLARIZABLE FF PARAMETERS
 RDTITL> *

 PARRDR> WARNING: FYLIN test2 DRUD    

 PARRDR> WARNING: wild card for drude X       
  218    1  224  HDP1A     DRUD      500.0000    0.0000     24977
  219    2  224  HDP1B     DRUD      500.0000    0.0000     24978
  220    3  224  HDA1A     DRUD      500.0000    0.0000     24979
  221    4  224  HDA1C     DRUD      500.0000    0.0000     24980
  222    5  224  HDA1R5    DRUD      500.0000    0.0000     24981
  223    6  224  HDA2A     DRUD      500.0000    0.0000     24982
  224    7  224  HDA2C     DRUD      500.0000    0.0000     24983
  225    8  224  HDA2E     DRUD      500.0000    0.0000     24984
  226    9  224  HDA2R5    DRUD      500.0000    0.0000     24985
  227   10  224  HDA3A     DRUD      500.0000    0.0000     24986
  228   11  224  HDA3B     DRUD      500.0000    0.0000     24987
  229   12  224  HDA3C     DRUD      500.0000    0.0000     24988
  230   13  224  HDR5A     DRUD      500.0000    0.0000     24989
  231   14  224  HDR5B     DRUD      500.0000    0.0000     24990
  232   15  224  HDR5C     DRUD      500.0000    0.0000     24991
  233   16  224  HDR5D     DRUD      500.0000    0.0000     24992
  234   17  224  HDR5E     DRUD      500.0000    0.0000     24993
  235   18  224  HDR6A     DRUD      500.0000    0.0000     24994
  236   19  224  HDR6B     DRUD      500.0000    0.0000     24995
  237   20  224  HDR6C     DRUD      500.0000    0.0000     24996
  238   41  224  CD2O1A    DRUD      500.0000    0.0000     25017
  239   42  224  CD2O2A    DRUD      500.0000    0.0000     25018
  240   43  224  CD2O3A    DRUD      500.0000    0.0000     25019
  241   44  224  CD2O3B    DRUD      500.0000    0.0000     25020
  242   45  224  CD2R5A    DRUD      500.0000    0.0000     25021
  243   46  224  CD2R5B    DRUD      500.0000    0.0000     25022
  244   47  224  CD2R5C    DRUD      500.0000    0.0000     25023
  245   48  224  CD2R5D    DRUD      500.0000    0.0000     25024
  246   49  224  CD2R5E    DRUD      500.0000    0.0000     25025
  247   50  224  CD2R6A    DRUD      500.0000    0.0000     25026
  248   51  224  CD2R6B    DRUD      500.0000    0.0000     25027
  249   52  224  CD2R6C    DRUD      500.0000    0.0000     25028
  250   53  224  CD2R6D    DRUD      500.0000    0.0000     25029
  251   54  224  CD2R6F    DRUD      500.0000    0.0000     25030
  252   55  224  CD2R6H    DRUD      500.0000    0.0000     25031
  253   60  224  CD2N1A    DRUD      500.0000    0.0000     25036
  254   61  224  CD30A     DRUD      500.0000    0.0000     25037
  255   62  224  CD31A     DRUD      500.0000    0.0000     25038
  256   63  224  CD31C     DRUD      500.0000    0.0000     25039
  257   64  224  CD31FA    DRUD      500.0000    0.0000     25040
  258   65  224  CD31FB    DRUD      500.0000    0.0000     25041
  259   66  224  CD31FC    DRUD      500.0000    0.0000     25042
  260   67  224  CD31G     DRUD      500.0000    0.0000     25043
  261   68  224  CD315A    DRUD      500.0000    0.0000     25044
  262   69  224  CD315B    DRUD      500.0000    0.0000     25045
  263   70  224  CD316A    DRUD      500.0000    0.0000     25046
  264   71  224  CD32A     DRUD      500.0000    0.0000     25047
  265   72  224  CD32AL    DRUD      500.0000    0.0000     25048
  266   73  224  CD32B     DRUD      500.0000    0.0000     25049
  267   74  224  CD32C     DRUD      500.0000    0.0000     25050
  268   75  224  CD32E     DRUD      500.0000    0.0000     25051
  269   76  224  CD32F     DRUD      500.0000    0.0000     25052
  270   77  224  CD325A    DRUD      500.0000    0.0000     25053
  271   78  224  CD325B    DRUD      500.0000    0.0000     25054
  272   79  224  CD326A    DRUD      500.0000    0.0000     25055
  273   80  224  CD326B    DRUD      500.0000    0.0000     25056
  274   81  224  CD33A     DRUD      500.0000    0.0000     25057
  275   82  224  CD33B     DRUD      500.0000    0.0000     25058
  276   83  224  CD33C     DRUD      500.0000    0.0000     25059
  277   84  224  CD33D     DRUD      500.0000    0.0000     25060
  278   85  224  CD33E     DRUD      500.0000    0.0000     25061
  279   86  224  CD31HA    DRUD      500.0000    0.0000     25062
  280   87  224  CD31HB    DRUD      500.0000    0.0000     25063
  281   88  224  CD31HC    DRUD      500.0000    0.0000     25064
  282  131  224  ND2A1     DRUD      500.0000    0.0000     25107
  283  132  224  ND2A2     DRUD      500.0000    0.0000     25108
  284  133  224  ND2A3     DRUD      500.0000    0.0000     25109
  285  134  224  ND2B1     DRUD      500.0000    0.0000     25110
  286  135  224  ND2R5A    DRUD      500.0000    0.0000     25111
  287  136  224  ND2R5B    DRUD      500.0000    0.0000     25112
  288  137  224  ND2R5C    DRUD      500.0000    0.0000     25113
  289  138  224  ND2R5D    DRUD      500.0000    0.0000     25114
  290  139  224  ND2R5E    DRUD      500.0000    0.0000     25115
  291  140  224  ND2R5F    DRUD      500.0000    0.0000     25116
  292  141  224  ND2R6A    DRUD      500.0000    0.0000     25117
  293  142  224  ND2R6B    DRUD      500.0000    0.0000     25118
  294  143  224  ND2R6C    DRUD      500.0000    0.0000     25119
  295  144  224  ND2R6D    DRUD      500.0000    0.0000     25120
  296  145  224  ND2P1A    DRUD      500.0000    0.0000     25121
  297  146  224  ND3P2A    DRUD      500.0000    0.0000     25122
  298  147  224  ND3P3A    DRUD      500.0000    0.0000     25123
  299  148  224  ND3A3     DRUD      500.0000    0.0000     25124
  300  171  224  OD2C1A    DRUD      500.0000    0.0000     25147
  301  172  224  OD2C1B    DRUD      500.0000    0.0000     25148
  302  173  224  OD2C2A    DRUD      500.0000    0.0000     25149
  303  174  224  OD2C2B    DRUD      500.0000    0.0000     25150
  304  175  224  OD2C2C    DRUD      500.0000    0.0000     25151
  305  176  224  OD2C3A    DRUD      500.0000    0.0000     25152
  306  177  224  OD2C3B    DRUD      500.0000    0.0000     25153
  307  178  224  OD30A     DRUD      500.0000    0.0000     25154
  308  179  224  OD30B     DRUD      500.0000    0.0000     25155
  309  180  224  OD30BN    DRUD      500.0000    0.0000     25156
  310  181  224  OD30C     DRUD      500.0000    0.0000     25157
  311  182  224  OD30CL    DRUD      500.0000    0.0000     25158
  312  183  224  OD30D     DRUD      500.0000    0.0000     25159
  313  184  224  OD305A    DRUD      500.0000    0.0000     25160
  314  185  224  OD306A    DRUD      500.0000    0.0000     25161
  315  186  224  OD31A     DRUD      500.0000    0.0000     25162
  316  187  224  OD31B     DRUD      500.0000    0.0000     25163
  317  188  224  OD31C     DRUD      500.0000    0.0000     25164
  318  189  224  OD31E     DRUD      500.0000    0.0000     25165
  319  190  224  OD31F     DRUD      500.0000    0.0000     25166
  320  211  224  PD1A      DRUD      500.0000    0.0000     25187
  321  212  224  PD1AN     DRUD      500.0000    0.0000     25188
  322  221  224  DUM       DRUD      500.0000    0.0000     25197
  323  222  224  XED       DRUD      500.0000    0.0000     25198
  324  223  224  NED       DRUD      500.0000    0.0000     25199
  325  224  224  DRUD      DRUD      500.0000    0.0000     25200
  326  226  224  SD31A     DRUD      500.0000    0.0000     25649
  327  227  224  SD31B     DRUD      500.0000    0.0000     25875
  328  228  224  SD30A     DRUD      500.0000    0.0000     26102
  329  229  224  SD30B     DRUD      500.0000    0.0000     26330
  330  231  224  LPD       DRUD      500.0000    0.0000     26789
  331  232  224  LPDW      DRUD      500.0000    0.0000     27020
  332  233  224  LPDO1     DRUD      500.0000    0.0000     27252
  333  234  224  LPDNA1    DRUD      500.0000    0.0000     27485
  334  241  224  ODW       DRUD      500.0000    0.0000     29144
  335  242  224  ODW6      DRUD      500.0000    0.0000     29385
  336  243  224  HDW       DRUD      500.0000    0.0000     29627
  337  244  224  DOH2      DRUD      500.0000    0.0000     29870
  338  251  224  LID       DRUD      500.0000    0.0000     31599
  339  252  224  POTD      DRUD      500.0000    0.0000     31850
  340  253  224  SODD      DRUD      500.0000    0.0000     32102
  341  254  224  RBD       DRUD      500.0000    0.0000     32355
  342  255  224  CSD       DRUD      500.0000    0.0000     32609
  343  256  224  FAD       DRUD      500.0000    0.0000     32864
  344  257  224  CLAD      DRUD      500.0000    0.0000     33120
  345  258  224  BRAD      DRUD      500.0000    0.0000     33377
  346  259  224  IAD       DRUD      500.0000    0.0000     33635
  347  271  224  MAGD      DRUD      500.0000    0.0000     36809
  348  272  224  CALD      DRUD      500.0000    0.0000     37080
  349  273  224  SRD       DRUD      500.0000    0.0000     37352
  350  274  224  BAD       DRUD      500.0000    0.0000     37625
  351  275  224  ZND       DRUD      500.0000    0.0000     37899
  352  282  224  CLDA1     DRUD      500.0000    0.0000     39845
  353  283  224  CLDR1     DRUD      500.0000    0.0000     40127

 PARRDR> WARNING: ATOMS IN BOND X        DRUD      500.00000   0.00000 DONT EXIST
      THOLE CUTOFF    5.000
      MAXNBTHOLE  -5000
 Pair-specific Thole:            1 ODW     BAD        1.4586900000000000              241         274
 Pair-specific Thole:            2 ODW     CALD       1.5087699999999999              241         272
 Pair-specific Thole:            3 ODW     MAGD       1.5156700000000001              241         271
 Pair-specific Thole:            4 ODW     SRD        1.2379199999999999              241         273
 Pair-specific Thole:            5 ODW     ZND        2.1477300000000001              241         275
 Pair-specific Thole:            6 CALD    OD2C1A     1.3200000000000001              272         171
 Pair-specific Thole:            7 CALD    OD31A      1.0500000000000000              272         186
 Pair-specific Thole:            8 SODD    OD31A      1.8200000000000001              253         186
 Pair-specific Thole:            9 POTD    OD2C1A     2.1899999999999999              252         171
 Pair-specific Thole:           10 POTD    OD2C2A    0.22000000000000000              252         173
 Pair-specific Thole:           11 CLAD    ND2A2      2.8599999999999999              257         132
*****  WARNING  ***** PARRDR no nonbond parameters for atom type: 282  CLDA1   
 NO nonbond interactions will be computed for this atom type.
*****  WARNING  ***** PARRDR no nonbond parameters for atom type: 283  CLDR1   
 NO nonbond interactions will be computed for this atom type.
 PARMIO> NONBOND, HBOND lists and IMAGE atoms cleared.
  
 CHARMM>     
  
 VCLOSE: Closing unit   99 with status "KEEP"

                    RETURNING TO INPUT STREAM     5
  
 CHARMM>    stream toppar_drude_example.str
 VOPEN> Attempting to open::toppar_drude_example.str::
 OPNLGU> Unit 99 opened for READONLY access to toppar_drude_example.str

                    INPUT STREAM SWITCHING TO UNIT    99
 RDTITL> * TOPPAR STREAM FILE FOR TUTORIAL
 RDTITL> *
 Parameter: IN1 <- "" <empty>
  
 CHARMM>     
  
 CHARMM>    ioformat extended
 MISCOM> Expanded I/O format is used.
  
 CHARMM>     
  
 CHARMM>    read rtf card append
 MAINIO> Residue topology file being read from unit  99.
 RDTITL> * TOPOLOGY FOR DRUDE MODEL COMPOUNDS
 RDTITL> *

 DRUDES PARTICLES WILL BE GENERATED AUTOMATICALLY FOR ALL ATOMS WITH NON-ZERO ALPHA
 Thole-type dipole screening, Slater-Delta shape {S(u) = 1 - (1+u/2)*exp(-u)}, default radius =  1.300000
  
 CHARMM>     
  
 CHARMM>    read para card append

          PARAMETER FILE BEING READ FROM UNIT 99
 RDTITL> * HALOGEN
 RDTITL> *
 PARMIO> NONBOND, HBOND lists and IMAGE atoms cleared.
  
 CHARMM>    RETURN
 VCLOSE: Closing unit   99 with status "KEEP"

                    RETURNING TO INPUT STREAM     5
  
 CHARMM>     
  
 CHARMM>    !### Things that almost never should be changed (actual script) ###
 CHARMM>    read sequence @residue 1
 Parameter: RESIDUE -> "CHLB"
  
 CHARMM>    bomlev @bombover
 Parameter: BOMBOVER -> "1"
  
 CHARMM>     
  
 CHARMM>    generate @residue first none last none setup warn drude dmass 0.4
 Parameter: RESIDUE -> "CHLB"
 Drude polarizability will be setup for SEGID: CHLB    mass of Drudes particles =    0.4000
 NO PATCHING WILL BE DONE ON THE FIRST RESIDUE
 NO PATCHING WILL BE DONE ON THE LAST  RESIDUE

 MKDRUDE generate list and setup for drude polarizability

 All okay for      7 added Drude particles 

 GENPSF> Segment   1 has been generated. Its identifier is CHLB.
 PSFSUM> PSF modified: NONBOND lists and IMAGE atoms cleared.
 PSFSUM> Summary of the structure file counters :
         Number of segments      =        1   Number of residues   =        1
         Number of atoms         =       20   Number of groups     =        1
         Number of bonds         =       20   Number of angles     =       18
         Number of dihedrals     =       24   Number of impropers  =        0
         Number of cross-terms   =        0
         Number of HB acceptors  =        0   Number of HB donors  =        0
         Number of NB exclusions =        0   Total charge =    0.00000
         Number of Drudes        =        7
         Number of true-bonds    =       20   Number of zero-bonds =        0
         Number of aniso. terms  =        0   Number of lone-pairs =        1
  
 CHARMM>    bomlev 1  ! "SOME COORDINATES NOT BUILT" IS LVL1!
  
 CHARMM>     
  
 CHARMM>    ic param
  
 CHARMM>    ic seed @zeed
 Parameter: ZEED -> "1 C1 1 C2 1 C3"
  
 CHARMM>    ic build
 ****  WARNING  ****    8 COORDINATES ARE STILL UNDEFINED
  
 CHARMM>    bomlev 0
  
 CHARMM>     
  
 CHARMM>    coor sdrude
  
 CHARMM>    coor shake
 SELECTED COORDINATES CONSTRAINED IN THE MAIN SET.

  
 CHARMM>     
  
 CHARMM>    write coor pdb name @residue_init.pdb
 Parameter: RESIDUE -> "CHLB"
 VOPEN> Attempting to open::chlb_init.pdb::
 RDTITL>  
 RDTITL> No title read.
  Write CHARMM-pdb format
 VCLOSE: Closing unit   90 with status "KEEP"
  
 CHARMM>     
  
 CHARMM>    ! First relax drude, so constrain the rest atoms
 CHARMM>    cons harm force 1000000.0 sele .not. type D* show end
 The following atoms are currently set:
SEGId RESId RESName  .. TYPEs ..
 CHLB     1        CHLB C1 H1 C2 H2 C3 H3 C4 H4 C5 H5 C6 CL6 LP6     
 SELRPN>     13 atoms have been selected out of     20
 CSTRAN: Harmonic Restraints
          ABSOlute type as set number  1.  Number of selected atoms:     13
          Reference coordinates set to main coordinates.
          Mass weighting will NOT be used for new restraints.
          The force constant of 1000000.00000 will be used.
          An exponent of  2 will be used.
          The XYZ scale factors are:       1.00000       1.00000       1.00000
          A total of     13 atoms are restrained.
  
 CHARMM>    cons harm force 1000000.0 sele type dum show end
 The following atoms are currently set:
SEGId RESId RESName  .. TYPEs ..
 SELRPN>      0 atoms have been selected out of     20
 CSTRAN: Harmonic Restraints
          ABSOlute type as set number  2.  Number of selected atoms:      0
          Reference coordinates set to main coordinates.
          Mass weighting will NOT be used for new restraints.
          The force constant of 1000000.00000 will be used.
          An exponent of  2 will be used.
          The XYZ scale factors are:       1.00000       1.00000       1.00000
          A total of     13 atoms are restrained.
  
 CHARMM>    MINI SD nstep 200 tolgrd 0.00001

 NONBOND OPTION FLAGS: 
     ELEC     VDW      ATOMs    CDIElec  SWITch   VATOm    VSWItch 
     BYGRoup  NOEXtnd  NOEWald 
 CUTNB  = 16.000 CTEXNB =999.000 CTONNB = 10.000 CTOFNB = 12.000
 CGONNB =  0.000 CGOFNB = 10.000
 WMIN   =  1.500 WRNMXD =  0.500 E14FAC =  1.000 EPS    =  1.000
 NBXMOD =      5
 There are        0 atom  pairs and        0 atom  exclusions.
 There are        0 group pairs and        0 group exclusions.
 <MAKINB> with mode   5 found    105 exclusions and     54 interactions(1-4)
 <MAKGRP> found      0 group exclusions.
 Generating nonbond list with Exclusion mode = 5
 Allocate space for   5000 Thole shielding pairs 
 == PRIMARY == SPACE FOR      801 ATOM PAIRS AND        0 GROUP PAIRS

 General atom nonbond list generation found:
       85 ATOM PAIRS WERE FOUND FOR ATOM LIST
        0 GROUP PAIRS REQUIRED ATOM SEARCHES



 STEEPD> An energy minimization has been requested.

 NSTEP  =          200   NPRINT =           10
 STEP   =    0.0200000   TOLFUN =    0.0000000
 TOLGRD =    0.0000100   TOLSTP =    0.0000000

MINI MIN: Cycle      ENERgy      Delta-E         GRMS    Step-size
MINI INTERN:          BONDs       ANGLes       UREY-b    DIHEdrals    IMPRopers
MINI EXTERN:        VDWaals         ELEC       HBONds          ASP         USER
 ----------       ---------    ---------    ---------    ---------    ---------
MINI>        0     27.69995      0.00000     16.79631      0.02000
MINI INTERN>        0.00000      0.07067      0.35163      0.00000      0.00000
MINI EXTERN>       25.48279      1.79487      0.00000      0.00000      0.00000
 ----------       ---------    ---------    ---------    ---------    ---------
MINI>       10    394.38091   -366.68096  12039.72788      0.00156
MINI INTERN>        0.10342      0.10745      0.35114      0.00000      0.00000
MINI EXTERN>       25.47109      1.59170      0.00000      0.00000      0.00000
MINI CONSTR>      366.75611      0.00000      0.00000      0.00000      0.00000
 ----------       ---------    ---------    ---------    ---------    ---------
MINI>       20     29.78855    364.59236    938.36929      0.00012
MINI INTERN>        0.06614      0.06834      0.35105      0.00000      0.00000
MINI EXTERN>       25.47721      1.59259      0.00000      0.00000      0.00000
MINI CONSTR>        2.23322      0.00000      0.00000      0.00000      0.00000
 ----------       ---------    ---------    ---------    ---------    ---------
MINI>       30     27.57305      2.21550     70.84715      0.00001
MINI INTERN>        0.06593      0.07084      0.35103      0.00000      0.00000
MINI EXTERN>       25.47700      1.59255      0.00000      0.00000      0.00000
MINI CONSTR>        0.01570      0.00000      0.00000      0.00000      0.00000
 ----------       ---------    ---------    ---------    ---------    ---------
MINI>       40     27.56033      0.01273      4.92053      0.00000
MINI INTERN>        0.06605      0.07065      0.35103      0.00000      0.00000
MINI EXTERN>       25.47701      1.59235      0.00000      0.00000      0.00000
MINI CONSTR>        0.00324      0.00000      0.00000      0.00000      0.00000
 ----------       ---------    ---------    ---------    ---------    ---------
MINI>       50     27.56018      0.00014      2.00704      0.00000
MINI INTERN>        0.06616      0.07066      0.35103      0.00000      0.00000
MINI EXTERN>       25.47701      1.59214      0.00000      0.00000      0.00000
MINI CONSTR>        0.00318      0.00000      0.00000      0.00000      0.00000
 ----------       ---------    ---------    ---------    ---------    ---------
MINI>       60     27.56008      0.00010      1.31134      0.00000
MINI INTERN>        0.06628      0.07066      0.35103      0.00000      0.00000
MINI EXTERN>       25.47701      1.59193      0.00000      0.00000      0.00000
MINI CONSTR>        0.00317      0.00000      0.00000      0.00000      0.00000
 ----------       ---------    ---------    ---------    ---------    ---------
MINI>       70     27.56000      0.00009      2.25484      0.00000
MINI INTERN>        0.06640      0.07067      0.35103     -0.00000      0.00000
MINI EXTERN>       25.47701      1.59172      0.00000      0.00000      0.00000
MINI CONSTR>        0.00318      0.00000      0.00000      0.00000      0.00000
 ----------       ---------    ---------    ---------    ---------    ---------
MINI>       80     27.55990      0.00010      2.46311      0.00000
MINI INTERN>        0.06652      0.07067      0.35103      0.00000      0.00000
MINI EXTERN>       25.47701      1.59149      0.00000      0.00000      0.00000
MINI CONSTR>        0.00318      0.00000      0.00000      0.00000      0.00000
 ----------       ---------    ---------    ---------    ---------    ---------
MINI>       90     27.55981      0.00009      2.62365      0.00000
MINI INTERN>        0.06664      0.07067      0.35103     -0.00000      0.00000
MINI EXTERN>       25.47701      1.59128      0.00000      0.00000      0.00000
MINI CONSTR>        0.00318      0.00000      0.00000      0.00000      0.00000
 ----------       ---------    ---------    ---------    ---------    ---------
MINI>      100     27.55972      0.00009      2.85792      0.00000
MINI INTERN>        0.06676      0.07067      0.35103      0.00000      0.00000
MINI EXTERN>       25.47701      1.59107      0.00000      0.00000      0.00000
MINI CONSTR>        0.00318      0.00000      0.00000      0.00000      0.00000
 ----------       ---------    ---------    ---------    ---------    ---------
MINI>      110     27.55961      0.00011      0.93494      0.00000
MINI INTERN>        0.06688      0.07066      0.35103      0.00000      0.00000
MINI EXTERN>       25.47701      1.59086      0.00000      0.00000      0.00000
MINI CONSTR>        0.00317      0.00000      0.00000      0.00000      0.00000
 ----------       ---------    ---------    ---------    ---------    ---------
MINI>      120     27.55954      0.00007      3.28743      0.00000
MINI INTERN>        0.06700      0.07067      0.35103      0.00000      0.00000
MINI EXTERN>       25.47701      1.59065      0.00000      0.00000      0.00000
MINI CONSTR>        0.00319      0.00000      0.00000      0.00000      0.00000
 ----------       ---------    ---------    ---------    ---------    ---------
MINI>      130     27.55946      0.00008      3.54203      0.00000
MINI INTERN>        0.06711      0.07067      0.35103      0.00000      0.00000
MINI EXTERN>       25.47701      1.59045      0.00000      0.00000      0.00000
MINI CONSTR>        0.00319      0.00000      0.00000      0.00000      0.00000
 ----------       ---------    ---------    ---------    ---------    ---------
MINI>      140     27.55934      0.00012      0.87662      0.00000
MINI INTERN>        0.06722      0.07066      0.35103      0.00000      0.00000
MINI EXTERN>       25.47701      1.59025      0.00000      0.00000      0.00000
MINI CONSTR>        0.00317      0.00000      0.00000      0.00000      0.00000
 ----------       ---------    ---------    ---------    ---------    ---------
MINI>      150     27.55925      0.00009      0.88478      0.00000
MINI INTERN>        0.06734      0.07066      0.35103     -0.00000      0.00000
MINI EXTERN>       25.47701      1.59004      0.00000      0.00000      0.00000
MINI CONSTR>        0.00317      0.00000      0.00000      0.00000      0.00000
 ----------       ---------    ---------    ---------    ---------    ---------
MINI>      160     27.55916      0.00009      1.10066      0.00000
MINI INTERN>        0.06746      0.07066      0.35103      0.00000      0.00000
MINI EXTERN>       25.47701      1.58983      0.00000      0.00000      0.00000
MINI CONSTR>        0.00318      0.00000      0.00000      0.00000      0.00000
 ----------       ---------    ---------    ---------    ---------    ---------
MINI>      170     27.55908      0.00008      2.00109      0.00000
MINI INTERN>        0.06758      0.07066      0.35103     -0.00000      0.00000
MINI EXTERN>       25.47701      1.58961      0.00000      0.00000      0.00000
MINI CONSTR>        0.00319      0.00000      0.00000      0.00000      0.00000
 ----------       ---------    ---------    ---------    ---------    ---------
MINI>      180     27.55898      0.00009      1.35414      0.00000
MINI INTERN>        0.06770      0.07066      0.35103      0.00000      0.00000
MINI EXTERN>       25.47701      1.58941      0.00000      0.00000      0.00000
MINI CONSTR>        0.00318      0.00000      0.00000      0.00000      0.00000
 ----------       ---------    ---------    ---------    ---------    ---------
MINI>      190     27.55890      0.00008      2.23896      0.00000
MINI INTERN>        0.06782      0.07065      0.35103     -0.00000      0.00000
MINI EXTERN>       25.47701      1.58920      0.00000      0.00000      0.00000
MINI CONSTR>        0.00319      0.00000      0.00000      0.00000      0.00000
 ----------       ---------    ---------    ---------    ---------    ---------
MINI>      200     27.55881      0.00009      2.55552      0.00000
MINI INTERN>        0.06794      0.07065      0.35103      0.00000      0.00000
MINI EXTERN>       25.47701      1.58898      0.00000      0.00000      0.00000
MINI CONSTR>        0.00319      0.00000      0.00000      0.00000      0.00000
 ----------       ---------    ---------    ---------    ---------    ---------

 STEEPD> Minimization exiting with number of steps limit (       200) exceeded.

STPD MIN: Cycle      ENERgy      Delta-E         GRMS    Step-size
STPD INTERN:          BONDs       ANGLes       UREY-b    DIHEdrals    IMPRopers
STPD EXTERN:        VDWaals         ELEC       HBONds          ASP         USER
STPD CONSTR:       HARMonic    CDIHedral          CIC     RESDistance       NOE
 ----------       ---------    ---------    ---------    ---------    ---------
STPD>      200     27.55881      0.00009      2.55552      0.00000
STPD INTERN>        0.06794      0.07065      0.35103      0.00000      0.00000
STPD EXTERN>       25.47701      1.58898      0.00000      0.00000      0.00000
STPD CONSTR>        0.00319      0.00000      0.00000      0.00000      0.00000
 ----------       ---------    ---------    ---------    ---------    ---------
  
 CHARMM>    MINI ABNR nstep 500 tolgrd 0.00001

 NONBOND OPTION FLAGS: 
     ELEC     VDW      ATOMs    CDIElec  SWITch   VATOm    VSWItch 
     BYGRoup  NOEXtnd  NOEWald 
 CUTNB  = 16.000 CTEXNB =999.000 CTONNB = 10.000 CTOFNB = 12.000
 CGONNB =  0.000 CGOFNB = 10.000
 WMIN   =  1.500 WRNMXD =  0.500 E14FAC =  1.000 EPS    =  1.000
 NBXMOD =      5
 There are       85 atom  pairs and      159 atom  exclusions.
 There are        0 group pairs and        0 group exclusions.
 Generating nonbond list with Exclusion mode = 5
 == PRIMARY == SPACE FOR      801 ATOM PAIRS AND        0 GROUP PAIRS

 General atom nonbond list generation found:
       85 ATOM PAIRS WERE FOUND FOR ATOM LIST
        0 GROUP PAIRS REQUIRED ATOM SEARCHES



 ABNER> An energy minimization has been requested.

 EIGRNG =    0.0005000   MINDIM =            5
 NPRINT =           10   NSTEP  =          500
 PSTRCT =    0.0000000   SDSTP  =    0.0200000
 STPLIM =    1.0000000   STRICT =    0.1000000
 TOLFUN =    0.0000000   TOLGRD =    0.0000100
 TOLITR =          100   TOLSTP =    0.0000000
 FMEM   =    0.0000000
MINI MIN: Cycle      ENERgy      Delta-E         GRMS    Step-size
MINI INTERN:          BONDs       ANGLes       UREY-b    DIHEdrals    IMPRopers
MINI EXTERN:        VDWaals         ELEC       HBONds          ASP         USER
MINI CONSTR:       HARMonic    CDIHedral          CIC     RESDistance       NOE
 ----------       ---------    ---------    ---------    ---------    ---------
MINI>        0     27.55881      0.00009      2.55552      0.00000
MINI INTERN>        0.06794      0.07065      0.35103      0.00000      0.00000
MINI EXTERN>       25.47701      1.58898      0.00000      0.00000      0.00000
MINI CONSTR>        0.00319      0.00000      0.00000      0.00000      0.00000
 ----------       ---------    ---------    ---------    ---------    ---------
MINI>       10     28.39771     -0.83890    576.06885      0.00041
MINI INTERN>        0.06909      0.07212      0.35102      0.00000      0.00000
MINI EXTERN>       25.47690      1.58713      0.00000      0.00000      0.00000
MINI CONSTR>        0.84146      0.00000      0.00000      0.00000      0.00000
 ----------       ---------    ---------    ---------    ---------    ---------
MINI>       20     28.05604      0.34167    211.38155      0.00073
MINI INTERN>        0.09019      0.07225      0.34838     -0.00000      0.00000
MINI EXTERN>       25.45111      1.55574      0.00000      0.00000      0.00000
MINI CONSTR>        0.53837      0.00000      0.00000      0.00000      0.00000
 ----------       ---------    ---------    ---------    ---------    ---------
MINI>       30     27.60330      0.45274     90.99204      0.00024
MINI INTERN>        0.14665      0.07074      0.35085      0.00000      0.00000
MINI EXTERN>       25.47620      1.48936      0.00000      0.00000      0.00000
MINI CONSTR>        0.06950      0.00000      0.00000      0.00000      0.00000
 ----------       ---------    ---------    ---------    ---------    ---------
MINI>       40     27.55044      0.05287     66.43917      0.00008
MINI INTERN>        0.14689      0.07051      0.35117      0.00000      0.00000
MINI EXTERN>       25.47871      1.48871      0.00000      0.00000      0.00000
MINI CONSTR>        0.01445      0.00000      0.00000      0.00000      0.00000
 ----------       ---------    ---------    ---------    ---------    ---------
MINI>       50     27.54049      0.00995     34.77027      0.00003
MINI INTERN>        0.14707      0.07074      0.35103      0.00000      0.00000
MINI EXTERN>       25.47705      1.48849      0.00000      0.00000      0.00000
MINI CONSTR>        0.00611      0.00000      0.00000      0.00000      0.00000
 ----------       ---------    ---------    ---------    ---------    ---------
MINI>       60     27.53749      0.00300      3.45962      0.00001
MINI INTERN>        0.14711      0.07064      0.35106      0.00000      0.00000
MINI EXTERN>       25.47736      1.48843      0.00000      0.00000      0.00000
MINI CONSTR>        0.00289      0.00000      0.00000      0.00000      0.00000
 ----------       ---------    ---------    ---------    ---------    ---------
MINI>       70     27.53740      0.00009      2.92308      0.00000
MINI INTERN>        0.14716      0.07066      0.35102      0.00000      0.00000
MINI EXTERN>       25.47694      1.48836      0.00000      0.00000      0.00000
MINI CONSTR>        0.00327      0.00000      0.00000      0.00000      0.00000
 ----------       ---------    ---------    ---------    ---------    ---------
MINI>       80     27.53635      0.00105      3.44972      0.00000
MINI INTERN>        0.15159      0.07067      0.35103      0.00000      0.00000
MINI EXTERN>       25.47704      1.48287      0.00000      0.00000      0.00000
MINI CONSTR>        0.00316      0.00000      0.00000      0.00000      0.00000
 ----------       ---------    ---------    ---------    ---------    ---------
MINI>       90     27.53611      0.00024      1.44902      0.00000
MINI INTERN>        0.15361      0.07067      0.35099      0.00000      0.00000
MINI EXTERN>       25.47657      1.48061      0.00000      0.00000      0.00000
MINI CONSTR>        0.00367      0.00000      0.00000      0.00000      0.00000
 ----------       ---------    ---------    ---------    ---------    ---------
MINI>      100     27.53605      0.00006      1.02051      0.00000
MINI INTERN>        0.15556      0.07066      0.35102      0.00000      0.00000
MINI EXTERN>       25.47696      1.47863      0.00000      0.00000      0.00000
MINI CONSTR>        0.00322      0.00000      0.00000      0.00000      0.00000
 ----------       ---------    ---------    ---------    ---------    ---------
MINI>      110     27.53605      0.00000      0.38626      0.00000
MINI INTERN>        0.15611      0.07066      0.35102      0.00000      0.00000
MINI EXTERN>       25.47695      1.47807      0.00000      0.00000      0.00000
MINI CONSTR>        0.00323      0.00000      0.00000      0.00000      0.00000
 ----------       ---------    ---------    ---------    ---------    ---------
MINI>      120     27.53603      0.00002      0.21219      0.00000
MINI INTERN>        0.15661      0.07066      0.35103      0.00000      0.00000
MINI EXTERN>       25.47699      1.47756      0.00000      0.00000      0.00000
MINI CONSTR>        0.00319      0.00000      0.00000      0.00000      0.00000
 ----------       ---------    ---------    ---------    ---------    ---------
MINI>      130     27.53603      0.00000      0.14560      0.00000
MINI INTERN>        0.15814      0.07066      0.35102      0.00000      0.00000
MINI EXTERN>       25.47696      1.47602      0.00000      0.00000      0.00000
MINI CONSTR>        0.00322      0.00000      0.00000      0.00000      0.00000
 ----------       ---------    ---------    ---------    ---------    ---------
MINI>      140     27.53603      0.00000      0.03309      0.00000
MINI INTERN>        0.15813      0.07066      0.35102      0.00000      0.00000
MINI EXTERN>       25.47696      1.47603      0.00000      0.00000      0.00000
MINI CONSTR>        0.00322      0.00000      0.00000      0.00000      0.00000
 ----------       ---------    ---------    ---------    ---------    ---------
MINI>      150     27.53603      0.00000      0.08833      0.00000
MINI INTERN>        0.15813      0.07066      0.35102      0.00000      0.00000
MINI EXTERN>       25.47697      1.47603      0.00000      0.00000      0.00000
MINI CONSTR>        0.00321      0.00000      0.00000      0.00000      0.00000
 ----------       ---------    ---------    ---------    ---------    ---------
MINI>      160     27.53603      0.00000      0.01165      0.00000
MINI INTERN>        0.15813      0.07066      0.35102      0.00000      0.00000
MINI EXTERN>       25.47697      1.47603      0.00000      0.00000      0.00000
MINI CONSTR>        0.00321      0.00000      0.00000      0.00000      0.00000
 ----------       ---------    ---------    ---------    ---------    ---------
MINI>      170     27.53603      0.00000      0.00686      0.00000
MINI INTERN>        0.15813      0.07066      0.35102      0.00000      0.00000
MINI EXTERN>       25.47697      1.47603      0.00000      0.00000      0.00000
MINI CONSTR>        0.00321      0.00000      0.00000      0.00000      0.00000
 ----------       ---------    ---------    ---------    ---------    ---------
MINI>      180     27.53603      0.00000      0.00433      0.00000
MINI INTERN>        0.15813      0.07066      0.35102     -0.00000      0.00000
MINI EXTERN>       25.47697      1.47604      0.00000      0.00000      0.00000
MINI CONSTR>        0.00321      0.00000      0.00000      0.00000      0.00000
 ----------       ---------    ---------    ---------    ---------    ---------
MINI>      190     27.53603      0.00000      0.00233      0.00000
MINI INTERN>        0.15813      0.07066      0.35102      0.00000      0.00000
MINI EXTERN>       25.47697      1.47604      0.00000      0.00000      0.00000
MINI CONSTR>        0.00321      0.00000      0.00000      0.00000      0.00000
 ----------       ---------    ---------    ---------    ---------    ---------
MINI>      200     27.53603      0.00000      0.00154      0.00000
MINI INTERN>        0.15813      0.07066      0.35102      0.00000      0.00000
MINI EXTERN>       25.47697      1.47604      0.00000      0.00000      0.00000
MINI CONSTR>        0.00321      0.00000      0.00000      0.00000      0.00000
 ----------       ---------    ---------    ---------    ---------    ---------
MINI>      210     27.53603      0.00000      0.00076      0.00000
MINI INTERN>        0.15813      0.07066      0.35102     -0.00000      0.00000
MINI EXTERN>       25.47697      1.47604      0.00000      0.00000      0.00000
MINI CONSTR>        0.00321      0.00000      0.00000      0.00000      0.00000
 ----------       ---------    ---------    ---------    ---------    ---------
MINI>      220     27.53603      0.00000      0.00292      0.00000
MINI INTERN>        0.15812      0.07066      0.35102     -0.00000      0.00000
MINI EXTERN>       25.47697      1.47605      0.00000      0.00000      0.00000
MINI CONSTR>        0.00321      0.00000      0.00000      0.00000      0.00000
 ----------       ---------    ---------    ---------    ---------    ---------
MINI>      230     27.53603      0.00000      0.00070      0.00000
MINI INTERN>        0.15812      0.07066      0.35102      0.00000      0.00000
MINI EXTERN>       25.47697      1.47605      0.00000      0.00000      0.00000
MINI CONSTR>        0.00321      0.00000      0.00000      0.00000      0.00000
 ----------       ---------    ---------    ---------    ---------    ---------
MINI>      240     27.53603      0.00000      0.00041      0.00000
MINI INTERN>        0.15812      0.07066      0.35102      0.00000      0.00000
MINI EXTERN>       25.47697      1.47605      0.00000      0.00000      0.00000
MINI CONSTR>        0.00321      0.00000      0.00000      0.00000      0.00000
 ----------       ---------    ---------    ---------    ---------    ---------
MINI>      250     27.53603      0.00000      0.00040      0.00000
MINI INTERN>        0.15812      0.07066      0.35102     -0.00000      0.00000
MINI EXTERN>       25.47697      1.47605      0.00000      0.00000      0.00000
MINI CONSTR>        0.00321      0.00000      0.00000      0.00000      0.00000
 ----------       ---------    ---------    ---------    ---------    ---------
MINI>      260     27.53603      0.00000      0.00039      0.00000
MINI INTERN>        0.15812      0.07066      0.35102     -0.00000      0.00000
MINI EXTERN>       25.47697      1.47605      0.00000      0.00000      0.00000
MINI CONSTR>        0.00321      0.00000      0.00000      0.00000      0.00000
 ----------       ---------    ---------    ---------    ---------    ---------
MINI>      270     27.53603      0.00000      0.00038      0.00000
MINI INTERN>        0.15812      0.07066      0.35102      0.00000      0.00000
MINI EXTERN>       25.47697      1.47605      0.00000      0.00000      0.00000
MINI CONSTR>        0.00321      0.00000      0.00000      0.00000      0.00000
 ----------       ---------    ---------    ---------    ---------    ---------
MINI>      280     27.53603      0.00000      0.00037      0.00000
MINI INTERN>        0.15812      0.07066      0.35102      0.00000      0.00000
MINI EXTERN>       25.47697      1.47605      0.00000      0.00000      0.00000
MINI CONSTR>        0.00321      0.00000      0.00000      0.00000      0.00000
 ----------       ---------    ---------    ---------    ---------    ---------
MINI>      290     27.53603      0.00000      0.00036      0.00000
MINI INTERN>        0.15812      0.07066      0.35102      0.00000      0.00000
MINI EXTERN>       25.47697      1.47605      0.00000      0.00000      0.00000
MINI CONSTR>        0.00321      0.00000      0.00000      0.00000      0.00000
 ----------       ---------    ---------    ---------    ---------    ---------
MINI>      300     27.53603      0.00000      0.00036      0.00000
MINI INTERN>        0.15812      0.07066      0.35102      0.00000      0.00000
MINI EXTERN>       25.47697      1.47605      0.00000      0.00000      0.00000
MINI CONSTR>        0.00321      0.00000      0.00000      0.00000      0.00000
 ----------       ---------    ---------    ---------    ---------    ---------
MINI>      310     27.53603      0.00000      0.00057      0.00000
MINI INTERN>        0.15812      0.07066      0.35102      0.00000      0.00000
MINI EXTERN>       25.47697      1.47605      0.00000      0.00000      0.00000
MINI CONSTR>        0.00321      0.00000      0.00000      0.00000      0.00000
 ----------       ---------    ---------    ---------    ---------    ---------
MINI>      320     27.53603      0.00000      0.00055      0.00000
MINI INTERN>        0.15812      0.07066      0.35102      0.00000      0.00000
MINI EXTERN>       25.47697      1.47605      0.00000      0.00000      0.00000
MINI CONSTR>        0.00321      0.00000      0.00000      0.00000      0.00000
 ----------       ---------    ---------    ---------    ---------    ---------
MINI>      330     27.53603      0.00000      0.00052      0.00000
MINI INTERN>        0.15812      0.07066      0.35102      0.00000      0.00000
MINI EXTERN>       25.47697      1.47605      0.00000      0.00000      0.00000
MINI CONSTR>        0.00321      0.00000      0.00000      0.00000      0.00000
 ----------       ---------    ---------    ---------    ---------    ---------
MINI>      340     27.53603      0.00000      0.00046      0.00000
MINI INTERN>        0.15812      0.07066      0.35102     -0.00000      0.00000
MINI EXTERN>       25.47697      1.47605      0.00000      0.00000      0.00000
MINI CONSTR>        0.00321      0.00000      0.00000      0.00000      0.00000
 ----------       ---------    ---------    ---------    ---------    ---------
MINI>      350     27.53603      0.00000      0.00046      0.00000
MINI INTERN>        0.15812      0.07066      0.35102     -0.00000      0.00000
MINI EXTERN>       25.47697      1.47605      0.00000      0.00000      0.00000
MINI CONSTR>        0.00321      0.00000      0.00000      0.00000      0.00000
 ----------       ---------    ---------    ---------    ---------    ---------
MINI>      360     27.53603      0.00000      0.00045      0.00000
MINI INTERN>        0.15812      0.07066      0.35102     -0.00000      0.00000
MINI EXTERN>       25.47697      1.47605      0.00000      0.00000      0.00000
MINI CONSTR>        0.00321      0.00000      0.00000      0.00000      0.00000
 ----------       ---------    ---------    ---------    ---------    ---------
MINI>      370     27.53603      0.00000      0.00046      0.00000
MINI INTERN>        0.15812      0.07066      0.35102     -0.00000      0.00000
MINI EXTERN>       25.47697      1.47605      0.00000      0.00000      0.00000
MINI CONSTR>        0.00321      0.00000      0.00000      0.00000      0.00000
 ----------       ---------    ---------    ---------    ---------    ---------
MINI>      380     27.53603      0.00000      0.00044      0.00000
MINI INTERN>        0.15812      0.07066      0.35102     -0.00000      0.00000
MINI EXTERN>       25.47697      1.47605      0.00000      0.00000      0.00000
MINI CONSTR>        0.00321      0.00000      0.00000      0.00000      0.00000
 ----------       ---------    ---------    ---------    ---------    ---------
MINI>      390     27.53603      0.00000      0.00043      0.00000
MINI INTERN>        0.15812      0.07066      0.35102      0.00000      0.00000
MINI EXTERN>       25.47697      1.47605      0.00000      0.00000      0.00000
MINI CONSTR>        0.00321      0.00000      0.00000      0.00000      0.00000
 ----------       ---------    ---------    ---------    ---------    ---------
MINI>      400     27.53603      0.00000      0.00041      0.00000
MINI INTERN>        0.15812      0.07066      0.35102     -0.00000      0.00000
MINI EXTERN>       25.47697      1.47605      0.00000      0.00000      0.00000
MINI CONSTR>        0.00321      0.00000      0.00000      0.00000      0.00000
 ----------       ---------    ---------    ---------    ---------    ---------
MINI>      410     27.53603      0.00000      0.00040      0.00000
MINI INTERN>        0.15812      0.07066      0.35102     -0.00000      0.00000
MINI EXTERN>       25.47697      1.47605      0.00000      0.00000      0.00000
MINI CONSTR>        0.00321      0.00000      0.00000      0.00000      0.00000
 ----------       ---------    ---------    ---------    ---------    ---------
MINI>      420     27.53603      0.00000      0.00039      0.00000
MINI INTERN>        0.15812      0.07066      0.35102      0.00000      0.00000
MINI EXTERN>       25.47697      1.47605      0.00000      0.00000      0.00000
MINI CONSTR>        0.00321      0.00000      0.00000      0.00000      0.00000
 ----------       ---------    ---------    ---------    ---------    ---------
MINI>      430     27.53603      0.00000      0.00038      0.00000
MINI INTERN>        0.15812      0.07066      0.35102     -0.00000      0.00000
MINI EXTERN>       25.47697      1.47605      0.00000      0.00000      0.00000
MINI CONSTR>        0.00321      0.00000      0.00000      0.00000      0.00000
 ----------       ---------    ---------    ---------    ---------    ---------
MINI>      440     27.53603      0.00000      0.00037      0.00000
MINI INTERN>        0.15812      0.07066      0.35102      0.00000      0.00000
MINI EXTERN>       25.47697      1.47605      0.00000      0.00000      0.00000
MINI CONSTR>        0.00321      0.00000      0.00000      0.00000      0.00000
 ----------       ---------    ---------    ---------    ---------    ---------
MINI>      450     27.53603      0.00000      0.00036      0.00000
MINI INTERN>        0.15812      0.07066      0.35102      0.00000      0.00000
MINI EXTERN>       25.47697      1.47605      0.00000      0.00000      0.00000
MINI CONSTR>        0.00321      0.00000      0.00000      0.00000      0.00000
 ----------       ---------    ---------    ---------    ---------    ---------
MINI>      460     27.53603      0.00000      0.00035      0.00000
MINI INTERN>        0.15812      0.07066      0.35102     -0.00000      0.00000
MINI EXTERN>       25.47697      1.47605      0.00000      0.00000      0.00000
MINI CONSTR>        0.00321      0.00000      0.00000      0.00000      0.00000
 ----------       ---------    ---------    ---------    ---------    ---------
MINI>      470     27.53603      0.00000      0.00058      0.00000
MINI INTERN>        0.15812      0.07066      0.35102      0.00000      0.00000
MINI EXTERN>       25.47697      1.47605      0.00000      0.00000      0.00000
MINI CONSTR>        0.00321      0.00000      0.00000      0.00000      0.00000
 ----------       ---------    ---------    ---------    ---------    ---------
MINI>      480     27.53603      0.00000      0.00055      0.00000
MINI INTERN>        0.15812      0.07066      0.35102     -0.00000      0.00000
MINI EXTERN>       25.47697      1.47605      0.00000      0.00000      0.00000
MINI CONSTR>        0.00321      0.00000      0.00000      0.00000      0.00000
 ----------       ---------    ---------    ---------    ---------    ---------
MINI>      490     27.53603      0.00000      0.00052      0.00000
MINI INTERN>        0.15812      0.07066      0.35102      0.00000      0.00000
MINI EXTERN>       25.47697      1.47605      0.00000      0.00000      0.00000
MINI CONSTR>        0.00321      0.00000      0.00000      0.00000      0.00000
 ----------       ---------    ---------    ---------    ---------    ---------
MINI>      500     27.53603      0.00000      0.00050      0.00000
MINI INTERN>        0.15812      0.07066      0.35102     -0.00000      0.00000
MINI EXTERN>       25.47697      1.47605      0.00000      0.00000      0.00000
MINI CONSTR>        0.00321      0.00000      0.00000      0.00000      0.00000
 ----------       ---------    ---------    ---------    ---------    ---------

 ABNER> Minimization exiting with number of steps limit (  500) exceeded.

ABNR MIN: Cycle      ENERgy      Delta-E         GRMS    Step-size
ABNR INTERN:          BONDs       ANGLes       UREY-b    DIHEdrals    IMPRopers
ABNR EXTERN:        VDWaals         ELEC       HBONds          ASP         USER
ABNR CONSTR:       HARMonic    CDIHedral          CIC     RESDistance       NOE
 ----------       ---------    ---------    ---------    ---------    ---------
ABNR>      500     27.53603      0.00000      0.00050      0.00000
ABNR INTERN>        0.15812      0.07066      0.35102     -0.00000      0.00000
ABNR EXTERN>       25.47697      1.47605      0.00000      0.00000      0.00000
ABNR CONSTR>        0.00321      0.00000      0.00000      0.00000      0.00000
 ----------       ---------    ---------    ---------    ---------    ---------
  
 CHARMM>    cons harm force 0.0 sele all end
 SELRPN>     20 atoms have been selected out of     20
 CSTRAN: Harmonic Restraints
          ABSOlute type as set number  1.  Number of selected atoms:     20
          Reference coordinates set to main coordinates.
          Mass weighting will NOT be used for new restraints.
          The force constant of       0.00000 will be used.
          An exponent of  2 will be used.
          The XYZ scale factors are:       1.00000       1.00000       1.00000
          A total of      0 atoms are restrained.
  
 CHARMM>     
  
 CHARMM>    ! Do minimization
 CHARMM>    MINI SD nstep 200 tolgrd 0.00001

 NONBOND OPTION FLAGS: 
     ELEC     VDW      ATOMs    CDIElec  SWITch   VATOm    VSWItch 
     BYGRoup  NOEXtnd  NOEWald 
 CUTNB  = 16.000 CTEXNB =999.000 CTONNB = 10.000 CTOFNB = 12.000
 CGONNB =  0.000 CGOFNB = 10.000
 WMIN   =  1.500 WRNMXD =  0.500 E14FAC =  1.000 EPS    =  1.000
 NBXMOD =      5
 There are       85 atom  pairs and      159 atom  exclusions.
 There are        0 group pairs and        0 group exclusions.
 Generating nonbond list with Exclusion mode = 5
 == PRIMARY == SPACE FOR      801 ATOM PAIRS AND        0 GROUP PAIRS

 General atom nonbond list generation found:
       85 ATOM PAIRS WERE FOUND FOR ATOM LIST
        0 GROUP PAIRS REQUIRED ATOM SEARCHES



 STEEPD> An energy minimization has been requested.

 NSTEP  =          200   NPRINT =           10
 STEP   =    0.0200000   TOLFUN =    0.0000000
 TOLGRD =    0.0000100   TOLSTP =    0.0000000

MINI MIN: Cycle      ENERgy      Delta-E         GRMS    Step-size
MINI INTERN:          BONDs       ANGLes       UREY-b    DIHEdrals    IMPRopers
MINI EXTERN:        VDWaals         ELEC       HBONds          ASP         USER
 ----------       ---------    ---------    ---------    ---------    ---------
MINI>        0     27.53281      0.00321     15.02292      0.02000
MINI INTERN>        0.15812      0.07066      0.35102     -0.00000      0.00000
MINI EXTERN>       25.47697      1.47605      0.00000      0.00000      0.00000
 ----------       ---------    ---------    ---------    ---------    ---------
MINI>       10     22.16782      5.36500      2.93331      0.00156
MINI INTERN>        2.70451      0.04084      0.19137     -0.00000      0.00000
MINI EXTERN>       17.81967      1.41143      0.00000      0.00000      0.00000
 ----------       ---------    ---------    ---------    ---------    ---------
MINI>       20     22.04399      0.12382      0.55431      0.00029
MINI INTERN>        2.84762      0.03670      0.25127     -0.00000      0.00000
MINI EXTERN>       17.45214      1.45626      0.00000      0.00000      0.00000
 ----------       ---------    ---------    ---------    ---------    ---------
MINI>       30     22.03651      0.00748      0.30237      0.00013
MINI INTERN>        2.95038      0.03608      0.26979      0.00000      0.00000
MINI EXTERN>       17.32504      1.45522      0.00000      0.00000      0.00000
 ----------       ---------    ---------    ---------    ---------    ---------
MINI>       40     22.03417      0.00235      0.26294      0.00014
MINI INTERN>        2.94456      0.03501      0.26975      0.00000      0.00000
MINI EXTERN>       17.32538      1.45947      0.00000      0.00000      0.00000
 ----------       ---------    ---------    ---------    ---------    ---------
MINI>       50     22.03270      0.00147      0.16308      0.00006
MINI INTERN>        2.95007      0.03345      0.26981     -0.00000      0.00000
MINI EXTERN>       17.32420      1.45518      0.00000      0.00000      0.00000
 ----------       ---------    ---------    ---------    ---------    ---------
MINI>       60     22.03217      0.00054      0.17753      0.00007
MINI INTERN>        2.95264      0.03310      0.27024      0.00000      0.00000
MINI EXTERN>       17.32056      1.45563      0.00000      0.00000      0.00000
 ----------       ---------    ---------    ---------    ---------    ---------
MINI>       70     22.03165      0.00051      0.04883      0.00003
MINI INTERN>        2.93308      0.03290      0.26756     -0.00000      0.00000
MINI EXTERN>       17.33977      1.45834      0.00000      0.00000      0.00000
 ----------       ---------    ---------    ---------    ---------    ---------
MINI>       80     22.03147      0.00018      0.08232      0.00003
MINI INTERN>        2.92947      0.03274      0.26705      0.00000      0.00000
MINI EXTERN>       17.34331      1.45890      0.00000      0.00000      0.00000
 ----------       ---------    ---------    ---------    ---------    ---------
MINI>       90     22.03131      0.00016      0.01952      0.00001
MINI INTERN>        2.93741      0.03261      0.26814      0.00000      0.00000
MINI EXTERN>       17.33528      1.45787      0.00000      0.00000      0.00000
 ----------       ---------    ---------    ---------    ---------    ---------
MINI>      100     22.03123      0.00008      0.02354      0.00002
MINI INTERN>        2.93856      0.03254      0.26829      0.00000      0.00000
MINI EXTERN>       17.33410      1.45774      0.00000      0.00000      0.00000
 ----------       ---------    ---------    ---------    ---------    ---------
MINI>      110     22.03118      0.00005      0.01257      0.00001
MINI INTERN>        2.93628      0.03250      0.26798      0.00000      0.00000
MINI EXTERN>       17.33637      1.45805      0.00000      0.00000      0.00000
 ----------       ---------    ---------    ---------    ---------    ---------
MINI>      120     22.03115      0.00003      0.00924      0.00001
MINI INTERN>        2.93655      0.03248      0.26801     -0.00000      0.00000
MINI EXTERN>       17.33609      1.45802      0.00000      0.00000      0.00000
 ----------       ---------    ---------    ---------    ---------    ---------
MINI>      130     22.03113      0.00002      0.02250      0.00001
MINI INTERN>        2.93484      0.03247      0.26778      0.00000      0.00000
MINI EXTERN>       17.33780      1.45825      0.00000      0.00000      0.00000
 ----------       ---------    ---------    ---------    ---------    ---------
MINI>      140     22.03112      0.00001      0.00639      0.00000
MINI INTERN>        2.93716      0.03245      0.26809     -0.00000      0.00000
MINI EXTERN>       17.33547      1.45794      0.00000      0.00000      0.00000
 ----------       ---------    ---------    ---------    ---------    ---------
MINI>      150     22.03111      0.00001      0.01004      0.00000
MINI INTERN>        2.93767      0.03244      0.26817      0.00000      0.00000
MINI EXTERN>       17.33495      1.45788      0.00000      0.00000      0.00000
 ----------       ---------    ---------    ---------    ---------    ---------
MINI>      160     22.03111      0.00000      0.01051      0.00000
MINI INTERN>        2.93775      0.03244      0.26818     -0.00000      0.00000
MINI EXTERN>       17.33487      1.45787      0.00000      0.00000      0.00000
 ----------       ---------    ---------    ---------    ---------    ---------
MINI>      170     22.03111      0.00000      0.00268      0.00000
MINI INTERN>        2.93675      0.03244      0.26804      0.00000      0.00000
MINI EXTERN>       17.33587      1.45800      0.00000      0.00000      0.00000
 ----------       ---------    ---------    ---------    ---------    ---------
MINI>      180     22.03110      0.00000      0.00536      0.00000
MINI INTERN>        2.93636      0.03244      0.26798      0.00000      0.00000
MINI EXTERN>       17.33626      1.45805      0.00000      0.00000      0.00000
 ----------       ---------    ---------    ---------    ---------    ---------
MINI>      190     22.03110      0.00000      0.00559      0.00000
MINI INTERN>        2.93633      0.03244      0.26798      0.00000      0.00000
MINI EXTERN>       17.33630      1.45806      0.00000      0.00000      0.00000
 ----------       ---------    ---------    ---------    ---------    ---------
MINI>      200     22.03110      0.00000      0.00130      0.00000
MINI INTERN>        2.93687      0.03244      0.26805      0.00000      0.00000
MINI EXTERN>       17.33576      1.45798      0.00000      0.00000      0.00000
 ----------       ---------    ---------    ---------    ---------    ---------

 STEEPD> Minimization exiting with number of steps limit (       200) exceeded.

STPD MIN: Cycle      ENERgy      Delta-E         GRMS    Step-size
STPD INTERN:          BONDs       ANGLes       UREY-b    DIHEdrals    IMPRopers
STPD EXTERN:        VDWaals         ELEC       HBONds          ASP         USER
 ----------       ---------    ---------    ---------    ---------    ---------
STPD>      200     22.03110      0.00000      0.00130      0.00000
STPD INTERN>        2.93687      0.03244      0.26805      0.00000      0.00000
STPD EXTERN>       17.33576      1.45798      0.00000      0.00000      0.00000
 ----------       ---------    ---------    ---------    ---------    ---------
  
 CHARMM>    MINI ABNR nstep 500 tolgrd 0.00001

 NONBOND OPTION FLAGS: 
     ELEC     VDW      ATOMs    CDIElec  SWITch   VATOm    VSWItch 
     BYGRoup  NOEXtnd  NOEWald 
 CUTNB  = 16.000 CTEXNB =999.000 CTONNB = 10.000 CTOFNB = 12.000
 CGONNB =  0.000 CGOFNB = 10.000
 WMIN   =  1.500 WRNMXD =  0.500 E14FAC =  1.000 EPS    =  1.000
 NBXMOD =      5
 There are       85 atom  pairs and      159 atom  exclusions.
 There are        0 group pairs and        0 group exclusions.
 Generating nonbond list with Exclusion mode = 5
 == PRIMARY == SPACE FOR      801 ATOM PAIRS AND        0 GROUP PAIRS

 General atom nonbond list generation found:
       85 ATOM PAIRS WERE FOUND FOR ATOM LIST
        0 GROUP PAIRS REQUIRED ATOM SEARCHES



 ABNER> An energy minimization has been requested.

 EIGRNG =    0.0005000   MINDIM =            5
 NPRINT =           10   NSTEP  =          500
 PSTRCT =    0.0000000   SDSTP  =    0.0200000
 STPLIM =    1.0000000   STRICT =    0.1000000
 TOLFUN =    0.0000000   TOLGRD =    0.0000100
 TOLITR =          100   TOLSTP =    0.0000000
 FMEM   =    0.0000000
MINI MIN: Cycle      ENERgy      Delta-E         GRMS    Step-size
MINI INTERN:          BONDs       ANGLes       UREY-b    DIHEdrals    IMPRopers
MINI EXTERN:        VDWaals         ELEC       HBONds          ASP         USER
 ----------       ---------    ---------    ---------    ---------    ---------
MINI>        0     22.03110      0.00000      0.00130      0.00000
MINI INTERN>        2.93687      0.03244      0.26805      0.00000      0.00000
MINI EXTERN>       17.33576      1.45798      0.00000      0.00000      0.00000
 ----------       ---------    ---------    ---------    ---------    ---------
MINI>       10     22.05109     -0.01999      1.64567      0.00383
MINI INTERN>        3.06131      0.03241      0.28196      0.00000      0.00000
MINI EXTERN>       17.23855      1.43685      0.00000      0.00000      0.00000
 ----------       ---------    ---------    ---------    ---------    ---------
MINI>       20     22.03322      0.01787      0.49896      0.00133
MINI INTERN>        2.92830      0.03081      0.26552      0.00000      0.00000
MINI EXTERN>       17.35625      1.45233      0.00000      0.00000      0.00000
 ----------       ---------    ---------    ---------    ---------    ---------
MINI>       30     22.03138      0.00184      0.19962      0.00047
MINI INTERN>        2.95143      0.03228      0.27026     -0.00000      0.00000
MINI EXTERN>       17.32033      1.45707      0.00000      0.00000      0.00000
 ----------       ---------    ---------    ---------    ---------    ---------
MINI>       40     22.03114      0.00024      0.06914      0.00016
MINI INTERN>        2.93473      0.03248      0.26782      0.00000      0.00000
MINI EXTERN>       17.33748      1.45863      0.00000      0.00000      0.00000
 ----------       ---------    ---------    ---------    ---------    ---------
MINI>       50     22.03111      0.00003      0.01686      0.00006
MINI INTERN>        2.93696      0.03244      0.26809     -0.00000      0.00000
MINI EXTERN>       17.33552      1.45811      0.00000      0.00000      0.00000
 ----------       ---------    ---------    ---------    ---------    ---------
MINI>       60     22.03110      0.00000      0.00760      0.00002
MINI INTERN>        2.93615      0.03244      0.26796      0.00000      0.00000
MINI EXTERN>       17.33647      1.45810      0.00000      0.00000      0.00000
 ----------       ---------    ---------    ---------    ---------    ---------
MINI>       70     22.03110      0.00000      0.00213      0.00001
MINI INTERN>        2.93680      0.03244      0.26805      0.00000      0.00000
MINI EXTERN>       17.33581      1.45801      0.00000      0.00000      0.00000
 ----------       ---------    ---------    ---------    ---------    ---------
MINI>       80     22.03110      0.00000      0.00093      0.00000
MINI INTERN>        2.93682      0.03244      0.26805     -0.00000      0.00000
MINI EXTERN>       17.33581      1.45799      0.00000      0.00000      0.00000
 ----------       ---------    ---------    ---------    ---------    ---------
MINI>       90     22.03110      0.00000      0.00033      0.00000
MINI INTERN>        2.93681      0.03244      0.26805      0.00000      0.00000
MINI EXTERN>       17.33581      1.45800      0.00000      0.00000      0.00000
 ----------       ---------    ---------    ---------    ---------    ---------
MINI>      100     22.03110      0.00000      0.00011      0.00000
MINI INTERN>        2.93683      0.03244      0.26805     -0.00000      0.00000
MINI EXTERN>       17.33580      1.45799      0.00000      0.00000      0.00000
 ----------       ---------    ---------    ---------    ---------    ---------
MINI>      110     22.03110      0.00000      0.00003      0.00000
MINI INTERN>        2.93683      0.03244      0.26805     -0.00000      0.00000
MINI EXTERN>       17.33580      1.45799      0.00000      0.00000      0.00000
 ----------       ---------    ---------    ---------    ---------    ---------
MINI>      120     22.03110      0.00000      0.00001      0.00000
MINI INTERN>        2.93683      0.03244      0.26805      0.00000      0.00000
MINI EXTERN>       17.33580      1.45799      0.00000      0.00000      0.00000
 ----------       ---------    ---------    ---------    ---------    ---------

 ABNER> Minimization exiting with gradient tolerance ( 0.0000100) satisfied.

ABNR MIN: Cycle      ENERgy      Delta-E         GRMS    Step-size
ABNR INTERN:          BONDs       ANGLes       UREY-b    DIHEdrals    IMPRopers
ABNR EXTERN:        VDWaals         ELEC       HBONds          ASP         USER
 ----------       ---------    ---------    ---------    ---------    ---------
ABNR>      121     22.03110     -0.00000      0.00001      0.00000
ABNR INTERN>        2.93683      0.03244      0.26805      0.00000      0.00000
ABNR EXTERN>       17.33580      1.45799      0.00000      0.00000      0.00000
 ----------       ---------    ---------    ---------    ---------    ---------
  
 CHARMM>     
  
 CHARMM>     
  
 CHARMM>    if ?grms gt 0.00001 then
 RDCMND substituted energy or value "?GRMS" to "9.933902361E-06"
 Comparing "9.933902361E-06" and "0.00001".
 IF test evaluated as false.  Skip to ELSE or ENDIF
  
 CHARMM>     
  
 CHARMM>    write coor card name @residue_min.crd
 Parameter: RESIDUE -> "CHLB"
 VOPEN> Attempting to open::chlb_min.crd::
 RDTITL> WRITE COOR PDB NAME CHLB_MIN.PDB
 RDTITL> No title read.
 VCLOSE: Closing unit   90 with status "KEEP"
 VCLOSE: Closing unit   90 with status "KEEP"
  
 CHARMM>    write coor pdb name @residue_min.pdb
 Parameter: RESIDUE -> "CHLB"
 VOPEN> Attempting to open::chlb_min.pdb::
 RDTITL>  
 RDTITL> No title read.
  Write CHARMM-pdb format
 VCLOSE: Closing unit   90 with status "KEEP"
  
 CHARMM>     
  
 CHARMM>    !
 CHARMM>    ! Create gaussian file
 CHARMM>    !
 CHARMM>      open unit 10 write form name gauss_input/@residue_opt_freq_mp2.gjf
 Parameter: RESIDUE -> "CHLB"
 VOPEN> Attempting to open::gauss_input/chlb_opt_freq_mp2.gjf::
 OPNLGU> Unit 10 opened for WRITE access to gauss_input/chlb_opt_freq_mp2.gjf
  
 CHARMM>      prnlev 3
  
 CHARMM>      mmqm unit 10
  
  G94INP>   %chk=@residue_opt_freq_mp2
 Parameter: RESIDUE -> "CHLB"
  
  G94INP>   %mem=@gmem
 Parameter: GMEM -> "1200MB"
  
  G94INP>   %NProcShared=@gnproc
 Parameter: GNPROC -> "2"
  
  G94INP>   #MP2/aug-cc-pVDZ opt=(tight,maxcycle=200) pop=(mk,dipole) density=current
  
  G94INP>    
  
  G94INP>   @residue optimized at MP2/aug-cc-pvdz*
 Parameter: RESIDUE -> "CHLB"
  
  G94INP>    
  
  G94INP>   @charmult
 Parameter: CHARMULT -> "0 1"
  
  G94INP>   END
  
  G94INP>   GAUSSIAN_BASIS
  
  G94INP>    
  
  G94INP>    
  
  G94INP>   --link1--
  
  G94INP>   %chk=@residue_opt_freq_mp2
 Parameter: RESIDUE -> "CHLB"
  
  G94INP>   %mem=@gmem
 Parameter: GMEM -> "1200MB"
  
  G94INP>   %NProcShared=@gnproc
 Parameter: GNPROC -> "2"
  
  G94INP>   #MP2/aug-cc-pVDZ NOSYMM SCF=TIGHT GEOM=ALLCHECK FREQ IOP(7/33=1)
  
  G94INP>    
  
  G94INP>   @residue frequency
 Parameter: RESIDUE -> "CHLB"
  
  G94INP>    
  
  G94INP>   @charmult
 Parameter: CHARMULT -> "0 1"
  
  G94INP>    
  
  G94INP>    
  
  G94INP>    
  
  G94INP>    
  
  G94INP>   END
  
 CHARMM>      close unit 10
 VCLOSE: Closing unit   10 with status "KEEP"
  
 CHARMM>     
  
 CHARMM>    stop
$$$$$$  New timer profile $$$$$
   Shake time                      0.00 Other:            0.00
         Electrostatic & VDW             0.01 Other:            0.00
      Nonbond force                   0.02 Other:            0.01
         Bond energy                     0.00 Other:            0.00
         Angle energy                    0.00 Other:            0.00
         Dihedral energy                 0.01 Other:            0.00
         Restraints energy               0.00 Other:            0.00
      INTRNL energy                   0.01 Other:            0.00
   Energy time                     0.03 Other:            0.00
 Total time                      0.19 Other:            0.15

                    NORMAL TERMINATION BY NORMAL STOP
                    NO WARNINGS WERE ISSUED

                    $$$$$ JOB ACCOUNTING INFORMATION $$$$$
                     ELAPSED TIME:     0.19  SECONDS 
                         CPU TIME:     0.18  SECONDS 
