    -----------------------------------------------------------------------
          PSI4: An Open-Source Ab Initio Electronic Structure Package
                              PSI 4.0.0-beta5 Driver

    J. M. Turney, A. C. Simmonett, R. M. Parrish, E. G. Hohenstein,
    F. A. Evangelista, J. T. Fermann, B. J. Mintz, L. A. Burns, J. J. Wilke,
    M. L. Abrams, N. J. Russ, M. L. Leininger, C. L. Janssen, E. T. Seidl,
    W. D. Allen, H. F. Schaefer, R. A. King, E. F. Valeev, C. D. Sherrill,
    and T. D. Crawford, WIREs Comput. Mol. Sci., (2011) (doi: 10.1002/wcms.93)

                         Additional Contributions by
    A. E. DePrince, M. Saitow, U. Bozkaya, A. Yu. Sokolov
    -----------------------------------------------------------------------

    Process ID:  15541
    PSI4DATADIR: /opt/mackerell/apps/psi/4.0b5/share/psi

    Using LocalCommunicator (Number of processes = 1)

    Memory level set to 256.000 MB

  ==> Input File <==

--------------------------------------------------------------------------
# RI-MP2/cc-pVQZ//MP2/aug-cc-pvdz

memory 1000 mb

molecule clet_water_mp2_H13 {
0 1 
 C       -0.349041   0.443894   0.494782
Cl       -1.251243   -1.015656   -0.082733
 H       -0.532727   0.508024   1.575492
 H       0.714339   0.234750   0.317950
 C       -0.815414   1.691865   -0.238900
 H       -0.252238   2.565129   0.129816
 H       -0.644082   1.594140   -1.320737
 H       -1.887413   1.866596   -0.066962
--
0 1 
 O       2.972525   -0.209387   -0.057570
 H       3.722850   0.100887   0.449356
 H       3.356932   -0.742839   -0.753194
}

set basis cc-pvqz
set df_basis_scf cc-pvqz-jkfit
set df_basis_mp2 cc-pvqz-ri
set guess sad
set scf_type df
set freeze_core True
cp('df-mp2')


--------------------------------------------------------------------------

  Memory set to 1000.000 MiB by Python script.

  //>>>>>>>>>>>>>>>>>>>>>>>>>>>>>>>>>>>//
  //      CP Computation: Complex.     //
  //          Full Basis Set.          //
  //<<<<<<<<<<<<<<<<<<<<<<<<<<<<<<<<<<<//


*** tstart() called on n087
*** at Fri Apr  8 11:43:14 2016


         ---------------------------------------------------------
                                   SCF
            by Justin Turney, Rob Parrish, and Andy Simmonett
                              RHF Reference
                        4 Threads,   1000 MiB Core
         ---------------------------------------------------------

  ==> Geometry <==

    Molecular point group: c1
    Full point group: C1

    Geometry (in Angstrom), charge = 0, multiplicity = 1:

       Center              X                  Y                   Z       
    ------------   -----------------  -----------------  -----------------
           C         -0.279910172490     0.529993014775     0.499768733286
          CL         -1.182112172490    -0.929556985225    -0.077746266714
           H         -0.463596172490     0.594123014775     1.580478733286
           H          0.783469827510     0.320849014775     0.322936733286
           C         -0.746283172490     1.777964014775    -0.233913266714
           H         -0.183107172490     2.651228014775     0.134802733286
           H         -0.574951172490     1.680239014775    -1.315750266714
           H         -1.818282172490     1.952695014775    -0.061975266714
           O          3.041655827510    -0.123287985225    -0.052583266714
           H          3.791980827510     0.186986014775     0.454342733286
           H          3.426062827510    -0.656739985225    -0.748207266714

  Running in c1 symmetry.

  Nuclear repulsion =  154.977411086134964

  Charge       = 0
  Multiplicity = 1
  Electrons    = 44
  Nalpha       = 22
  Nbeta        = 22

  ==> Algorithm <==

  SCF Algorithm Type is DF.
  DIIS enabled.
  MOM disabled.
  Fractional occupation disabled.
  Guess Type is SAD.
  Energy threshold   = 1.00e-08
  Density threshold  = 1.00e-08
  Integral threshold = 0.00e+00

  ==> Primary Basis <==

  Basis Set: CC-PVQZ
    Number of shells: 132
    Number of basis function: 434
    Number of Cartesian functions: 529
    Spherical Harmonics?: true
    Max angular momentum: 4

  ==> Pre-Iterations <==

   -------------------------------------------------------
    Irrep   Nso     Nmo     Nalpha   Nbeta   Ndocc  Nsocc
   -------------------------------------------------------
     A        434     434       0       0       0       0
   -------------------------------------------------------
    Total     434     434      22      22      22       0
   -------------------------------------------------------

 OEINTS: Wrapper to libmints.
   by Justin Turney

   Calculation information:
      Number of atoms:                  11
      Number of AO shells:             132
      Number of SO shells:             132
      Number of primitives:            250
      Number of atomic orbitals:       529
      Number of basis functions:       434

      Number of irreps:                  1
      Number of functions per irrep: [ 434 ]

      Overlap, kinetic, potential, dipole, and quadrupole integrals
        stored in file 35.

  ==> Integral Setup <==

  ==> DFJK: Density-Fitted J/K Matrices <==

    J tasked:                  Yes
    K tasked:                  Yes
    wK tasked:                  No
    OpenMP threads:              4
    Integrals threads:           4
    Memory (MB):               715
    Algorithm:                Core
    Integral Cache:           SAVE
    Schwarz Cutoff:          1E-12
    Fitting Condition:       1E-12

   => Auxiliary Basis Set <=

  Basis Set: cc-pvqz-jkfit
    Number of shells: 215
    Number of basis function: 823
    Number of Cartesian functions: 1079
    Spherical Harmonics?: true
    Max angular momentum: 5

  Minimum eigenvalue in the overlap matrix is 1.3520490521E-04.
  Using Symmetric Orthogonalization.
  SCF Guess: Superposition of Atomic Densities via on-the-fly atomic UHF.

  ==> Iterations <==

                           Total Energy        Delta E     RMS |[F,P]|

   @DF-RHF iter   0:  -614.92708269385844   -6.14927e+02   7.62824e-03 
   @DF-RHF iter   1:  -614.16862437662235    7.58458e-01   9.13000e-04 
   @DF-RHF iter   2:  -614.25506892251383   -8.64445e-02   4.42541e-04 DIIS
   @DF-RHF iter   3:  -614.27039849651692   -1.53296e-02   1.31798e-04 DIIS
   @DF-RHF iter   4:  -614.27329930212727   -2.90081e-03   3.45898e-05 DIIS
   @DF-RHF iter   5:  -614.27358744974708   -2.88148e-04   1.17735e-05 DIIS
   @DF-RHF iter   6:  -614.27362140381456   -3.39541e-05   3.72418e-06 DIIS
   @DF-RHF iter   7:  -614.27362521429382   -3.81048e-06   1.29539e-06 DIIS
   @DF-RHF iter   8:  -614.27362558546679   -3.71173e-07   4.17785e-07 DIIS
   @DF-RHF iter   9:  -614.27362562508415   -3.96174e-08   1.03172e-07 DIIS
   @DF-RHF iter  10:  -614.27362562837925   -3.29510e-09   2.61407e-08 DIIS
   @DF-RHF iter  11:  -614.27362562858707   -2.07820e-10   7.73273e-09 DIIS

  ==> Post-Iterations <==

	Orbital Energies (a.u.)
	-----------------------

	Doubly Occupied:                                                      

	   1A   -104.803469     2A    -20.572931     3A    -11.277922  
	   4A    -11.224785     5A    -10.529184     6A     -7.996200  
	   7A     -7.994656     8A     -7.994628     9A     -1.363182  
	  10A     -1.115222    11A     -0.984095    12A     -0.824823  
	  13A     -0.727655    14A     -0.634477    15A     -0.600302  
	  16A     -0.589731    17A     -0.543354    18A     -0.521858  
	  19A     -0.512692    20A     -0.488981    21A     -0.417837  
	  22A     -0.415961  

	Virtual:                                                              

	  23A      0.102578    24A      0.129082    25A      0.153875  
	  26A      0.163212    27A      0.184782    28A      0.187787  
	  29A      0.200067    30A      0.235476    31A      0.270910  
	  32A      0.288420    33A      0.314222    34A      0.324159  
	  35A      0.339016    36A      0.370408    37A      0.376721  
	  38A      0.398434    39A      0.406828    40A      0.455591  
	  41A      0.462482    42A      0.473909    43A      0.481724  
	  44A      0.500422    45A      0.510815    46A      0.520692  
	  47A      0.535521    48A      0.546090    49A      0.551411  
	  50A      0.577785    51A      0.589526    52A      0.595459  
	  53A      0.625127    54A      0.629181    55A      0.634660  
	  56A      0.647449    57A      0.705861    58A      0.723054  
	  59A      0.747137    60A      0.771449    61A      0.786064  
	  62A      0.788693    63A      0.810556    64A      0.861348  
	  65A      0.867256    66A      0.882232    67A      0.906613  
	  68A      0.921412    69A      0.939268    70A      0.945310  
	  71A      0.970644    72A      0.985157    73A      0.993938  
	  74A      1.012240    75A      1.023128    76A      1.050086  
	  77A      1.078824    78A      1.093606    79A      1.107079  
	  80A      1.124295    81A      1.139358    82A      1.153504  
	  83A      1.166929    84A      1.184267    85A      1.187183  
	  86A      1.201228    87A      1.238561    88A      1.249786  
	  89A      1.304653    90A      1.314497    91A      1.413131  
	  92A      1.436712    93A      1.465307    94A      1.471182  
	  95A      1.545604    96A      1.548570    97A      1.555344  
	  98A      1.575235    99A      1.583912   100A      1.610103  
	 101A      1.625126   102A      1.646167   103A      1.652968  
	 104A      1.660959   105A      1.693011   106A      1.710923  
	 107A      1.725390   108A      1.768143   109A      1.776706  
	 110A      1.787206   111A      1.801826   112A      1.848490  
	 113A      1.857524   114A      1.870685   115A      1.906713  
	 116A      1.939684   117A      1.965018   118A      1.972545  
	 119A      2.010549   120A      2.024435   121A      2.048799  
	 122A      2.054954   123A      2.072002   124A      2.099461  
	 125A      2.114753   126A      2.152816   127A      2.179848  
	 128A      2.191294   129A      2.195508   130A      2.210490  
	 131A      2.245120   132A      2.277760   133A      2.281683  
	 134A      2.291695   135A      2.306813   136A      2.330965  
	 137A      2.345799   138A      2.358147   139A      2.394233  
	 140A      2.402328   141A      2.425738   142A      2.435281  
	 143A      2.455827   144A      2.497309   145A      2.520917  
	 146A      2.530878   147A      2.544379   148A      2.567939  
	 149A      2.576606   150A      2.589764   151A      2.601694  
	 152A      2.636113   153A      2.667691   154A      2.672346  
	 155A      2.677477   156A      2.698971   157A      2.712399  
	 158A      2.722635   159A      2.770108   160A      2.791700  
	 161A      2.804143   162A      2.820506   163A      2.833409  
	 164A      2.846849   165A      2.872012   166A      2.881029  
	 167A      2.905488   168A      2.947113   169A      2.971284  
	 170A      3.041064   171A      3.046736   172A      3.080959  
	 173A      3.085640   174A      3.124303   175A      3.127400  
	 176A      3.135529   177A      3.148459   178A      3.168544  
	 179A      3.252792   180A      3.289878   181A      3.316474  
	 182A      3.334930   183A      3.350960   184A      3.359928  
	 185A      3.386895   186A      3.400950   187A      3.424748  
	 188A      3.450397   189A      3.478173   190A      3.521721  
	 191A      3.536604   192A      3.582371   193A      3.585684  
	 194A      3.620759   195A      3.697088   196A      3.733414  
	 197A      3.788377   198A      3.799235   199A      3.822740  
	 200A      3.846359   201A      3.900314   202A      3.918172  
	 203A      3.944213   204A      3.967152   205A      3.998005  
	 206A      4.006730   207A      4.011546   208A      4.046943  
	 209A      4.105048   210A      4.108909   211A      4.113117  
	 212A      4.147007   213A      4.165318   214A      4.179825  
	 215A      4.186937   216A      4.193542   217A      4.198552  
	 218A      4.210217   219A      4.221146   220A      4.257437  
	 221A      4.269808   222A      4.293460   223A      4.362039  
	 224A      4.396416   225A      4.407411   226A      4.440761  
	 227A      4.443912   228A      4.496908   229A      4.536194  
	 230A      4.545777   231A      4.586863   232A      4.649170  
	 233A      4.668999   234A      4.714115   235A      4.741947  
	 236A      4.743734   237A      4.813563   238A      4.888511  
	 239A      4.903986   240A      4.915416   241A      4.972457  
	 242A      5.383345   243A      5.394810   244A      5.499977  
	 245A      5.544850   246A      5.577420   247A      5.581872  
	 248A      5.696871   249A      5.706882   250A      5.743990  
	 251A      5.752271   252A      5.843436   253A      5.900378  
	 254A      5.964025   255A      5.982404   256A      6.013723  
	 257A      6.041226   258A      6.090289   259A      6.104330  
	 260A      6.117364   261A      6.200586   262A      6.206810  
	 263A      6.221553   264A      6.236292   265A      6.238111  
	 266A      6.254596   267A      6.256714   268A      6.265680  
	 269A      6.306893   270A      6.323612   271A      6.332099  
	 272A      6.381661   273A      6.394956   274A      6.430004  
	 275A      6.436572   276A      6.459999   277A      6.474775  
	 278A      6.503802   279A      6.512616   280A      6.526609  
	 281A      6.549723   282A      6.571193   283A      6.611932  
	 284A      6.619426   285A      6.654889   286A      6.720101  
	 287A      6.725274   288A      6.749690   289A      6.762231  
	 290A      6.793595   291A      6.802989   292A      6.846202  
	 293A      6.933032   294A      6.944248   295A      7.012381  
	 296A      7.043537   297A      7.058826   298A      7.080592  
	 299A      7.098642   300A      7.117311   301A      7.224868  
	 302A      7.241857   303A      7.273262   304A      7.292855  
	 305A      7.309736   306A      7.316609   307A      7.347465  
	 308A      7.360793   309A      7.393506   310A      7.425728  
	 311A      7.426371   312A      7.534155   313A      7.553891  
	 314A      7.591943   315A      7.596608   316A      7.614684  
	 317A      7.658566   318A      7.683753   319A      7.727278  
	 320A      7.783759   321A      7.807549   322A      7.850401  
	 323A      7.879324   324A      7.897753   325A      7.919676  
	 326A      7.942930   327A      7.957518   328A      7.990538  
	 329A      8.014941   330A      8.056734   331A      8.071741  
	 332A      8.079602   333A      8.111990   334A      8.139474  
	 335A      8.141929   336A      8.169678   337A      8.191413  
	 338A      8.226014   339A      8.237854   340A      8.270050  
	 341A      8.283757   342A      8.307526   343A      8.320461  
	 344A      8.334973   345A      8.357986   346A      8.379839  
	 347A      8.399924   348A      8.459443   349A      8.488145  
	 350A      8.526016   351A      8.543568   352A      8.625695  
	 353A      8.644311   354A      8.659052   355A      8.753233  
	 356A      8.762051   357A      8.762999   358A      8.764164  
	 359A      8.836426   360A      8.859343   361A      8.874075  
	 362A      8.886850   363A      8.910461   364A      8.920286  
	 365A      8.954753   366A      9.001936   367A      9.024323  
	 368A      9.053790   369A      9.109260   370A      9.111860  
	 371A      9.147636   372A      9.156214   373A      9.235008  
	 374A      9.312865   375A      9.314657   376A      9.363942  
	 377A      9.399742   378A      9.411409   379A      9.425071  
	 380A      9.436069   381A      9.439212   382A      9.480861  
	 383A      9.542773   384A      9.608526   385A      9.961894  
	 386A     10.055045   387A     10.116671   388A     10.152952  
	 389A     10.167955   390A     10.229339   391A     10.290735  
	 392A     10.348448   393A     10.368287   394A     10.376321  
	 395A     10.455826   396A     10.495552   397A     10.563152  
	 398A     10.623707   399A     10.663611   400A     10.692736  
	 401A     10.715174   402A     10.745076   403A     10.747867  
	 404A     10.810050   405A     10.825624   406A     10.982011  
	 407A     11.295794   408A     11.397401   409A     11.613219  
	 410A     11.640794   411A     11.679617   412A     11.711405  
	 413A     11.846402   414A     12.015240   415A     12.193819  
	 416A     12.338566   417A     12.424741   418A     12.439439  
	 419A     12.453152   420A     12.734493   421A     12.749933  
	 422A     12.844129   423A     13.695687   424A     13.814728  
	 425A     14.279324   426A     14.641240   427A     14.682989  
	 428A     14.883356   429A     16.461586   430A     16.897935  
	 431A     24.143613   432A     26.433276   433A     27.000761  
	 434A     44.441546  

	Final Occupation by Irrep:
	          A 
	DOCC [    22 ]

  Energy converged.

  @DF-RHF Final Energy:  -614.27362562858707

   => Energetics <=

    Nuclear Repulsion Energy =            154.9774110861349641
    One-Electron Energy =               -1154.2341811175040220
    Two-Electron Energy =                 384.9831444027831253
    DFT Exchange-Correlation Energy =       0.0000000000000000
    Empirical Dispersion Energy =           0.0000000000000000
    Total Energy =                       -614.2736256285859326



Properties will be evaluated at   0.000000,   0.000000,   0.000000 Bohr
  ==> Properties <==


Properties computed using the SCF density density matrix
  Nuclear Dipole Moment: (a.u.)
     X:     5.7481      Y:     7.1589      Z:     0.4146

  Electronic Dipole Moment: (a.u.)
     X:    -4.3720      Y:    -6.5447      Z:    -0.3011

  Dipole Moment: (a.u.)
     X:     1.3760      Y:     0.6143      Z:     0.1135     Total:     1.5112

  Dipole Moment: (Debye)
     X:     3.4976      Y:     1.5614      Z:     0.2886     Total:     3.8411


  Saving occupied orbitals to File 180.

*** tstop() called on n087 at Fri Apr  8 11:46:14 2016
Module time:
	user time   =     290.97 seconds =       4.85 minutes
	system time =      11.67 seconds =       0.19 minutes
	total time  =        180 seconds =       3.00 minutes
Total time:
	user time   =     290.97 seconds =       4.85 minutes
	system time =      11.67 seconds =       0.19 minutes
	total time  =        180 seconds =       3.00 minutes

  //>>>>>>>>>>>>>>>>>>>>>>>>>>>>>>>>>>>//
  //               DFMP2               //
  //<<<<<<<<<<<<<<<<<<<<<<<<<<<<<<<<<<<//


*** tstart() called on n087
*** at Fri Apr  8 11:46:14 2016

	 --------------------------------------------------------
	                          DF-MP2                         
	      2nd-Order Density-Fitted Moller-Plesset Theory     
	              RMP2 Wavefunction,   4 Threads             
	                                                         
	        Rob Parrish, Justin Turney, Andy Simmonett,      
	           Ed Hohenstein, and C. David Sherrill          
	 --------------------------------------------------------

   => Auxiliary Basis Set <=

  Basis Set: cc-pvqz-ri
    Number of shells: 233
    Number of basis function: 939
    Number of Cartesian functions: 1245
    Spherical Harmonics?: true
    Max angular momentum: 5

	 --------------------------------------------------------
	                 NBF =   434, NAUX =   939
	 --------------------------------------------------------
	   CLASS    FOCC     OCC    AOCC    AVIR     VIR    FVIR
	   PAIRS       8      22      14     412     412       0
	 --------------------------------------------------------

	 Will save fitting metric to file 97.

	----------------------------------------------------------
	 ==================> DF-MP2 Energies <=================== 
	----------------------------------------------------------
	 Reference Energy          =    -614.2736256285870695 [H]
	 Singles Energy            =      -0.0000000000030587 [H]
	 Same-Spin Energy          =      -0.1960790190910779 [H]
	 Opposite-Spin Energy      =      -0.6770377672521823 [H]
	 Correlation Energy        =      -0.8731167863463190 [H]
	 Total Energy              =    -615.1467424149334420 [H]
	----------------------------------------------------------
	 ================> DF-SCS-MP2 Energies <================= 
	----------------------------------------------------------
	 SCS Same-Spin Scale       =       0.3333333333333333 [-]
	 SCS Opposite-Spin Scale   =       1.2000000000000000 [-]
	 SCS Same-Spin Energy      =      -0.0653596730303593 [H]
	 SCS Opposite-Spin Energy  =      -0.8124453207026188 [H]
	 SCS Correlation Energy    =      -0.8778049937360367 [H]
	 SCS Total Energy          =    -615.1514306223231188 [H]
	----------------------------------------------------------


*** tstop() called on n087 at Fri Apr  8 11:46:23 2016
Module time:
	user time   =      23.91 seconds =       0.40 minutes
	system time =       1.54 seconds =       0.03 minutes
	total time  =          9 seconds =       0.15 minutes
Total time:
	user time   =     314.88 seconds =       5.25 minutes
	system time =      13.21 seconds =       0.22 minutes
	total time  =        189 seconds =       3.15 minutes

  //>>>>>>>>>>>>>>>>>>>>>>>>>>>>>>>>>>>//
  //     CP Computation: Monomer 1.    //
  //           Full Basis Set.         //
  //<<<<<<<<<<<<<<<<<<<<<<<<<<<<<<<<<<<//


*** tstart() called on n087
*** at Fri Apr  8 11:46:23 2016


         ---------------------------------------------------------
                                   SCF
            by Justin Turney, Rob Parrish, and Andy Simmonett
                              RHF Reference
                        4 Threads,   1000 MiB Core
         ---------------------------------------------------------

  ==> Geometry <==

    Molecular point group: c1
    Full point group: C1

    Geometry (in Angstrom), charge = 0, multiplicity = 1:

       Center              X                  Y                   Z       
    ------------   -----------------  -----------------  -----------------
           C         -0.279910172490     0.529993014775     0.499768733286
          CL         -1.182112172490    -0.929556985225    -0.077746266714
           H         -0.463596172490     0.594123014775     1.580478733286
           H          0.783469827510     0.320849014775     0.322936733286
           C         -0.746283172490     1.777964014775    -0.233913266714
           H         -0.183107172490     2.651228014775     0.134802733286
           H         -0.574951172490     1.680239014775    -1.315750266714
           H         -1.818282172490     1.952695014775    -0.061975266714
           O(Gh)      3.041655827510    -0.123287985225    -0.052583266714
           H(Gh)      3.791980827510     0.186986014775     0.454342733286
           H(Gh)      3.426062827510    -0.656739985225    -0.748207266714

  Running in c1 symmetry.

  Nuclear repulsion =  102.219068567209646

  Charge       = 0
  Multiplicity = 1
  Electrons    = 34
  Nalpha       = 17
  Nbeta        = 17

  ==> Algorithm <==

  SCF Algorithm Type is DF.
  DIIS enabled.
  MOM disabled.
  Fractional occupation disabled.
  Guess Type is SAD.
  Energy threshold   = 1.00e-08
  Density threshold  = 1.00e-08
  Integral threshold = 0.00e+00

  ==> Primary Basis <==

  Basis Set: CC-PVQZ
    Number of shells: 132
    Number of basis function: 434
    Number of Cartesian functions: 529
    Spherical Harmonics?: true
    Max angular momentum: 4

  ==> Pre-Iterations <==

   -------------------------------------------------------
    Irrep   Nso     Nmo     Nalpha   Nbeta   Ndocc  Nsocc
   -------------------------------------------------------
     A        434     434       0       0       0       0
   -------------------------------------------------------
    Total     434     434      17      17      17       0
   -------------------------------------------------------

 OEINTS: Wrapper to libmints.
   by Justin Turney

   Calculation information:
      Number of atoms:                  11
      Number of AO shells:             132
      Number of SO shells:             132
      Number of primitives:            250
      Number of atomic orbitals:       529
      Number of basis functions:       434

      Number of irreps:                  1
      Number of functions per irrep: [ 434 ]

      Overlap, kinetic, potential, dipole, and quadrupole integrals
        stored in file 35.

  ==> Integral Setup <==

  ==> DFJK: Density-Fitted J/K Matrices <==

    J tasked:                  Yes
    K tasked:                  Yes
    wK tasked:                  No
    OpenMP threads:              4
    Integrals threads:           4
    Memory (MB):               715
    Algorithm:                Core
    Integral Cache:           LOAD
    Schwarz Cutoff:          1E-12
    Fitting Condition:       1E-12

   => Auxiliary Basis Set <=

  Basis Set: CC-PVQZ-JKFIT
    Number of shells: 215
    Number of basis function: 823
    Number of Cartesian functions: 1079
    Spherical Harmonics?: true
    Max angular momentum: 5

  Minimum eigenvalue in the overlap matrix is 1.3520490521E-04.
  Using Symmetric Orthogonalization.
  SCF Guess: Superposition of Atomic Densities via on-the-fly atomic UHF.

  ==> Iterations <==

                           Total Energy        Delta E     RMS |[F,P]|

   @DF-RHF iter   0:  -538.90088624871487   -5.38901e+02   6.48036e-03 
   @DF-RHF iter   1:  -538.13379402955798    7.67092e-01   6.59306e-04 
   @DF-RHF iter   2:  -538.19620108957724   -6.24071e-02   2.81167e-04 DIIS
   @DF-RHF iter   3:  -538.20497521845186   -8.77413e-03   1.05279e-04 DIIS
   @DF-RHF iter   4:  -538.20699488372043   -2.01967e-03   2.59386e-05 DIIS
   @DF-RHF iter   5:  -538.20716179966257   -1.66916e-04   9.16923e-06 DIIS
   @DF-RHF iter   6:  -538.20718302195428   -2.12223e-05   2.87340e-06 DIIS
   @DF-RHF iter   7:  -538.20718565584616   -2.63389e-06   7.48209e-07 DIIS
   @DF-RHF iter   8:  -538.20718585618351   -2.00337e-07   1.77197e-07 DIIS
   @DF-RHF iter   9:  -538.20718586626947   -1.00860e-08   5.14562e-08 DIIS
   @DF-RHF iter  10:  -538.20718586711871   -8.49241e-10   1.31405e-08 DIIS
   @DF-RHF iter  11:  -538.20718586718704   -6.83258e-11   3.67842e-09 DIIS

  ==> Post-Iterations <==

	Orbital Energies (a.u.)
	-----------------------

	Doubly Occupied:                                                      

	   1A   -104.816844     2A    -11.297668     3A    -11.237225  
	   4A    -10.542479     5A     -8.009493     6A     -8.007906  
	   7A     -8.007883     8A     -1.129700     9A     -0.997693  
	  10A     -0.840246    11A     -0.646952    12A     -0.607631  
	  13A     -0.558331    14A     -0.527869    15A     -0.503186  
	  16A     -0.430755    17A     -0.430320  

	Virtual:                                                              

	  18A      0.080853    19A      0.119621    20A      0.144643  
	  21A      0.157589    22A      0.173443    23A      0.180581  
	  24A      0.193435    25A      0.209747    26A      0.249698  
	  27A      0.268386    28A      0.292147    29A      0.309761  
	  30A      0.325825    31A      0.353433    32A      0.364141  
	  33A      0.378293    34A      0.388714    35A      0.411797  
	  36A      0.433120    37A      0.449991    38A      0.466813  
	  39A      0.469470    40A      0.491295    41A      0.504096  
	  42A      0.513301    43A      0.524346    44A      0.530230  
	  45A      0.542459    46A      0.574628    47A      0.580168  
	  48A      0.613926    49A      0.652227    50A      0.683691  
	  51A      0.695408    52A      0.704632    53A      0.755277  
	  54A      0.766653    55A      0.770935    56A      0.777372  
	  57A      0.803263    58A      0.806505    59A      0.842261  
	  60A      0.861824    61A      0.865369    62A      0.874530  
	  63A      0.911534    64A      0.918417    65A      0.936139  
	  66A      0.958013    67A      0.970693    68A      0.982243  
	  69A      0.990621    70A      1.014114    71A      1.027093  
	  72A      1.035124    73A      1.063146    74A      1.081041  
	  75A      1.095975    76A      1.127278    77A      1.143045  
	  78A      1.152573    79A      1.170415    80A      1.176179  
	  81A      1.202685    82A      1.226129    83A      1.232106  
	  84A      1.305695    85A      1.324868    86A      1.474822  
	  87A      1.521222    88A      1.535504    89A      1.547973  
	  90A      1.557404    91A      1.566001    92A      1.578276  
	  93A      1.590457    94A      1.621232    95A      1.626763  
	  96A      1.632470    97A      1.650590    98A      1.660965  
	  99A      1.679110   100A      1.684211   101A      1.703275  
	 102A      1.712759   103A      1.746971   104A      1.764220  
	 105A      1.773283   106A      1.785054   107A      1.811604  
	 108A      1.851732   109A      1.856668   110A      1.872204  
	 111A      1.917304   112A      1.937554   113A      1.958603  
	 114A      1.969775   115A      1.996552   116A      2.015909  
	 117A      2.027975   118A      2.039415   119A      2.058285  
	 120A      2.081132   121A      2.129711   122A      2.140307  
	 123A      2.166550   124A      2.178435   125A      2.186790  
	 126A      2.195452   127A      2.223814   128A      2.262285  
	 129A      2.284749   130A      2.304930   131A      2.326897  
	 132A      2.342861   133A      2.348786   134A      2.361230  
	 135A      2.390102   136A      2.398401   137A      2.426429  
	 138A      2.468018   139A      2.514457   140A      2.529018  
	 141A      2.538669   142A      2.541601   143A      2.575950  
	 144A      2.586591   145A      2.622667   146A      2.654432  
	 147A      2.658464   148A      2.670256   149A      2.689685  
	 150A      2.696298   151A      2.724949   152A      2.729358  
	 153A      2.756952   154A      2.764651   155A      2.784680  
	 156A      2.796757   157A      2.824801   158A      2.838334  
	 159A      2.850647   160A      2.875054   161A      2.884256  
	 162A      2.918020   163A      2.955867   164A      2.991123  
	 165A      3.022650   166A      3.031803   167A      3.061346  
	 168A      3.105736   169A      3.106720   170A      3.113903  
	 171A      3.126176   172A      3.136218   173A      3.155304  
	 174A      3.237849   175A      3.249361   176A      3.287510  
	 177A      3.314681   178A      3.321924   179A      3.343762  
	 180A      3.349516   181A      3.384492   182A      3.406237  
	 183A      3.458410   184A      3.505788   185A      3.521028  
	 186A      3.572459   187A      3.614379   188A      3.670375  
	 189A      3.685252   190A      3.723859   191A      3.773470  
	 192A      3.788228   193A      3.807643   194A      3.832875  
	 195A      3.892014   196A      3.926890   197A      3.944524  
	 198A      3.965293   199A      3.984981   200A      3.998148  
	 201A      4.008779   202A      4.060633   203A      4.099578  
	 204A      4.112366   205A      4.137758   206A      4.155885  
	 207A      4.170850   208A      4.182520   209A      4.192043  
	 210A      4.205346   211A      4.220787   212A      4.247788  
	 213A      4.257576   214A      4.307629   215A      4.348156  
	 216A      4.368505   217A      4.383893   218A      4.395769  
	 219A      4.416303   220A      4.426844   221A      4.477793  
	 222A      4.525013   223A      4.532745   224A      4.607928  
	 225A      4.636108   226A      4.656962   227A      4.684864  
	 228A      4.729882   229A      4.808457   230A      4.873450  
	 231A      4.888986   232A      4.955832   233A      5.083752  
	 234A      5.155798   235A      5.276355   236A      5.484493  
	 237A      5.529574   238A      5.561682   239A      5.562019  
	 240A      5.675302   241A      5.687097   242A      5.698690  
	 243A      5.730665   244A      5.731356   245A      5.739623  
	 246A      5.747724   247A      5.766370   248A      5.831417  
	 249A      5.884559   250A      5.967080   251A      5.974580  
	 252A      5.997107   253A      6.026949   254A      6.082274  
	 255A      6.097357   256A      6.177886   257A      6.186478  
	 258A      6.204707   259A      6.209597   260A      6.225570  
	 261A      6.241589   262A      6.245901   263A      6.251919  
	 264A      6.278192   265A      6.308660   266A      6.315755  
	 267A      6.366709   268A      6.378107   269A      6.415952  
	 270A      6.421952   271A      6.445788   272A      6.460163  
	 273A      6.490439   274A      6.497103   275A      6.512219  
	 276A      6.526803   277A      6.537558   278A      6.555736  
	 279A      6.594612   280A      6.599488   281A      6.610797  
	 282A      6.639891   283A      6.709010   284A      6.731078  
	 285A      6.745489   286A      6.752286   287A      6.777015  
	 288A      6.796734   289A      6.833109   290A      6.919212  
	 291A      6.930186   292A      7.000082   293A      7.027665  
	 294A      7.048846   295A      7.082804   296A      7.102129  
	 297A      7.141114   298A      7.192222   299A      7.213985  
	 300A      7.230460   301A      7.260609   302A      7.301579  
	 303A      7.334418   304A      7.378208   305A      7.410507  
	 306A      7.578461   307A      7.588929   308A      7.600908  
	 309A      7.612109   310A      7.666380   311A      7.681951  
	 312A      7.706032   313A      7.769896   314A      7.794039  
	 315A      7.835021   316A      7.861614   317A      7.881707  
	 318A      7.901815   319A      7.928017   320A      7.938240  
	 321A      7.951030   322A      8.003207   323A      8.043710  
	 324A      8.064064   325A      8.066391   326A      8.078114  
	 327A      8.090129   328A      8.127073   329A      8.153573  
	 330A      8.187793   331A      8.219675   332A      8.256441  
	 333A      8.306259   334A      8.313126   335A      8.328382  
	 336A      8.364954   337A      8.388639   338A      8.438349  
	 339A      8.447930   340A      8.503013   341A      8.516880  
	 342A      8.590384   343A      8.622940   344A      8.641014  
	 345A      8.732568   346A      8.740674   347A      8.750391  
	 348A      8.751455   349A      8.800828   350A      8.816487  
	 351A      8.821610   352A      8.824208   353A      8.826626  
	 354A      8.860204   355A      8.873698   356A      8.880658  
	 357A      8.907906   358A      8.985977   359A      9.009347  
	 360A      9.033876   361A      9.093096   362A      9.096142  
	 363A      9.116725   364A      9.140456   365A      9.148784  
	 366A      9.196818   367A      9.299876   368A      9.301976  
	 369A      9.351210   370A      9.390711   371A      9.403408  
	 372A      9.414522   373A      9.462507   374A      9.502525  
	 375A      9.528581   376A      9.600315   377A      9.654499  
	 378A      9.826888   379A      9.862615   380A      9.897240  
	 381A     10.069007   382A     10.100794   383A     10.140897  
	 384A     10.153281   385A     10.213049   386A     10.278199  
	 387A     10.344215   388A     10.348717   389A     10.362548  
	 390A     10.443411   391A     10.451900   392A     10.484252  
	 393A     10.558661   394A     10.658106   395A     10.699578  
	 396A     10.726811   397A     10.795575   398A     10.967222  
	 399A     11.167669   400A     11.595569   401A     11.672505  
	 402A     11.729604   403A     11.749537   404A     12.001672  
	 405A     12.304413   406A     12.605652   407A     12.712941  
	 408A     12.737657   409A     12.817654   410A     12.846011  
	 411A     12.961107   412A     13.619209   413A     13.875302  
	 414A     14.044473   415A     14.067585   416A     14.241970  
	 417A     14.372242   418A     14.693892   419A     14.781981  
	 420A     15.763081   421A     15.894402   422A     17.839248  
	 423A     17.897095   424A     18.371703   425A     18.969261  
	 426A     19.769207   427A     21.514771   428A     21.940204  
	 429A     24.128068   430A     24.392033   431A     25.680660  
	 432A     26.415362   433A     26.987710   434A    123.164265  

	Final Occupation by Irrep:
	          A 
	DOCC [    17 ]

  Energy converged.

  @DF-RHF Final Energy:  -538.20718586718704

   => Energetics <=

    Nuclear Repulsion Energy =            102.2190685672096464
    One-Electron Energy =                -943.6681435668767790
    Two-Electron Energy =                 303.2418891324831520
    DFT Exchange-Correlation Energy =       0.0000000000000000
    Empirical Dispersion Energy =           0.0000000000000000
    Total Energy =                       -538.2071858671839664



Properties will be evaluated at   0.000000,   0.000000,   0.000000 Bohr
  ==> Properties <==


Properties computed using the SCF density density matrix
  Nuclear Dipole Moment: (a.u.)
     X:   -53.8752      Y:     9.9105      Z:     1.7649

  Electronic Dipole Moment: (a.u.)
     X:    54.2938      Y:    -9.1212      Z:    -1.5213

  Dipole Moment: (a.u.)
     X:     0.4186      Y:     0.7893      Z:     0.2436     Total:     0.9260

  Dipole Moment: (Debye)
     X:     1.0640      Y:     2.0062      Z:     0.6192     Total:     2.3538


  Saving occupied orbitals to File 180.

*** tstop() called on n087 at Fri Apr  8 11:48:59 2016
Module time:
	user time   =     246.12 seconds =       4.10 minutes
	system time =       8.54 seconds =       0.14 minutes
	total time  =        156 seconds =       2.60 minutes
Total time:
	user time   =     561.03 seconds =       9.35 minutes
	system time =      21.75 seconds =       0.36 minutes
	total time  =        345 seconds =       5.75 minutes

  //>>>>>>>>>>>>>>>>>>>>>>>>>>>>>>>>>>>//
  //               DFMP2               //
  //<<<<<<<<<<<<<<<<<<<<<<<<<<<<<<<<<<<//


*** tstart() called on n087
*** at Fri Apr  8 11:48:59 2016

	 --------------------------------------------------------
	                          DF-MP2                         
	      2nd-Order Density-Fitted Moller-Plesset Theory     
	              RMP2 Wavefunction,   4 Threads             
	                                                         
	        Rob Parrish, Justin Turney, Andy Simmonett,      
	           Ed Hohenstein, and C. David Sherrill          
	 --------------------------------------------------------

   => Auxiliary Basis Set <=

  Basis Set: CC-PVQZ-RI
    Number of shells: 233
    Number of basis function: 939
    Number of Cartesian functions: 1245
    Spherical Harmonics?: true
    Max angular momentum: 5

	 --------------------------------------------------------
	                 NBF =   434, NAUX =   939
	 --------------------------------------------------------
	   CLASS    FOCC     OCC    AOCC    AVIR     VIR    FVIR
	   PAIRS       7      17      10     417     417       0
	 --------------------------------------------------------

	 Will attempt to load fitting metric from file 97.

	----------------------------------------------------------
	 ==================> DF-MP2 Energies <=================== 
	----------------------------------------------------------
	 Reference Energy          =    -538.2071858671870359 [H]
	 Singles Energy            =      -0.0000000000006742 [H]
	 Same-Spin Energy          =      -0.1284645904155486 [H]
	 Opposite-Spin Energy      =      -0.4600735447927898 [H]
	 Correlation Energy        =      -0.5885381352090125 [H]
	 Total Energy              =    -538.7957240023960139 [H]
	----------------------------------------------------------
	 ================> DF-SCS-MP2 Energies <================= 
	----------------------------------------------------------
	 SCS Same-Spin Scale       =       0.3333333333333333 [-]
	 SCS Opposite-Spin Scale   =       1.2000000000000000 [-]
	 SCS Same-Spin Energy      =      -0.0428215301385162 [H]
	 SCS Opposite-Spin Energy  =      -0.5520882537513477 [H]
	 SCS Correlation Energy    =      -0.5949097838905381 [H]
	 SCS Total Energy          =    -538.8020956510775932 [H]
	----------------------------------------------------------


*** tstop() called on n087 at Fri Apr  8 11:49:06 2016
Module time:
	user time   =      18.82 seconds =       0.31 minutes
	system time =       1.13 seconds =       0.02 minutes
	total time  =          7 seconds =       0.12 minutes
Total time:
	user time   =     579.86 seconds =       9.66 minutes
	system time =      22.88 seconds =       0.38 minutes
	total time  =        352 seconds =       5.87 minutes

  //>>>>>>>>>>>>>>>>>>>>>>>>>>>>>>>>>>>//
  //     CP Computation: Monomer 2.    //
  //           Full Basis Set.         //
  //<<<<<<<<<<<<<<<<<<<<<<<<<<<<<<<<<<<//


*** tstart() called on n087
*** at Fri Apr  8 11:49:06 2016


         ---------------------------------------------------------
                                   SCF
            by Justin Turney, Rob Parrish, and Andy Simmonett
                              RHF Reference
                        4 Threads,   1000 MiB Core
         ---------------------------------------------------------

  ==> Geometry <==

    Molecular point group: c1
    Full point group: C1

    Geometry (in Angstrom), charge = 0, multiplicity = 1:

       Center              X                  Y                   Z       
    ------------   -----------------  -----------------  -----------------
           C(Gh)     -0.279910172490     0.529993014775     0.499768733286
          CL(Gh)     -1.182112172490    -0.929556985225    -0.077746266714
           H(Gh)     -0.463596172490     0.594123014775     1.580478733286
           H(Gh)      0.783469827510     0.320849014775     0.322936733286
           C(Gh)     -0.746283172490     1.777964014775    -0.233913266714
           H(Gh)     -0.183107172490     2.651228014775     0.134802733286
           H(Gh)     -0.574951172490     1.680239014775    -1.315750266714
           H(Gh)     -1.818282172490     1.952695014775    -0.061975266714
           O          3.041655827510    -0.123287985225    -0.052583266714
           H          3.791980827510     0.186986014775     0.454342733286
           H          3.426062827510    -0.656739985225    -0.748207266714

  Running in c1 symmetry.

  Nuclear repulsion =    9.194963837582755

  Charge       = 0
  Multiplicity = 1
  Electrons    = 10
  Nalpha       = 5
  Nbeta        = 5

  ==> Algorithm <==

  SCF Algorithm Type is DF.
  DIIS enabled.
  MOM disabled.
  Fractional occupation disabled.
  Guess Type is SAD.
  Energy threshold   = 1.00e-08
  Density threshold  = 1.00e-08
  Integral threshold = 0.00e+00

  ==> Primary Basis <==

  Basis Set: CC-PVQZ
    Number of shells: 132
    Number of basis function: 434
    Number of Cartesian functions: 529
    Spherical Harmonics?: true
    Max angular momentum: 4

  ==> Pre-Iterations <==

   -------------------------------------------------------
    Irrep   Nso     Nmo     Nalpha   Nbeta   Ndocc  Nsocc
   -------------------------------------------------------
     A        434     434       0       0       0       0
   -------------------------------------------------------
    Total     434     434       5       5       5       0
   -------------------------------------------------------

 OEINTS: Wrapper to libmints.
   by Justin Turney

   Calculation information:
      Number of atoms:                  11
      Number of AO shells:             132
      Number of SO shells:             132
      Number of primitives:            250
      Number of atomic orbitals:       529
      Number of basis functions:       434

      Number of irreps:                  1
      Number of functions per irrep: [ 434 ]

      Overlap, kinetic, potential, dipole, and quadrupole integrals
        stored in file 35.

  ==> Integral Setup <==

  ==> DFJK: Density-Fitted J/K Matrices <==

    J tasked:                  Yes
    K tasked:                  Yes
    wK tasked:                  No
    OpenMP threads:              4
    Integrals threads:           4
    Memory (MB):               715
    Algorithm:                Core
    Integral Cache:           LOAD
    Schwarz Cutoff:          1E-12
    Fitting Condition:       1E-12

   => Auxiliary Basis Set <=

  Basis Set: CC-PVQZ-JKFIT
    Number of shells: 215
    Number of basis function: 823
    Number of Cartesian functions: 1079
    Spherical Harmonics?: true
    Max angular momentum: 5

  Minimum eigenvalue in the overlap matrix is 1.3520490521E-04.
  Using Symmetric Orthogonalization.
  SCF Guess: Superposition of Atomic Densities via on-the-fly atomic UHF.

  ==> Iterations <==

                           Total Energy        Delta E     RMS |[F,P]|

   @DF-RHF iter   0:   -76.01295595945649   -7.60130e+01   4.00554e-03 
   @DF-RHF iter   1:   -76.03072342493704   -1.77675e-02   6.54426e-04 
   @DF-RHF iter   2:   -76.05638573915184   -2.56623e-02   3.66215e-04 DIIS
   @DF-RHF iter   3:   -76.06441914471918   -8.03341e-03   6.36995e-05 DIIS
   @DF-RHF iter   4:   -76.06503223313220   -6.13088e-04   2.06623e-05 DIIS
   @DF-RHF iter   5:   -76.06514574822370   -1.13515e-04   5.46662e-06 DIIS
   @DF-RHF iter   6:   -76.06515546168768   -9.71346e-06   9.98341e-07 DIIS
   @DF-RHF iter   7:   -76.06515575831412   -2.96626e-07   1.83061e-07 DIIS
   @DF-RHF iter   8:   -76.06515576764923   -9.33511e-09   3.79913e-08 DIIS
   @DF-RHF iter   9:   -76.06515576800339   -3.54163e-10   9.47041e-09 DIIS

  ==> Post-Iterations <==

	Orbital Energies (a.u.)
	-----------------------

	Doubly Occupied:                                                      

	   1A    -20.561183     2A     -1.350461     3A     -0.715378  
	   4A     -0.582533     5A     -0.509135  

	Virtual:                                                              

	   6A      0.072397     7A      0.114820     8A      0.130453  
	   9A      0.142194    10A      0.168454    11A      0.172815  
	  12A      0.194851    13A      0.234102    14A      0.256525  
	  15A      0.267055    16A      0.287262    17A      0.299208  
	  18A      0.315260    19A      0.333186    20A      0.366155  
	  21A      0.383478    22A      0.388941    23A      0.393090  
	  24A      0.439632    25A      0.489223    26A      0.491593  
	  27A      0.558774    28A      0.582067    29A      0.607396  
	  30A      0.631586    31A      0.643404    32A      0.656616  
	  33A      0.672466    34A      0.674661    35A      0.708691  
	  36A      0.720025    37A      0.731533    38A      0.747990  
	  39A      0.754437    40A      0.772837    41A      0.795867  
	  42A      0.808691    43A      0.826664    44A      0.829101  
	  45A      0.848667    46A      0.869113    47A      0.883914  
	  48A      0.893364    49A      0.908816    50A      0.913478  
	  51A      0.925448    52A      0.933626    53A      0.946386  
	  54A      0.953731    55A      0.996024    56A      1.002106  
	  57A      1.027635    58A      1.057905    59A      1.080103  
	  60A      1.098149    61A      1.122091    62A      1.132135  
	  63A      1.165837    64A      1.174816    65A      1.183275  
	  66A      1.204115    67A      1.234614    68A      1.263940  
	  69A      1.286618    70A      1.330327    71A      1.350970  
	  72A      1.359907    73A      1.383756    74A      1.408838  
	  75A      1.422630    76A      1.434449    77A      1.445684  
	  78A      1.449896    79A      1.485243    80A      1.508109  
	  81A      1.516335    82A      1.532303    83A      1.547650  
	  84A      1.562157    85A      1.660951    86A      1.699354  
	  87A      1.708856    88A      1.731352    89A      1.822295  
	  90A      1.835274    91A      1.887641    92A      1.923440  
	  93A      1.984388    94A      2.014264    95A      2.078204  
	  96A      2.080125    97A      2.099342    98A      2.134666  
	  99A      2.194660   100A      2.206543   101A      2.227236  
	 102A      2.260168   103A      2.291582   104A      2.304149  
	 105A      2.342460   106A      2.353891   107A      2.363252  
	 108A      2.395767   109A      2.408935   110A      2.429183  
	 111A      2.441015   112A      2.457330   113A      2.470426  
	 114A      2.482861   115A      2.500152   116A      2.520229  
	 117A      2.520915   118A      2.529446   119A      2.541717  
	 120A      2.557219   121A      2.567891   122A      2.579670  
	 123A      2.586347   124A      2.590494   125A      2.603431  
	 126A      2.614703   127A      2.626332   128A      2.655983  
	 129A      2.661800   130A      2.678217   131A      2.688914  
	 132A      2.699915   133A      2.703293   134A      2.714125  
	 135A      2.720700   136A      2.744904   137A      2.757493  
	 138A      2.801392   139A      2.812607   140A      2.838711  
	 141A      2.849949   142A      2.865092   143A      2.896989  
	 144A      2.917844   145A      2.926625   146A      2.951004  
	 147A      2.975341   148A      2.984790   149A      2.996879  
	 150A      3.021488   151A      3.028443   152A      3.049623  
	 153A      3.066692   154A      3.106353   155A      3.110365  
	 156A      3.129860   157A      3.144257   158A      3.149990  
	 159A      3.171352   160A      3.185108   161A      3.198683  
	 162A      3.224197   163A      3.276568   164A      3.318330  
	 165A      3.371671   166A      3.385391   167A      3.389250  
	 168A      3.425330   169A      3.437967   170A      3.483745  
	 171A      3.527222   172A      3.534806   173A      3.566231  
	 174A      3.591081   175A      3.608036   176A      3.616573  
	 177A      3.632850   178A      3.656031   179A      3.668369  
	 180A      3.716648   181A      3.766499   182A      3.811978  
	 183A      3.867679   184A      3.905064   185A      3.925914  
	 186A      4.011156   187A      4.023158   188A      4.089357  
	 189A      4.126093   190A      4.197275   191A      4.258693  
	 192A      4.281808   193A      4.297925   194A      4.345487  
	 195A      4.357660   196A      4.384633   197A      4.411939  
	 198A      4.418948   199A      4.465006   200A      4.494639  
	 201A      4.528265   202A      4.564627   203A      4.569695  
	 204A      4.586189   205A      4.625286   206A      4.632359  
	 207A      4.704143   208A      4.748100   209A      4.761707  
	 210A      4.763085   211A      4.783195   212A      4.830548  
	 213A      4.879702   214A      4.927889   215A      5.026589  
	 216A      5.042504   217A      5.062893   218A      5.186156  
	 219A      5.205744   220A      5.287660   221A      5.380826  
	 222A      5.404995   223A      5.419999   224A      5.492942  
	 225A      5.861344   226A      5.882991   227A      5.975530  
	 228A      6.013307   229A      6.018813   230A      6.052421  
	 231A      6.083772   232A      6.122620   233A      6.123562  
	 234A      6.185969   235A      6.215937   236A      6.235386  
	 237A      6.249308   238A      6.289440   239A      6.298701  
	 240A      6.314155   241A      6.321077   242A      6.350110  
	 243A      6.388169   244A      6.452619   245A      6.470745  
	 246A      6.478636   247A      6.487648   248A      6.543079  
	 249A      6.562741   250A      6.638776   251A      6.692670  
	 252A      6.731376   253A      6.796447   254A      6.811999  
	 255A      6.844770   256A      6.876210   257A      6.906372  
	 258A      6.935663   259A      6.943427   260A      6.977980  
	 261A      7.010366   262A      7.052108   263A      7.078056  
	 264A      7.100727   265A      7.111839   266A      7.139269  
	 267A      7.181152   268A      7.202148   269A      7.235057  
	 270A      7.259156   271A      7.281946   272A      7.307877  
	 273A      7.318203   274A      7.334851   275A      7.345383  
	 276A      7.359916   277A      7.377327   278A      7.413305  
	 279A      7.437007   280A      7.497131   281A      7.510907  
	 282A      7.538145   283A      7.548204   284A      7.555311  
	 285A      7.565693   286A      7.574499   287A      7.625727  
	 288A      7.646039   289A      7.661556   290A      7.667977  
	 291A      7.681694   292A      7.708929   293A      7.721389  
	 294A      7.728657   295A      7.821967   296A      7.889224  
	 297A      7.920991   298A      8.000877   299A      8.033086  
	 300A      8.053522   301A      8.080882   302A      8.090794  
	 303A      8.113715   304A      8.150793   305A      8.168799  
	 306A      8.204144   307A      8.230872   308A      8.239881  
	 309A      8.276174   310A      8.283191   311A      8.317926  
	 312A      8.319335   313A      8.329885   314A      8.385772  
	 315A      8.419261   316A      8.447877   317A      8.456989  
	 318A      8.486872   319A      8.515671   320A      8.527142  
	 321A      8.558051   322A      8.606303   323A      8.611464  
	 324A      8.640606   325A      8.710498   326A      8.749398  
	 327A      8.827094   328A      8.851342   329A      8.857413  
	 330A      8.881185   331A      8.924786   332A      8.964976  
	 333A      8.987061   334A      8.995231   335A      9.018264  
	 336A      9.024309   337A      9.060764   338A      9.097299  
	 339A      9.100303   340A      9.121438   341A      9.184999  
	 342A      9.210787   343A      9.229890   344A      9.249854  
	 345A      9.258655   346A      9.287545   347A      9.304765  
	 348A      9.313766   349A      9.337688   350A      9.395608  
	 351A      9.436852   352A      9.442953   353A      9.486689  
	 354A      9.556942   355A      9.667187   356A      9.688660  
	 357A      9.725978   358A      9.752614   359A      9.786910  
	 360A      9.876447   361A      9.923059   362A      9.961991  
	 363A      9.968983   364A      9.975174   365A     10.010140  
	 366A     10.041230   367A     10.054801   368A     10.102015  
	 369A     10.144996   370A     10.183110   371A     10.220877  
	 372A     10.287348   373A     10.310140   374A     10.365938  
	 375A     10.480660   376A     10.643410   377A     10.677837  
	 378A     10.687727   379A     10.759975   380A     10.795849  
	 381A     10.819657   382A     10.838703   383A     10.892667  
	 384A     10.958750   385A     10.998769   386A     11.117229  
	 387A     11.144497   388A     11.202968   389A     11.308410  
	 390A     11.410559   391A     11.517721   392A     11.627886  
	 393A     11.644981   394A     11.656646   395A     11.697872  
	 396A     11.718011   397A     11.723633   398A     11.736986  
	 399A     11.852443   400A     11.865453   401A     12.121841  
	 402A     12.203913   403A     12.351439   404A     12.397547  
	 405A     12.437274   406A     12.459294   407A     12.467135  
	 408A     12.642665   409A     12.710027   410A     12.732124  
	 411A     13.412380   412A     13.708749   413A     13.827243  
	 414A     13.928628   415A     14.097704   416A     14.291783  
	 417A     14.653571   418A     14.695073   419A     14.895922  
	 420A     15.775566   421A     16.124916   422A     16.473463  
	 423A     16.828986   424A     16.833155   425A     16.902462  
	 426A     16.970054   427A     30.950129   428A     30.953270  
	 429A     31.165603   430A     40.183743   431A     44.453548  
	 432A     68.309615   433A     69.165326   434A    160.085089  

	Final Occupation by Irrep:
	          A 
	DOCC [     5 ]

  Energy converged.

  @DF-RHF Final Energy:   -76.06515576800339

   => Energetics <=

    Nuclear Repulsion Energy =              9.1949638375827547
    One-Electron Energy =                -123.0828547083277442
    Two-Electron Energy =                  37.8227351027419729
    DFT Exchange-Correlation Energy =       0.0000000000000000
    Empirical Dispersion Energy =           0.0000000000000000
    Total Energy =                        -76.0651557680030237



Properties will be evaluated at   0.000000,   0.000000,   0.000000 Bohr
  ==> Properties <==


Properties computed using the SCF density density matrix
  Nuclear Dipole Moment: (a.u.)
     X:    59.6233      Y:    -2.7516      Z:    -1.3503

  Electronic Dipole Moment: (a.u.)
     X:   -58.8540      Y:     2.6002      Z:     1.2224

  Dipole Moment: (a.u.)
     X:     0.7693      Y:    -0.1513      Z:    -0.1279     Total:     0.7944

  Dipole Moment: (Debye)
     X:     1.9555      Y:    -0.3846      Z:    -0.3250     Total:     2.0193


  Saving occupied orbitals to File 180.

*** tstop() called on n087 at Fri Apr  8 11:50:15 2016
Module time:
	user time   =     139.98 seconds =       2.33 minutes
	system time =       6.66 seconds =       0.11 minutes
	total time  =         69 seconds =       1.15 minutes
Total time:
	user time   =     719.86 seconds =      12.00 minutes
	system time =      29.54 seconds =       0.49 minutes
	total time  =        421 seconds =       7.02 minutes

  //>>>>>>>>>>>>>>>>>>>>>>>>>>>>>>>>>>>//
  //               DFMP2               //
  //<<<<<<<<<<<<<<<<<<<<<<<<<<<<<<<<<<<//


*** tstart() called on n087
*** at Fri Apr  8 11:50:15 2016

	 --------------------------------------------------------
	                          DF-MP2                         
	      2nd-Order Density-Fitted Moller-Plesset Theory     
	              RMP2 Wavefunction,   4 Threads             
	                                                         
	        Rob Parrish, Justin Turney, Andy Simmonett,      
	           Ed Hohenstein, and C. David Sherrill          
	 --------------------------------------------------------

   => Auxiliary Basis Set <=

  Basis Set: CC-PVQZ-RI
    Number of shells: 233
    Number of basis function: 939
    Number of Cartesian functions: 1245
    Spherical Harmonics?: true
    Max angular momentum: 5

	 --------------------------------------------------------
	                 NBF =   434, NAUX =   939
	 --------------------------------------------------------
	   CLASS    FOCC     OCC    AOCC    AVIR     VIR    FVIR
	   PAIRS       1       5       4     429     429       0
	 --------------------------------------------------------

	 Will attempt to load fitting metric from file 97.

	----------------------------------------------------------
	 ==================> DF-MP2 Energies <=================== 
	----------------------------------------------------------
	 Reference Energy          =     -76.0651557680033932 [H]
	 Singles Energy            =      -0.0000000000050085 [H]
	 Same-Spin Energy          =      -0.0667219233569731 [H]
	 Opposite-Spin Energy      =      -0.2163861237127601 [H]
	 Correlation Energy        =      -0.2831080470747416 [H]
	 Total Energy              =     -76.3482638150781412 [H]
	----------------------------------------------------------
	 ================> DF-SCS-MP2 Energies <================= 
	----------------------------------------------------------
	 SCS Same-Spin Scale       =       0.3333333333333333 [-]
	 SCS Opposite-Spin Scale   =       1.2000000000000000 [-]
	 SCS Same-Spin Energy      =      -0.0222406411189910 [H]
	 SCS Opposite-Spin Energy  =      -0.2596633484553121 [H]
	 SCS Correlation Energy    =      -0.2819039895793116 [H]
	 SCS Total Energy          =     -76.3470597575826986 [H]
	----------------------------------------------------------


*** tstop() called on n087 at Fri Apr  8 11:50:21 2016
Module time:
	user time   =      17.58 seconds =       0.29 minutes
	system time =       0.92 seconds =       0.02 minutes
	total time  =          6 seconds =       0.10 minutes
Total time:
	user time   =     737.44 seconds =      12.29 minutes
	system time =      30.46 seconds =       0.51 minutes
	total time  =        427 seconds =       7.12 minutes

  //>>>>>>>>>>>>>>>>>>>>>>>>>>>>>>>>>>>//
  //      CP Computation: Results.     //
  //<<<<<<<<<<<<<<<<<<<<<<<<<<<<<<<<<<<//

============= Hartree =============
   System:  Energy (full):
   Complex -615.1467424149
 Monomer 1 -538.7957240024
 Monomer 2  -76.3482638151
Interaction   -0.0027545975

=========== kcal*mol^-1 ===========
   System:  Energy (full):
   Complex-386010.4247594237
 Monomer 1-338099.4353708815
 Monomer 2-47909.2608524678
Interaction   -1.7285360744

*** PSI4 exiting successfully. Buy a developer a beer!
