    -----------------------------------------------------------------------
          PSI4: An Open-Source Ab Initio Electronic Structure Package
                              PSI 4.0.0-beta5 Driver

    J. M. Turney, A. C. Simmonett, R. M. Parrish, E. G. Hohenstein,
    F. A. Evangelista, J. T. Fermann, B. J. Mintz, L. A. Burns, J. J. Wilke,
    M. L. Abrams, N. J. Russ, M. L. Leininger, C. L. Janssen, E. T. Seidl,
    W. D. Allen, H. F. Schaefer, R. A. King, E. F. Valeev, C. D. Sherrill,
    and T. D. Crawford, WIREs Comput. Mol. Sci., (2011) (doi: 10.1002/wcms.93)

                         Additional Contributions by
    A. E. DePrince, M. Saitow, U. Bozkaya, A. Yu. Sokolov
    -----------------------------------------------------------------------

    Process ID:  18970
    PSI4DATADIR: /opt/mackerell/apps/psi/4.0b5/share/psi

    Using LocalCommunicator (Number of processes = 1)

    Memory level set to 256.000 MB

  ==> Input File <==

--------------------------------------------------------------------------
# RI-MP2/cc-pVQZ//MP2/aug-ccpvdz

memory 1000 mb

molecule chlb_water_mp2_H2 {
0 1 
 C       -0.595259   0.317552   0.000000
 H       -1.533573   0.877591   0.000000
 C       -0.585920   -1.089498   0.000000
 H       -1.535959   -1.631893   0.000000
 C       0.631284   -1.796078   0.000000
 H       0.631284   -2.889511   0.000000
 C       1.848488   -1.089498   0.000000
 H       2.798527   -1.631894   0.000000
 C       1.857827   0.317553   0.000000
 H       2.796141   0.877592   0.000000
 C       0.631284   1.003129   0.000000
Cl       0.631284   2.757230   0.000000
--
0 1 
 O       -3.559686   -2.787277   0.000000
 H       -4.068486   -3.077760   0.756950
 H       -4.068486   -3.077760   -0.756950
}

set basis cc-pvqz
set df_basis_scf cc-pvqz-jkfit
set df_basis_mp2 cc-pvqz-ri
set guess sad
set scf_type df
set freeze_core True
cp('df-mp2')


--------------------------------------------------------------------------

  Memory set to 1000.000 MiB by Python script.

  //>>>>>>>>>>>>>>>>>>>>>>>>>>>>>>>>>>>//
  //      CP Computation: Complex.     //
  //          Full Basis Set.          //
  //<<<<<<<<<<<<<<<<<<<<<<<<<<<<<<<<<<<//


*** tstart() called on n064
*** at Mon Jul 18 15:59:26 2016


         ---------------------------------------------------------
                                   SCF
            by Justin Turney, Rob Parrish, and Andy Simmonett
                              RHF Reference
                        4 Threads,   1000 MiB Core
         ---------------------------------------------------------

  ==> Geometry <==

    Molecular point group: cs
    Full point group: Cs

    Geometry (in Angstrom), charge = 0, multiplicity = 1:

       Center              X                  Y                   Z       
    ------------   -----------------  -----------------  -----------------
           C         -0.638109246332     0.216361706244     0.000000000000
           H         -1.576423246332     0.776400706244     0.000000000000
           C         -0.628770246332    -1.190688293756     0.000000000000
           H         -1.578809246332    -1.733083293756     0.000000000000
           C          0.588433753668    -1.897268293756     0.000000000000
           H          0.588433753668    -2.990701293756     0.000000000000
           C          1.805637753668    -1.190688293756     0.000000000000
           H          2.755676753668    -1.733084293756     0.000000000000
           C          1.814976753668     0.216362706244     0.000000000000
           H          2.753290753668     0.776401706244     0.000000000000
           C          0.588433753668     0.901938706244     0.000000000000
          CL          0.588433753668     2.656039706244     0.000000000000
           O         -3.602536246332    -2.888467293756     0.000000000000
           H         -4.111336246332    -3.178950293756     0.756950000000
           H         -4.111336246332    -3.178950293756    -0.756950000000

  Running in cs symmetry.

  Nuclear repulsion =  380.403668160070993

  Charge       = 0
  Multiplicity = 1
  Electrons    = 68
  Nalpha       = 34
  Nbeta        = 34

  ==> Algorithm <==

  SCF Algorithm Type is DF.
  DIIS enabled.
  MOM disabled.
  Fractional occupation disabled.
  Guess Type is SAD.
  Energy threshold   = 1.00e-08
  Density threshold  = 1.00e-08
  Integral threshold = 0.00e+00

  ==> Primary Basis <==

  Basis Set: CC-PVQZ
    Number of shells: 192
    Number of basis function: 654
    Number of Cartesian functions: 809
    Spherical Harmonics?: true
    Max angular momentum: 4

  ==> Pre-Iterations <==

   -------------------------------------------------------
    Irrep   Nso     Nmo     Nalpha   Nbeta   Ndocc  Nsocc
   -------------------------------------------------------
     A'       413     413       0       0       0       0
     A"       241     241       0       0       0       0
   -------------------------------------------------------
    Total     654     654      34      34      34       0
   -------------------------------------------------------

 OEINTS: Wrapper to libmints.
   by Justin Turney

   Calculation information:
      Number of atoms:                  15
      Number of AO shells:             192
      Number of SO shells:             182
      Number of primitives:            382
      Number of atomic orbitals:       809
      Number of basis functions:       654

      Number of irreps:                  2
      Number of functions per irrep: [ 413  241 ]

      Overlap, kinetic, potential, dipole, and quadrupole integrals
        stored in file 35.

  ==> Integral Setup <==

  ==> DFJK: Density-Fitted J/K Matrices <==

    J tasked:                  Yes
    K tasked:                  Yes
    wK tasked:                  No
    OpenMP threads:              4
    Integrals threads:           4
    Memory (MB):               715
    Algorithm:                Disk
    Integral Cache:           SAVE
    Schwarz Cutoff:          1E-12
    Fitting Condition:       1E-12

   => Auxiliary Basis Set <=

  Basis Set: cc-pvqz-jkfit
    Number of shells: 327
    Number of basis function: 1247
    Number of Cartesian functions: 1647
    Spherical Harmonics?: true
    Max angular momentum: 5

  Minimum eigenvalue in the overlap matrix is 6.4619401924E-06.
  Using Symmetric Orthogonalization.
  SCF Guess: Superposition of Atomic Densities via on-the-fly atomic UHF.

  ==> Iterations <==

                           Total Energy        Delta E     RMS |[F,P]|

   @DF-RHF iter   0:  -767.77827989191314   -7.67778e+02   1.01667e-02 
   @DF-RHF iter   1:  -765.58317851802690    2.19510e+00   1.13405e-03 
   @DF-RHF iter   2:  -765.75972159224466   -1.76543e-01   5.19307e-04 DIIS
   @DF-RHF iter   3:  -765.78773070078068   -2.80091e-02   2.04334e-04 DIIS
   @DF-RHF iter   4:  -765.79432175803367   -6.59106e-03   5.54407e-05 DIIS
   @DF-RHF iter   5:  -765.79484053075703   -5.18773e-04   1.91840e-05 DIIS
   @DF-RHF iter   6:  -765.79491309497666   -7.25642e-05   6.83681e-06 DIIS
   @DF-RHF iter   7:  -765.79492606762301   -1.29726e-05   1.88892e-06 DIIS
   @DF-RHF iter   8:  -765.79492736438374   -1.29676e-06   6.84971e-07 DIIS
   @DF-RHF iter   9:  -765.79492751873227   -1.54349e-07   2.67314e-07 DIIS
   @DF-RHF iter  10:  -765.79492755538126   -3.66490e-08   1.41502e-07 DIIS
   @DF-RHF iter  11:  -765.79492756725881   -1.18775e-08   6.00800e-08 DIIS
   @DF-RHF iter  12:  -765.79492756983336   -2.57455e-09   1.75261e-08 DIIS
   @DF-RHF iter  13:  -765.79492756998616   -1.52795e-10   7.62143e-09 DIIS

  ==> Post-Iterations <==

	Orbital Energies (a.u.)
	-----------------------

	Doubly Occupied:                                                      

	   1A'  -104.831008     2A'   -20.575204     3A'   -11.299387  
	   4A'   -11.246241     5A'   -11.245097     6A'   -11.243884  
	   7A'   -11.239529     8A'   -11.238139     9A'   -10.556309  
	  10A'    -8.023419    11A'    -8.021733     1A"    -8.021679  
	  12A'    -1.365404    13A'    -1.173041    14A'    -1.103835  
	  15A'    -1.015424    16A'    -0.982804    17A'    -0.831016  
	  18A'    -0.805414     2A"    -0.729842    19A'    -0.695286  
	  20A'    -0.638324    21A'    -0.631233    22A'    -0.604793  
	  23A'    -0.583452    24A'    -0.575265     3A"    -0.530809  
	  25A'    -0.524132    26A'    -0.503352    27A'    -0.498300  
	   4A"    -0.458248    28A'    -0.446431     5A"    -0.338852  
	   6A"    -0.325798  

	Virtual:                                                              

	  29A'     0.100797     7A"     0.115488     8A"     0.116975  
	  30A'     0.128230    31A'     0.149945    32A'     0.158504  
	   9A"     0.162502    33A'     0.175024    34A'     0.183859  
	  35A'     0.230686    36A'     0.259893    37A'     0.281979  
	  10A"     0.288373    38A'     0.296232    11A"     0.318332  
	  39A'     0.326914    40A'     0.343590    12A"     0.347085  
	  13A"     0.364124    41A'     0.370316    42A'     0.371790  
	  43A'     0.386372    44A'     0.399441    14A"     0.406265  
	  15A"     0.413298    45A'     0.425717    46A'     0.445260  
	  16A"     0.449152    47A'     0.449727    48A'     0.470348  
	  49A'     0.478432    17A"     0.478969    50A'     0.482099  
	  51A'     0.491062    52A'     0.492300    18A"     0.496726  
	  53A'     0.511733    54A'     0.520622    19A"     0.533543  
	  20A"     0.555945    55A'     0.559198    56A'     0.569364  
	  57A'     0.579973    58A'     0.592913    59A'     0.600701  
	  21A"     0.612013    60A'     0.615537    61A'     0.633985  
	  22A"     0.645075    23A"     0.656546    62A'     0.662032  
	  63A'     0.676009    64A'     0.695191    24A"     0.696432  
	  25A"     0.717183    65A'     0.748567    26A"     0.775336  
	  66A'     0.778963    67A'     0.785173    68A'     0.790906  
	  69A'     0.806602    27A"     0.809237    70A'     0.812128  
	  71A'     0.825095    72A'     0.843523    73A'     0.852339  
	  28A"     0.859912    74A'     0.888290    75A'     0.892551  
	  76A'     0.914022    77A'     0.920507    78A'     0.927354  
	  29A"     0.927583    30A"     0.945462    79A'     0.949113  
	  31A"     0.949702    80A'     0.963031    32A"     0.972676  
	  81A'     0.993931    33A"     1.035165    82A'     1.044688  
	  83A'     1.071105    34A"     1.071909    84A'     1.104119  
	  85A'     1.106893    86A'     1.113347    35A"     1.146091  
	  87A'     1.150130    88A'     1.163217    89A'     1.172535  
	  36A"     1.177358    90A'     1.179619    91A'     1.186102  
	  37A"     1.199803    92A'     1.200351    93A'     1.219568  
	  94A'     1.226705    95A'     1.252005    96A'     1.260157  
	  38A"     1.264538    39A"     1.282924    97A'     1.285299  
	  98A'     1.319684    40A"     1.322133    41A"     1.361855  
	  99A'     1.384457   100A'     1.412323   101A'     1.418226  
	  42A"     1.420174   102A'     1.429827   103A'     1.451521  
	  43A"     1.469875   104A'     1.523268    44A"     1.526395  
	 105A'     1.544514    45A"     1.548063   106A'     1.563476  
	 107A'     1.580131    46A"     1.585182    47A"     1.594813  
	 108A'     1.599281    48A"     1.606297   109A'     1.625620  
	  49A"     1.645117   110A'     1.666467   111A'     1.671990  
	  50A"     1.681982   112A'     1.685918   113A'     1.716202  
	 114A'     1.722201    51A"     1.723132    52A"     1.748636  
	  53A"     1.749833   115A'     1.752846   116A'     1.757160  
	 117A'     1.782650    54A"     1.793334   118A'     1.805276  
	 119A'     1.825422   120A'     1.859137   121A'     1.864120  
	 122A'     1.871893    55A"     1.892640   123A'     1.910931  
	  56A"     1.934877   124A'     1.946258    57A"     1.953873  
	 125A'     1.972807    58A"     1.976027   126A'     1.979462  
	 127A'     1.995572   128A'     1.998567    59A"     2.004014  
	 129A'     2.027612    60A"     2.037070   130A'     2.043846  
	  61A"     2.047560   131A'     2.065865   132A'     2.091412  
	 133A'     2.116505    62A"     2.128917    63A"     2.144838  
	 134A'     2.147303   135A'     2.165895    64A"     2.167196  
	  65A"     2.185117   136A'     2.188652    66A"     2.189428  
	  67A"     2.212224    68A"     2.237759   137A'     2.251090  
	 138A'     2.271505    69A"     2.279492    70A"     2.283223  
	 139A'     2.286562    71A"     2.293529   140A'     2.300666  
	 141A'     2.314350    72A"     2.316155   142A'     2.325446  
	 143A'     2.343996   144A'     2.350889    73A"     2.364732  
	  74A"     2.386614   145A'     2.396390   146A'     2.406600  
	 147A'     2.419096   148A'     2.435071   149A'     2.439003  
	 150A'     2.457945    75A"     2.459974    76A"     2.470040  
	 151A'     2.473038   152A'     2.493583    77A"     2.502923  
	  78A"     2.510070    79A"     2.517207   153A'     2.535119  
	  80A"     2.539585   154A'     2.566097    81A"     2.574592  
	 155A'     2.612831   156A'     2.634998    82A"     2.652399  
	 157A'     2.657391    83A"     2.668322    84A"     2.694662  
	 158A'     2.698039   159A'     2.723868    85A"     2.732723  
	 160A'     2.744992   161A'     2.751809   162A'     2.762747  
	  86A"     2.773776   163A'     2.780812   164A'     2.788477  
	 165A'     2.795368    87A"     2.795560    88A"     2.826039  
	 166A'     2.826702    89A"     2.838470   167A'     2.868694  
	 168A'     2.894715    90A"     2.899641    91A"     2.912686  
	 169A'     2.913482   170A'     2.956702   171A'     2.965837  
	 172A'     3.009108   173A'     3.019422   174A'     3.057971  
	 175A'     3.076640   176A'     3.084121    92A"     3.094763  
	  93A"     3.115021   177A'     3.117036   178A'     3.118900  
	 179A'     3.135665    94A"     3.161762   180A'     3.167870  
	 181A'     3.191506    95A"     3.199837    96A"     3.202431  
	 182A'     3.230701   183A'     3.244307   184A'     3.264450  
	  97A"     3.266618    98A"     3.293795    99A"     3.355717  
	 185A'     3.370983   100A"     3.373110   186A'     3.403251  
	 187A'     3.473901   188A'     3.488605   101A"     3.491813  
	 102A"     3.529574   189A'     3.532347   103A"     3.571108  
	 190A'     3.573269   191A'     3.586933   104A"     3.614324  
	 105A"     3.649385   192A'     3.661938   193A'     3.712579  
	 194A'     3.740873   195A'     3.757407   196A'     3.786433  
	 106A"     3.828543   197A'     3.830136   198A'     3.851709  
	 199A'     3.863712   200A'     3.883616   201A'     3.896354  
	 202A'     3.923082   107A"     3.928476   108A"     3.941177  
	 203A'     3.945370   204A'     3.962221   109A"     3.962404  
	 205A'     3.977304   206A'     4.001549   207A'     4.027499  
	 208A'     4.049607   110A"     4.057709   111A"     4.073971  
	 209A'     4.077945   210A'     4.108613   112A"     4.110763  
	 211A'     4.141247   113A"     4.162990   114A"     4.166687  
	 212A'     4.172722   213A'     4.191573   214A'     4.209385  
	 215A'     4.264617   216A'     4.277017   115A"     4.297478  
	 217A'     4.303318   218A'     4.315892   116A"     4.338219  
	 117A"     4.342634   219A'     4.363912   220A'     4.424767  
	 118A"     4.446588   221A'     4.457420   222A'     4.482703  
	 119A"     4.512606   223A'     4.531212   224A'     4.570629  
	 225A'     4.625853   226A'     4.628345   227A'     4.644624  
	 120A"     4.656508   228A'     4.699960   229A'     4.740601  
	 230A'     4.750822   121A"     4.800846   231A'     4.815266  
	 232A'     4.833820   122A"     4.899676   233A'     4.900022  
	 123A"     4.913038   234A'     4.914268   235A'     4.927760  
	 236A'     4.978337   124A"     5.090715   125A"     5.130113  
	 237A'     5.158480   238A'     5.160541   126A"     5.189483  
	 127A"     5.202999   128A"     5.251240   239A'     5.335244  
	 129A"     5.363801   240A'     5.383482   130A"     5.392558  
	 241A'     5.393859   242A'     5.409526   243A'     5.431498  
	 131A"     5.438392   244A'     5.441587   245A'     5.477506  
	 246A'     5.512194   247A'     5.526280   132A"     5.568212  
	 248A'     5.569117   133A"     5.615915   134A"     5.621613  
	 135A"     5.649108   136A"     5.665545   249A'     5.665875  
	 137A"     5.669905   250A'     5.678354   138A"     5.693428  
	 139A"     5.722317   140A"     5.737917   141A"     5.854530  
	 251A'     5.890196   142A"     5.920326   252A'     5.931488  
	 143A"     5.962147   253A'     5.963060   144A"     5.986082  
	 254A'     6.004830   145A"     6.007631   146A"     6.009651  
	 255A'     6.010633   147A"     6.041940   256A'     6.052281  
	 257A'     6.060401   148A"     6.064180   258A'     6.084816  
	 149A"     6.086331   259A'     6.103423   260A'     6.131152  
	 150A"     6.133748   261A'     6.145033   262A'     6.151642  
	 151A"     6.157087   263A'     6.175221   152A"     6.183821  
	 264A'     6.200933   153A"     6.236028   265A'     6.255132  
	 266A'     6.263415   154A"     6.270877   155A"     6.290437  
	 156A"     6.294842   157A"     6.304807   267A'     6.322136  
	 268A'     6.327281   269A'     6.332393   158A"     6.358610  
	 159A"     6.378294   270A'     6.385125   271A'     6.410300  
	 272A'     6.427474   160A"     6.443554   161A"     6.450329  
	 273A'     6.450875   162A"     6.485237   274A'     6.487509  
	 163A"     6.494636   275A'     6.524796   164A"     6.538426  
	 276A'     6.559406   277A'     6.584854   278A'     6.590208  
	 279A'     6.610605   280A'     6.614952   281A'     6.619292  
	 282A'     6.625051   165A"     6.639470   283A'     6.641206  
	 284A'     6.645012   285A'     6.702608   166A"     6.718152  
	 167A"     6.719265   286A'     6.723445   168A"     6.725114  
	 169A"     6.746261   287A'     6.755359   170A"     6.763898  
	 288A'     6.792875   289A'     6.801899   290A'     6.811579  
	 171A"     6.882532   291A'     6.900031   172A"     6.925853  
	 292A'     6.931389   173A"     6.991388   293A'     6.991838  
	 294A'     7.001319   295A'     7.011813   174A"     7.027782  
	 175A"     7.064900   296A'     7.065680   297A'     7.079513  
	 176A"     7.085541   177A"     7.118280   298A'     7.126778  
	 178A"     7.132145   179A"     7.148667   299A'     7.149431  
	 300A'     7.181157   180A"     7.182928   301A'     7.237708  
	 181A"     7.238092   302A'     7.284604   182A"     7.285190  
	 183A"     7.294083   303A'     7.312203   184A"     7.319734  
	 185A"     7.325009   304A'     7.359785   305A'     7.383203  
	 186A"     7.386618   306A'     7.402512   187A"     7.423857  
	 188A"     7.522585   189A"     7.543034   307A'     7.554491  
	 190A"     7.587477   191A"     7.599198   308A'     7.601423  
	 309A'     7.613267   310A'     7.650131   311A'     7.671835  
	 312A'     7.684449   313A'     7.692283   314A'     7.738368  
	 192A"     7.750336   315A'     7.783440   316A'     7.812735  
	 193A"     7.830519   317A'     7.834225   194A"     7.897481  
	 195A"     7.922001   318A'     7.947334   319A'     7.986522  
	 320A'     7.993340   321A'     8.004977   322A'     8.026141  
	 196A"     8.033877   323A'     8.041307   197A"     8.067379  
	 198A"     8.086133   324A'     8.088172   325A'     8.103241  
	 326A'     8.118339   199A"     8.136465   200A"     8.167810  
	 327A'     8.177549   328A'     8.191293   329A'     8.212063  
	 330A'     8.226846   201A"     8.238557   331A'     8.262540  
	 202A"     8.268053   332A'     8.279146   203A"     8.294811  
	 204A"     8.305722   333A'     8.330621   334A'     8.382310  
	 335A'     8.433834   336A'     8.452047   205A"     8.471827  
	 206A"     8.483685   337A'     8.514588   207A"     8.541208  
	 338A'     8.581249   208A"     8.609496   209A"     8.612417  
	 339A'     8.614188   210A"     8.622350   340A'     8.625855  
	 211A"     8.638374   212A"     8.676213   341A'     8.688392  
	 342A'     8.695554   213A"     8.717155   343A'     8.732571  
	 214A"     8.767603   344A'     8.769489   215A"     8.791781  
	 345A'     8.801901   216A"     8.809059   346A'     8.813880  
	 347A'     8.848671   348A'     8.875010   217A"     8.910496  
	 349A'     8.918602   218A"     8.951940   350A'     8.978287  
	 351A'     8.997754   352A'     9.007391   219A"     9.032572  
	 353A'     9.034640   220A"     9.047469   354A'     9.083948  
	 221A"     9.136072   355A'     9.176070   222A"     9.219044  
	 223A"     9.230873   356A'     9.304545   224A"     9.326061  
	 357A'     9.354084   225A"     9.421884   358A'     9.426064  
	 359A'     9.430251   360A'     9.458068   361A'     9.521957  
	 362A'     9.523360   363A'     9.692339   364A'     9.751430  
	 365A'     9.837021   366A'     9.866381   367A'     9.870545  
	 368A'     9.894184   369A'     9.918990   370A'     9.941784  
	 371A'     9.985111   226A"    10.040443   227A"    10.064275  
	 372A'    10.087607   228A"    10.127281   373A'    10.149400  
	 374A'    10.190825   375A'    10.207187   229A"    10.226538  
	 376A'    10.297596   377A'    10.317785   230A"    10.344255  
	 378A'    10.376813   379A'    10.538517   380A'    10.563197  
	 231A"    10.581968   381A'    10.603041   382A'    10.643685  
	 383A'    10.671636   232A"    10.744848   384A'    10.749300  
	 385A'    10.827440   386A'    10.844150   387A'    11.005687  
	 388A'    11.132739   389A'    11.202054   233A"    11.290667  
	 234A"    11.395084   390A'    11.612479   391A'    11.642418  
	 235A"    11.704159   392A'    11.844364   393A'    11.934340  
	 394A'    12.183976   395A'    12.340045   236A"    12.422496  
	 396A'    12.427944   397A'    12.437389   237A"    12.450269  
	 398A'    12.472723   399A'    12.589610   400A'    12.702153  
	 401A'    12.853592   402A'    13.708680   238A"    13.811788  
	 403A'    14.277300   239A"    14.638981   404A'    14.682650  
	 240A"    14.878071   405A'    16.461310   241A"    16.878529  
	 406A'    23.877229   407A'    24.575397   408A'    24.671101  
	 409A'    25.029824   410A'    25.383625   411A'    25.561272  
	 412A'    25.801021   413A'    44.450073  

	Final Occupation by Irrep:
	         A'    A" 
	DOCC [    28,    6 ]

  Energy converged.

  @DF-RHF Final Energy:  -765.79492756998616

   => Energetics <=

    Nuclear Repulsion Energy =            380.4036681600709926
    One-Electron Energy =               -1806.5918221471026754
    Two-Electron Energy =                 660.3932264170468898
    DFT Exchange-Correlation Energy =       0.0000000000000000
    Empirical Dispersion Energy =           0.0000000000000000
    Total Energy =                       -765.7949275699847931



Properties will be evaluated at   0.000000,   0.000000,   0.000000 Bohr
  ==> Properties <==


Properties computed using the SCF density density matrix
  Nuclear Dipole Moment: (a.u.)
     X:    -5.5063      Y:   -13.0031      Z:     0.0000

  Electronic Dipole Moment: (a.u.)
     X:     4.5935      Y:    11.6783      Z:     0.0000

  Dipole Moment: (a.u.)
     X:    -0.9128      Y:    -1.3247      Z:     0.0000     Total:     1.6087

  Dipole Moment: (Debye)
     X:    -2.3200      Y:    -3.3671      Z:     0.0000     Total:     4.0890


  Saving occupied orbitals to File 180.

*** tstop() called on n064 at Mon Jul 18 16:06:55 2016
Module time:
	user time   =     728.54 seconds =      12.14 minutes
	system time =      53.76 seconds =       0.90 minutes
	total time  =        449 seconds =       7.48 minutes
Total time:
	user time   =     728.54 seconds =      12.14 minutes
	system time =      53.76 seconds =       0.90 minutes
	total time  =        449 seconds =       7.48 minutes

  //>>>>>>>>>>>>>>>>>>>>>>>>>>>>>>>>>>>//
  //               DFMP2               //
  //<<<<<<<<<<<<<<<<<<<<<<<<<<<<<<<<<<<//


*** tstart() called on n064
*** at Mon Jul 18 16:06:55 2016

	 --------------------------------------------------------
	                          DF-MP2                         
	      2nd-Order Density-Fitted Moller-Plesset Theory     
	              RMP2 Wavefunction,   4 Threads             
	                                                         
	        Rob Parrish, Justin Turney, Andy Simmonett,      
	           Ed Hohenstein, and C. David Sherrill          
	 --------------------------------------------------------

   => Auxiliary Basis Set <=

  Basis Set: cc-pvqz-ri
    Number of shells: 353
    Number of basis function: 1467
    Number of Cartesian functions: 1969
    Spherical Harmonics?: true
    Max angular momentum: 5

	 --------------------------------------------------------
	                 NBF =   654, NAUX =  1467
	 --------------------------------------------------------
	   CLASS    FOCC     OCC    AOCC    AVIR     VIR    FVIR
	   PAIRS      12      34      22     620     620       0
	 --------------------------------------------------------

	 Will save fitting metric to file 97.

	----------------------------------------------------------
	 ==================> DF-MP2 Energies <=================== 
	----------------------------------------------------------
	 Reference Energy          =    -765.7949275699861573 [H]
	 Singles Energy            =      -0.0000000000110423 [H]
	 Same-Spin Energy          =      -0.3677664465165032 [H]
	 Opposite-Spin Energy      =      -1.1305086090534322 [H]
	 Correlation Energy        =      -1.4982750555809776 [H]
	 Total Energy              =    -767.2932026255671190 [H]
	----------------------------------------------------------
	 ================> DF-SCS-MP2 Energies <================= 
	----------------------------------------------------------
	 SCS Same-Spin Scale       =       0.3333333333333333 [-]
	 SCS Opposite-Spin Scale   =       1.2000000000000000 [-]
	 SCS Same-Spin Energy      =      -0.1225888155055011 [H]
	 SCS Opposite-Spin Energy  =      -1.3566103308641186 [H]
	 SCS Correlation Energy    =      -1.4791991463806620 [H]
	 SCS Total Energy          =    -767.2741267163668226 [H]
	----------------------------------------------------------


*** tstop() called on n064 at Mon Jul 18 16:07:32 2016
Module time:
	user time   =     118.42 seconds =       1.97 minutes
	system time =       5.09 seconds =       0.08 minutes
	total time  =         37 seconds =       0.62 minutes
Total time:
	user time   =     846.96 seconds =      14.12 minutes
	system time =      58.85 seconds =       0.98 minutes
	total time  =        486 seconds =       8.10 minutes

  //>>>>>>>>>>>>>>>>>>>>>>>>>>>>>>>>>>>//
  //     CP Computation: Monomer 1.    //
  //           Full Basis Set.         //
  //<<<<<<<<<<<<<<<<<<<<<<<<<<<<<<<<<<<//


*** tstart() called on n064
*** at Mon Jul 18 16:07:33 2016


         ---------------------------------------------------------
                                   SCF
            by Justin Turney, Rob Parrish, and Andy Simmonett
                              RHF Reference
                        4 Threads,   1000 MiB Core
         ---------------------------------------------------------

  ==> Geometry <==

    Molecular point group: cs
    Full point group: Cs

    Geometry (in Angstrom), charge = 0, multiplicity = 1:

       Center              X                  Y                   Z       
    ------------   -----------------  -----------------  -----------------
           C         -0.638109246332     0.216361706244     0.000000000000
           H         -1.576423246332     0.776400706244     0.000000000000
           C         -0.628770246332    -1.190688293756     0.000000000000
           H         -1.578809246332    -1.733083293756     0.000000000000
           C          0.588433753668    -1.897268293756     0.000000000000
           H          0.588433753668    -2.990701293756     0.000000000000
           C          1.805637753668    -1.190688293756     0.000000000000
           H          2.755676753668    -1.733084293756     0.000000000000
           C          1.814976753668     0.216362706244     0.000000000000
           H          2.753290753668     0.776401706244     0.000000000000
           C          0.588433753668     0.901938706244     0.000000000000
          CL          0.588433753668     2.656039706244     0.000000000000
           O(Gh)     -3.602536246332    -2.888467293756     0.000000000000
           H(Gh)     -4.111336246332    -3.178950293756     0.756950000000
           H(Gh)     -4.111336246332    -3.178950293756    -0.756950000000

  Running in cs symmetry.

  Nuclear repulsion =  312.956865170104265

  Charge       = 0
  Multiplicity = 1
  Electrons    = 58
  Nalpha       = 29
  Nbeta        = 29

  ==> Algorithm <==

  SCF Algorithm Type is DF.
  DIIS enabled.
  MOM disabled.
  Fractional occupation disabled.
  Guess Type is SAD.
  Energy threshold   = 1.00e-08
  Density threshold  = 1.00e-08
  Integral threshold = 0.00e+00

  ==> Primary Basis <==

  Basis Set: CC-PVQZ
    Number of shells: 192
    Number of basis function: 654
    Number of Cartesian functions: 809
    Spherical Harmonics?: true
    Max angular momentum: 4

  ==> Pre-Iterations <==

   -------------------------------------------------------
    Irrep   Nso     Nmo     Nalpha   Nbeta   Ndocc  Nsocc
   -------------------------------------------------------
     A'       413     413       0       0       0       0
     A"       241     241       0       0       0       0
   -------------------------------------------------------
    Total     654     654      29      29      29       0
   -------------------------------------------------------

 OEINTS: Wrapper to libmints.
   by Justin Turney

   Calculation information:
      Number of atoms:                  15
      Number of AO shells:             192
      Number of SO shells:             182
      Number of primitives:            382
      Number of atomic orbitals:       809
      Number of basis functions:       654

      Number of irreps:                  2
      Number of functions per irrep: [ 413  241 ]

      Overlap, kinetic, potential, dipole, and quadrupole integrals
        stored in file 35.

  ==> Integral Setup <==

  ==> DFJK: Density-Fitted J/K Matrices <==

    J tasked:                  Yes
    K tasked:                  Yes
    wK tasked:                  No
    OpenMP threads:              4
    Integrals threads:           4
    Memory (MB):               715
    Algorithm:                Disk
    Integral Cache:           LOAD
    Schwarz Cutoff:          1E-12
    Fitting Condition:       1E-12

   => Auxiliary Basis Set <=

  Basis Set: CC-PVQZ-JKFIT
    Number of shells: 327
    Number of basis function: 1247
    Number of Cartesian functions: 1647
    Spherical Harmonics?: true
    Max angular momentum: 5

  Minimum eigenvalue in the overlap matrix is 6.4619401926E-06.
  Using Symmetric Orthogonalization.
  SCF Guess: Superposition of Atomic Densities via on-the-fly atomic UHF.

  ==> Iterations <==

                           Total Energy        Delta E     RMS |[F,P]|

   @DF-RHF iter   0:  -691.84115370961092   -6.91841e+02   9.50681e-03 
   @DF-RHF iter   1:  -689.54315257669055    2.29800e+00   1.00436e-03 
   @DF-RHF iter   2:  -689.69993952142795   -1.56787e-01   4.27269e-04 DIIS
   @DF-RHF iter   3:  -689.72136764874381   -2.14281e-02   2.00504e-04 DIIS
   @DF-RHF iter   4:  -689.72767433588206   -6.30669e-03   5.07519e-05 DIIS
   @DF-RHF iter   5:  -689.72811900253532   -4.44667e-04   1.54136e-05 DIIS
   @DF-RHF iter   6:  -689.72817400913857   -5.50066e-05   5.60042e-06 DIIS
   @DF-RHF iter   7:  -689.72818393023817   -9.92110e-06   1.91682e-06 DIIS
   @DF-RHF iter   8:  -689.72818523757633   -1.30734e-06   6.87364e-07 DIIS
   @DF-RHF iter   9:  -689.72818544950098   -2.11925e-07   3.03530e-07 DIIS
   @DF-RHF iter  10:  -689.72818549754095   -4.80400e-08   1.77907e-07 DIIS
   @DF-RHF iter  11:  -689.72818551565069   -1.81097e-08   6.88310e-08 DIIS
   @DF-RHF iter  12:  -689.72818551844307   -2.79238e-09   2.23624e-08 DIIS
   @DF-RHF iter  13:  -689.72818551863304   -1.89971e-10   6.17793e-09 DIIS

  ==> Post-Iterations <==

	Orbital Energies (a.u.)
	-----------------------

	Doubly Occupied:                                                      

	   1A'  -104.838822     2A'   -11.309209     3A'   -11.256373  
	   4A'   -11.256362     5A'   -11.255241     6A'   -11.255129  
	   7A'   -11.251302     8A'   -10.564072     9A'    -8.031179  
	  10A'    -8.029475     1A"    -8.029422    11A'    -1.182953  
	  12A'    -1.113769    13A'    -1.027144    14A'    -0.993348  
	  15A'    -0.842603    16A'    -0.816811    17A'    -0.706159  
	  18A'    -0.647754    19A'    -0.642619    20A'    -0.601063  
	  21A'    -0.586309     2A"    -0.540358    22A'    -0.516517  
	  23A'    -0.510147     3A"    -0.467638    24A'    -0.454521  
	   4A"    -0.350420     5A"    -0.335939  

	Virtual:                                                              

	  25A'     0.080481     6A"     0.104172     7A"     0.106418  
	  26A'     0.121237    27A'     0.141047    28A'     0.150154  
	   8A"     0.166698    29A'     0.167107    30A'     0.176376  
	  31A'     0.199538    32A'     0.243397    33A'     0.266140  
	   9A"     0.279376    34A'     0.285293    35A'     0.311249  
	  10A"     0.312143    36A'     0.316505    11A"     0.341383  
	  37A'     0.347424    12A"     0.355718    38A'     0.362238  
	  39A'     0.368403    40A'     0.381238    13A"     0.399770  
	  41A'     0.410308    14A"     0.414871    42A'     0.421602  
	  43A'     0.429028    44A'     0.441079    15A"     0.442688  
	  45A'     0.443644    46A'     0.462483    16A"     0.474560  
	  47A'     0.474658    48A'     0.481393    49A'     0.489445  
	  17A"     0.493117    50A'     0.500671    51A'     0.525501  
	  18A"     0.526216    52A'     0.550801    19A"     0.552589  
	  53A'     0.574879    54A'     0.582286    55A'     0.596731  
	  56A'     0.615888    57A'     0.625796    20A"     0.645686  
	  58A'     0.656507    21A"     0.669076    59A'     0.684003  
	  60A'     0.685470    22A"     0.700526    61A'     0.705778  
	  23A"     0.707756    62A'     0.747089    24A"     0.765077  
	  25A"     0.768796    63A'     0.772353    64A'     0.783020  
	  65A'     0.789224    26A"     0.801596    66A'     0.808094  
	  67A'     0.830234    68A'     0.849092    69A'     0.854411  
	  27A"     0.860782    70A'     0.877567    71A'     0.886180  
	  72A'     0.896351    73A'     0.903395    74A'     0.913468  
	  28A"     0.921946    75A'     0.937300    29A"     0.940251  
	  30A"     0.950269    76A'     0.952381    77A'     0.975175  
	  78A'     0.990146    31A"     1.000284    79A'     1.017953  
	  32A"     1.025788    80A'     1.055846    33A"     1.067848  
	  81A'     1.095154    82A'     1.097780    83A'     1.132333  
	  84A'     1.140117    34A"     1.143569    85A'     1.153357  
	  86A'     1.163723    35A"     1.168132    87A'     1.173879  
	  88A'     1.187326    36A"     1.189731    89A'     1.203920  
	  90A'     1.216824    91A'     1.241074    92A'     1.249008  
	  37A"     1.255318    93A'     1.274958    38A"     1.275184  
	  94A'     1.319283    39A"     1.347869    40A"     1.353371  
	  95A'     1.366057    96A'     1.403478    97A'     1.416415  
	  98A'     1.488156    41A"     1.511855    99A'     1.514878  
	 100A'     1.522816    42A"     1.534379   101A'     1.535281  
	 102A'     1.561784    43A"     1.577654   103A'     1.579247  
	  44A"     1.582345    45A"     1.594891   104A'     1.600494  
	  46A"     1.634242   105A'     1.634911    47A"     1.641110  
	  48A"     1.663612   106A'     1.663629   107A'     1.675910  
	  49A"     1.679576   108A'     1.698192   109A'     1.704168  
	  50A"     1.714032   110A'     1.733526    51A"     1.737602  
	  52A"     1.739825   111A'     1.745320   112A'     1.748110  
	 113A'     1.759435   114A'     1.775792    53A"     1.786197  
	 115A'     1.803828   116A'     1.818563   117A'     1.853375  
	 118A'     1.861337   119A'     1.874858    54A"     1.900892  
	 120A'     1.905488   121A'     1.939282    55A"     1.939933  
	 122A'     1.955840    56A"     1.957233    57A"     1.964956  
	 123A'     1.969713   124A'     1.978425    58A"     1.991865  
	 125A'     2.003220   126A'     2.016827   127A'     2.022527  
	  59A"     2.027347    60A"     2.041164   128A'     2.068259  
	 129A'     2.070446   130A'     2.110790    61A"     2.119638  
	 131A'     2.130941    62A"     2.133974    63A"     2.156783  
	  64A"     2.175419   132A'     2.175490    65A"     2.178318  
	 133A'     2.185420    66A"     2.210085    67A"     2.226536  
	 134A'     2.238684   135A'     2.256243    68A"     2.272179  
	 136A'     2.275090    69A"     2.283115   137A'     2.297973  
	  70A"     2.305835   138A'     2.307372   139A'     2.318590  
	 140A'     2.332487   141A'     2.346365   142A'     2.354663  
	  71A"     2.361977   143A'     2.387537   144A'     2.400601  
	 145A'     2.418583    72A"     2.426659   146A'     2.431775  
	 147A'     2.439080    73A"     2.448108   148A'     2.453319  
	  74A"     2.475412   149A'     2.486275    75A"     2.499919  
	  76A"     2.528484    77A"     2.531463    78A"     2.540168  
	 150A'     2.546748   151A'     2.557282   152A'     2.600032  
	  79A"     2.641047   153A'     2.655205    80A"     2.677601  
	  81A"     2.688996   154A'     2.710258   155A'     2.726540  
	 156A'     2.729712    82A"     2.730577   157A'     2.739066  
	 158A'     2.743371    83A"     2.755299    84A"     2.761780  
	 159A'     2.773043   160A'     2.779277   161A'     2.783682  
	  85A"     2.785617   162A'     2.790793   163A'     2.819444  
	  86A"     2.820017    87A"     2.842221   164A'     2.859219  
	  88A"     2.886867   165A'     2.892592    89A"     2.905799  
	 166A'     2.946164   167A'     2.954021   168A'     2.976306  
	 169A'     3.002606   170A'     3.013670   171A'     3.056016  
	 172A'     3.072299    90A"     3.080288    91A"     3.084677  
	 173A'     3.091404   174A'     3.105856    92A"     3.114464  
	 175A'     3.124972    93A"     3.151836   176A'     3.156752  
	 177A'     3.158790    94A"     3.189506    95A"     3.191485  
	 178A'     3.210765   179A'     3.225829   180A'     3.248477  
	  96A"     3.258664    97A"     3.287456   181A'     3.298019  
	  98A"     3.353240   182A'     3.362447   183A'     3.406277  
	 184A'     3.476168    99A"     3.479008   100A"     3.517544  
	 185A'     3.538635   101A"     3.560415   186A'     3.569821  
	 187A'     3.590421   102A"     3.634099   188A'     3.653856  
	 103A"     3.666832   189A'     3.703841   190A'     3.729482  
	 191A'     3.746020   192A'     3.777321   104A"     3.810016  
	 193A'     3.823384   194A'     3.842414   195A'     3.863323  
	 196A'     3.875001   197A'     3.892100   198A'     3.912661  
	 105A"     3.917712   106A"     3.929702   199A'     3.945254  
	 107A"     3.952841   200A'     3.954774   108A"     3.971190  
	 201A'     3.983775   202A'     4.002909   203A'     4.058397  
	 109A"     4.064335   110A"     4.068436   204A'     4.091097  
	 205A'     4.124215   206A'     4.134440   111A"     4.156115  
	 112A"     4.159229   207A'     4.167465   208A'     4.202661  
	 209A'     4.248093   113A"     4.293932   210A'     4.294373  
	 211A'     4.297130   212A'     4.318423   114A"     4.330405  
	 115A"     4.335183   213A'     4.355242   214A'     4.370211  
	 215A'     4.414346   116A"     4.416489   216A'     4.443477  
	 217A'     4.470103   117A"     4.504362   218A'     4.519274  
	 219A'     4.600590   220A'     4.611155   221A'     4.619844  
	 222A'     4.639454   118A"     4.645956   119A"     4.682563  
	 223A'     4.738808   224A'     4.801792   225A'     4.802400  
	 226A'     4.824915   227A'     4.888206   120A"     4.891189  
	 228A'     4.896500   229A'     4.917571   230A'     4.966507  
	 121A"     5.079322   231A'     5.088241   122A"     5.114705  
	 232A'     5.147579   233A'     5.148999   123A"     5.150561  
	 124A"     5.178220   125A"     5.191533   126A"     5.240987  
	 234A'     5.297239   235A'     5.324530   236A'     5.373249  
	 127A"     5.379465   237A'     5.397139   238A'     5.420223  
	 128A"     5.427105   239A'     5.430379   240A'     5.462718  
	 241A'     5.501218   242A'     5.513144   129A"     5.556455  
	 243A'     5.557539   130A"     5.604657   131A"     5.610100  
	 132A"     5.637426   244A'     5.652817   133A"     5.653590  
	 134A"     5.657862   245A'     5.662212   135A"     5.677237  
	 246A'     5.702931   136A"     5.710949   137A"     5.726282  
	 138A"     5.729732   247A'     5.746835   248A'     5.772189  
	 139A"     5.842757   249A'     5.879816   140A"     5.909098  
	 250A'     5.923119   141A"     5.946925   142A"     5.969135  
	 143A"     5.974732   251A'     5.993098   144A"     5.997577  
	 145A"     5.998304   252A'     6.000105   146A"     6.029948  
	 253A'     6.041449   254A'     6.049786   147A"     6.054018  
	 148A"     6.076044   255A'     6.078259   256A'     6.113818  
	 149A"     6.122639   257A'     6.132666   258A'     6.140680  
	 150A"     6.146231   259A'     6.163690   151A"     6.175111  
	 260A'     6.188478   261A'     6.204227   262A'     6.243759  
	 263A'     6.252147   152A"     6.258258   264A'     6.276656  
	 153A"     6.279226   154A"     6.283292   265A'     6.311736  
	 266A'     6.316020   267A'     6.321634   155A"     6.345961  
	 156A"     6.365730   268A'     6.371757   269A'     6.399468  
	 270A'     6.415981   157A"     6.432409   158A"     6.436537  
	 271A'     6.439009   159A"     6.472671   272A'     6.476162  
	 160A"     6.483207   273A'     6.512994   161A"     6.524940  
	 162A"     6.525314   274A'     6.546797   275A'     6.573493  
	 276A'     6.577984   163A"     6.597449   277A'     6.599275  
	 278A'     6.602240   279A'     6.608598   280A'     6.613408  
	 164A"     6.627080   281A'     6.629787   282A'     6.632803  
	 283A'     6.691273   165A"     6.708019   284A'     6.713095  
	 166A"     6.714669   167A"     6.735518   168A"     6.745178  
	 285A'     6.748075   169A"     6.755840   286A'     6.774587  
	 287A'     6.788611   288A'     6.800300   170A"     6.871216  
	 289A'     6.889434   171A"     6.915794   290A'     6.919652  
	 172A"     6.980230   291A'     6.980966   292A'     6.991739  
	 293A'     7.001231   173A"     7.019832   294A'     7.055606  
	 295A'     7.068919   174A"     7.073407   175A"     7.103290  
	 296A'     7.116404   176A"     7.119402   177A"     7.136689  
	 297A'     7.139637   178A"     7.139960   298A'     7.170840  
	 179A"     7.171449   299A'     7.194084   180A"     7.226361  
	 300A'     7.227123   301A'     7.274472   181A"     7.280622  
	 182A"     7.307770   183A"     7.313520   302A'     7.371069  
	 184A"     7.375681   303A'     7.394706   185A"     7.521142  
	 186A"     7.575810   187A"     7.586968   304A'     7.592793  
	 188A"     7.604153   305A'     7.614563   306A'     7.658386  
	 307A'     7.672455   308A'     7.675259   309A'     7.685045  
	 310A'     7.721995   189A"     7.737210   311A'     7.772785  
	 312A'     7.801692   190A"     7.815890   313A'     7.820789  
	 191A"     7.874409   192A"     7.908076   314A'     7.937367  
	 193A"     7.949332   315A'     7.980916   316A'     7.992736  
	 317A'     8.007320   194A"     8.023568   318A'     8.030412  
	 195A"     8.064653   196A"     8.074222   319A'     8.077794  
	 320A'     8.089764   321A'     8.093028   322A'     8.108779  
	 197A"     8.154028   323A'     8.169090   324A'     8.185615  
	 325A'     8.213367   198A"     8.225592   326A'     8.243599  
	 327A'     8.249926   199A"     8.276952   328A'     8.293859  
	 200A"     8.372034   329A'     8.421836   330A'     8.423378  
	 201A"     8.460141   202A"     8.468223   331A'     8.474226  
	 203A"     8.527288   332A'     8.550193   333A'     8.586877  
	 204A"     8.599356   205A"     8.602998   334A'     8.603708  
	 335A'     8.611625   206A"     8.627042   207A"     8.662731  
	 336A'     8.674397   337A'     8.677870   208A"     8.704543  
	 338A'     8.714123   339A'     8.739590   209A"     8.753502  
	 210A"     8.767722   340A'     8.782687   211A"     8.795536  
	 341A'     8.798288   212A"     8.799639   213A"     8.824843  
	 342A'     8.827688   343A'     8.838311   344A'     8.849692  
	 214A"     8.876262   215A"     8.905279   345A'     8.966885  
	 346A'     8.983837   347A'     8.992403   348A'     9.020358  
	 216A"     9.022041   217A"     9.035569   349A'     9.068224  
	 218A"     9.113794   219A"     9.140420   350A'     9.162281  
	 220A"     9.207716   351A'     9.211156   352A'     9.293565  
	 221A"     9.319406   353A'     9.342405   354A'     9.417621  
	 355A'     9.441486   356A'     9.494647   357A'     9.511215  
	 358A'     9.522968   222A"     9.650718   359A'     9.681312  
	 360A'     9.741457   223A"     9.825254   361A'     9.827576  
	 362A'     9.852265   363A'     9.860434   364A'     9.865471  
	 365A'     9.888115   366A'     9.898155   367A'     9.908949  
	 368A'     9.946619   224A"    10.037877   369A'    10.076698  
	 225A"    10.081422   226A"    10.112264   370A'    10.137321  
	 371A'    10.178421   372A'    10.196068   227A"    10.215650  
	 373A'    10.279405   374A'    10.318356   228A"    10.329167  
	 375A'    10.365133   229A"    10.447263   376A'    10.528359  
	 230A"    10.568402   377A'    10.571390   378A'    10.627985  
	 379A'    10.691070   380A'    10.831768   381A'    10.991957  
	 382A'    11.116493   383A'    11.168075   384A'    11.189752  
	 385A'    11.612216   231A"    11.727898   386A'    11.748166  
	 387A'    11.917350   232A"    12.297503   388A'    12.419566  
	 389A'    12.441782   390A'    12.576473   233A"    12.603864  
	 391A'    12.684576   392A'    12.831647   393A'    12.851318  
	 394A'    12.965131   234A"    13.606292   395A'    13.876971  
	 235A"    14.039390   396A'    14.068248   397A'    14.242664  
	 398A'    14.377069   236A"    14.692226   237A"    14.772656  
	 238A"    15.760254   399A'    15.896434   400A'    17.839601  
	 401A'    17.909944   239A"    18.370018   402A'    18.969510  
	 240A"    19.757673   403A'    21.514584   404A'    21.945546  
	 405A'    23.867300   406A'    24.398261   407A'    24.563481  
	 408A'    24.658503   409A'    25.018545   410A'    25.371754  
	 411A'    25.549181   241A"    25.670681   412A'    25.793037  
	 413A'   123.179548  

	Final Occupation by Irrep:
	         A'    A" 
	DOCC [    24,    5 ]

  Energy converged.

  @DF-RHF Final Energy:  -689.72818551863304

   => Energetics <=

    Nuclear Repulsion Energy =            312.9568651701042654
    One-Electron Energy =               -1566.5447811575465948
    Two-Electron Energy =                 563.8597304688098575
    DFT Exchange-Correlation Energy =       0.0000000000000000
    Empirical Dispersion Energy =           0.0000000000000000
    Total Energy =                       -689.7281855186324719



Properties will be evaluated at   0.000000,   0.000000,   0.000000 Bohr
  ==> Properties <==


Properties computed using the SCF density density matrix
  Nuclear Dipole Moment: (a.u.)
     X:    64.4948      Y:    42.6789      Z:     0.0000

  Electronic Dipole Moment: (a.u.)
     X:   -64.4937      Y:   -43.4584      Z:     0.0000

  Dipole Moment: (a.u.)
     X:     0.0010      Y:    -0.7794      Z:     0.0000     Total:     0.7794

  Dipole Moment: (Debye)
     X:     0.0026      Y:    -1.9811      Z:     0.0000     Total:     1.9811


  Saving occupied orbitals to File 180.

*** tstop() called on n064 at Mon Jul 18 16:12:12 2016
Module time:
	user time   =     576.45 seconds =       9.61 minutes
	system time =      39.21 seconds =       0.65 minutes
	total time  =        279 seconds =       4.65 minutes
Total time:
	user time   =    1423.46 seconds =      23.72 minutes
	system time =      98.06 seconds =       1.63 minutes
	total time  =        766 seconds =      12.77 minutes

  //>>>>>>>>>>>>>>>>>>>>>>>>>>>>>>>>>>>//
  //               DFMP2               //
  //<<<<<<<<<<<<<<<<<<<<<<<<<<<<<<<<<<<//


*** tstart() called on n064
*** at Mon Jul 18 16:12:12 2016

	 --------------------------------------------------------
	                          DF-MP2                         
	      2nd-Order Density-Fitted Moller-Plesset Theory     
	              RMP2 Wavefunction,   4 Threads             
	                                                         
	        Rob Parrish, Justin Turney, Andy Simmonett,      
	           Ed Hohenstein, and C. David Sherrill          
	 --------------------------------------------------------

   => Auxiliary Basis Set <=

  Basis Set: CC-PVQZ-RI
    Number of shells: 353
    Number of basis function: 1467
    Number of Cartesian functions: 1969
    Spherical Harmonics?: true
    Max angular momentum: 5

	 --------------------------------------------------------
	                 NBF =   654, NAUX =  1467
	 --------------------------------------------------------
	   CLASS    FOCC     OCC    AOCC    AVIR     VIR    FVIR
	   PAIRS      11      29      18     625     625       0
	 --------------------------------------------------------

	 Will attempt to load fitting metric from file 97.

	----------------------------------------------------------
	 ==================> DF-MP2 Energies <=================== 
	----------------------------------------------------------
	 Reference Energy          =    -689.7281855186330404 [H]
	 Singles Energy            =      -0.0000000000046110 [H]
	 Same-Spin Energy          =      -0.3001406623211034 [H]
	 Opposite-Spin Energy      =      -0.9135721432904329 [H]
	 Correlation Energy        =      -1.2137128056161473 [H]
	 Total Energy              =    -690.9418983242492232 [H]
	----------------------------------------------------------
	 ================> DF-SCS-MP2 Energies <================= 
	----------------------------------------------------------
	 SCS Same-Spin Scale       =       0.3333333333333333 [-]
	 SCS Opposite-Spin Scale   =       1.2000000000000000 [-]
	 SCS Same-Spin Energy      =      -0.1000468874403678 [H]
	 SCS Opposite-Spin Energy  =      -1.0962865719485195 [H]
	 SCS Correlation Energy    =      -1.1963334593934982 [H]
	 SCS Total Energy          =    -690.9245189780265264 [H]
	----------------------------------------------------------


*** tstop() called on n064 at Mon Jul 18 16:12:42 2016
Module time:
	user time   =      95.97 seconds =       1.60 minutes
	system time =       4.52 seconds =       0.08 minutes
	total time  =         30 seconds =       0.50 minutes
Total time:
	user time   =    1519.44 seconds =      25.32 minutes
	system time =     102.58 seconds =       1.71 minutes
	total time  =        796 seconds =      13.27 minutes

  //>>>>>>>>>>>>>>>>>>>>>>>>>>>>>>>>>>>//
  //     CP Computation: Monomer 2.    //
  //           Full Basis Set.         //
  //<<<<<<<<<<<<<<<<<<<<<<<<<<<<<<<<<<<//


*** tstart() called on n064
*** at Mon Jul 18 16:12:42 2016


         ---------------------------------------------------------
                                   SCF
            by Justin Turney, Rob Parrish, and Andy Simmonett
                              RHF Reference
                        4 Threads,   1000 MiB Core
         ---------------------------------------------------------

  ==> Geometry <==

    Molecular point group: cs
    Full point group: Cs

    Geometry (in Angstrom), charge = 0, multiplicity = 1:

       Center              X                  Y                   Z       
    ------------   -----------------  -----------------  -----------------
           C(Gh)     -0.638109246332     0.216361706244     0.000000000000
           H(Gh)     -1.576423246332     0.776400706244     0.000000000000
           C(Gh)     -0.628770246332    -1.190688293756     0.000000000000
           H(Gh)     -1.578809246332    -1.733083293756     0.000000000000
           C(Gh)      0.588433753668    -1.897268293756     0.000000000000
           H(Gh)      0.588433753668    -2.990701293756     0.000000000000
           C(Gh)      1.805637753668    -1.190688293756     0.000000000000
           H(Gh)      2.755676753668    -1.733084293756     0.000000000000
           C(Gh)      1.814976753668     0.216362706244     0.000000000000
           H(Gh)      2.753290753668     0.776401706244     0.000000000000
           C(Gh)      0.588433753668     0.901938706244     0.000000000000
          CL(Gh)      0.588433753668     2.656039706244     0.000000000000
           O         -3.602536246332    -2.888467293756     0.000000000000
           H         -4.111336246332    -3.178950293756     0.756950000000
           H         -4.111336246332    -3.178950293756    -0.756950000000

  Running in cs symmetry.

  Nuclear repulsion =    9.194968460959245

  Charge       = 0
  Multiplicity = 1
  Electrons    = 10
  Nalpha       = 5
  Nbeta        = 5

  ==> Algorithm <==

  SCF Algorithm Type is DF.
  DIIS enabled.
  MOM disabled.
  Fractional occupation disabled.
  Guess Type is SAD.
  Energy threshold   = 1.00e-08
  Density threshold  = 1.00e-08
  Integral threshold = 0.00e+00

  ==> Primary Basis <==

  Basis Set: CC-PVQZ
    Number of shells: 192
    Number of basis function: 654
    Number of Cartesian functions: 809
    Spherical Harmonics?: true
    Max angular momentum: 4

  ==> Pre-Iterations <==

   -------------------------------------------------------
    Irrep   Nso     Nmo     Nalpha   Nbeta   Ndocc  Nsocc
   -------------------------------------------------------
     A'       413     413       0       0       0       0
     A"       241     241       0       0       0       0
   -------------------------------------------------------
    Total     654     654       5       5       5       0
   -------------------------------------------------------

 OEINTS: Wrapper to libmints.
   by Justin Turney

   Calculation information:
      Number of atoms:                  15
      Number of AO shells:             192
      Number of SO shells:             182
      Number of primitives:            382
      Number of atomic orbitals:       809
      Number of basis functions:       654

      Number of irreps:                  2
      Number of functions per irrep: [ 413  241 ]

      Overlap, kinetic, potential, dipole, and quadrupole integrals
        stored in file 35.

  ==> Integral Setup <==

  ==> DFJK: Density-Fitted J/K Matrices <==

    J tasked:                  Yes
    K tasked:                  Yes
    wK tasked:                  No
    OpenMP threads:              4
    Integrals threads:           4
    Memory (MB):               715
    Algorithm:                Disk
    Integral Cache:           LOAD
    Schwarz Cutoff:          1E-12
    Fitting Condition:       1E-12

   => Auxiliary Basis Set <=

  Basis Set: CC-PVQZ-JKFIT
    Number of shells: 327
    Number of basis function: 1247
    Number of Cartesian functions: 1647
    Spherical Harmonics?: true
    Max angular momentum: 5

  Minimum eigenvalue in the overlap matrix is 6.4619401926E-06.
  Using Symmetric Orthogonalization.
  SCF Guess: Superposition of Atomic Densities via on-the-fly atomic UHF.

  ==> Iterations <==

                           Total Energy        Delta E     RMS |[F,P]|

   @DF-RHF iter   0:   -75.92699608245294   -7.59270e+01   3.58662e-03 
   @DF-RHF iter   1:   -76.04145294618080   -1.14457e-01   5.11912e-04 
   @DF-RHF iter   2:   -76.05894249891563   -1.74896e-02   2.88369e-04 DIIS
   @DF-RHF iter   3:   -76.06486607300751   -5.92357e-03   4.17463e-05 DIIS
   @DF-RHF iter   4:   -76.06515170297135   -2.85630e-04   1.22405e-05 DIIS
   @DF-RHF iter   5:   -76.06519661473932   -4.49118e-05   3.18400e-06 DIIS
   @DF-RHF iter   6:   -76.06520008446454   -3.46973e-06   5.44422e-07 DIIS
   @DF-RHF iter   7:   -76.06520017580081   -9.13363e-08   1.04955e-07 DIIS
   @DF-RHF iter   8:   -76.06520017957000   -3.76919e-09   2.25919e-08 DIIS
   @DF-RHF iter   9:   -76.06520017976678   -1.96778e-10   4.42735e-09 DIIS

  ==> Post-Iterations <==

	Orbital Energies (a.u.)
	-----------------------

	Doubly Occupied:                                                      

	   1A'   -20.561371     2A'    -1.350587     1A"    -0.715508  
	   3A'    -0.582633     4A'    -0.509244  

	Virtual:                                                              

	   5A'     0.065913     6A'     0.099033     7A'     0.102800  
	   8A'     0.126200     9A'     0.151215    10A'     0.160322  
	   2A"     0.168741     3A"     0.182011    11A'     0.193708  
	  12A'     0.210020     4A"     0.233008    13A'     0.247038  
	   5A"     0.262925    14A'     0.263475    15A'     0.282845  
	  16A'     0.304791     6A"     0.311857    17A'     0.337622  
	   7A"     0.345757    18A'     0.375425     8A"     0.379520  
	  19A'     0.384082    20A'     0.398620    21A'     0.412235  
	   9A"     0.435269    22A'     0.449103    23A'     0.459051  
	  24A'     0.466847    10A"     0.488500    25A'     0.492404  
	  26A'     0.502581    27A'     0.511434    28A'     0.530444  
	  29A'     0.552313    30A'     0.566982    31A'     0.573078  
	  32A'     0.584475    33A'     0.597663    11A"     0.615299  
	  34A'     0.615567    35A'     0.626503    36A'     0.633379  
	  37A'     0.655040    12A"     0.656019    38A'     0.667350  
	  13A"     0.686862    39A'     0.707104    40A'     0.728371  
	  41A'     0.767081    14A"     0.767350    15A"     0.781701  
	  42A'     0.781960    16A"     0.790960    43A'     0.793014  
	  17A"     0.797801    44A'     0.837497    18A"     0.849242  
	  45A'     0.852715    46A'     0.862304    19A"     0.863860  
	  47A'     0.879836    20A"     0.882367    21A"     0.889811  
	  48A'     0.898301    22A"     0.903350    49A'     0.912410  
	  23A"     0.924280    50A'     0.926922    51A'     0.939868  
	  24A"     0.945297    52A'     0.960223    25A"     0.972284  
	  53A'     0.975264    54A'     0.992648    55A'     1.003256  
	  26A"     1.011923    27A"     1.028749    56A'     1.043909  
	  28A"     1.059592    57A'     1.062534    58A'     1.067295  
	  59A'     1.084782    60A'     1.095411    61A'     1.115230  
	  62A'     1.133674    29A"     1.141629    63A'     1.153773  
	  30A"     1.153855    64A'     1.180861    65A'     1.193946  
	  31A"     1.194377    66A'     1.209459    32A"     1.215857  
	  67A'     1.220127    68A'     1.240300    69A'     1.257671  
	  33A"     1.269807    70A'     1.276630    34A"     1.295905  
	  71A'     1.326158    72A'     1.368221    73A'     1.378214  
	  74A'     1.402321    35A"     1.408492    36A"     1.418772  
	  75A'     1.430407    76A'     1.433276    77A'     1.435324  
	  37A"     1.441136    78A'     1.444337    38A"     1.475095  
	  79A'     1.477919    39A"     1.489485    80A'     1.494824  
	  40A"     1.498897    81A'     1.535454    41A"     1.550655  
	  82A'     1.551354    83A'     1.600776    84A'     1.601304  
	  85A'     1.635238    86A'     1.649917    87A'     1.695892  
	  88A'     1.707501    89A'     1.713457    90A'     1.746392  
	  91A'     1.763576    42A"     1.808304    92A'     1.810613  
	  43A"     1.846932    93A'     1.854359    94A'     1.874176  
	  95A'     1.900784    96A'     1.913465    44A"     1.929769  
	  97A'     1.970780    98A'     2.002964    99A'     2.009564  
	 100A'     2.032241    45A"     2.044038    46A"     2.049483  
	 101A'     2.088491   102A'     2.103100   103A'     2.186314  
	 104A'     2.198102    47A"     2.205311   105A'     2.241821  
	 106A'     2.262645    48A"     2.291384   107A'     2.295633  
	 108A'     2.310896   109A'     2.341835    49A"     2.343030  
	  50A"     2.345797   110A'     2.352881    51A"     2.357015  
	 111A'     2.357963    52A"     2.360764    53A"     2.372775  
	 112A'     2.373831   113A'     2.386660    54A"     2.391040  
	  55A"     2.404883    56A"     2.406947    57A"     2.432226  
	 114A'     2.432851   115A'     2.451235   116A'     2.473008  
	 117A'     2.479067    58A"     2.479505   118A'     2.490531  
	  59A"     2.503058    60A"     2.522239    61A"     2.542214  
	 119A'     2.545287    62A"     2.545913   120A'     2.565695  
	 121A'     2.568170    63A"     2.569386    64A"     2.586564  
	  65A"     2.589082    66A"     2.598730   122A'     2.617605  
	  67A"     2.634352   123A'     2.634607   124A'     2.647565  
	  68A"     2.654188    69A"     2.670196    70A"     2.673658  
	 125A'     2.681316   126A'     2.706984   127A'     2.711670  
	 128A'     2.722417    71A"     2.727139   129A'     2.738891  
	  72A"     2.744295   130A'     2.754817   131A'     2.782463  
	 132A'     2.810074   133A'     2.818197    73A"     2.819025  
	 134A'     2.829266    74A"     2.834717    75A"     2.839461  
	 135A'     2.852129    76A"     2.855192   136A'     2.867574  
	  77A"     2.870353   137A'     2.882894   138A'     2.891951  
	  78A"     2.893653   139A'     2.897419    79A"     2.911143  
	 140A'     2.919848    80A"     2.927739    81A"     2.934193  
	 141A'     2.952463   142A'     2.954119    82A"     2.957790  
	  83A"     2.974421   143A'     2.984369   144A'     3.010478  
	  84A"     3.019719   145A'     3.022446   146A'     3.030259  
	  85A"     3.050415   147A'     3.061593    86A"     3.069194  
	 148A'     3.075059   149A'     3.084404   150A'     3.091749  
	 151A'     3.118829   152A'     3.129909    87A"     3.141383  
	 153A'     3.148153    88A"     3.156396   154A'     3.200343  
	 155A'     3.233567   156A'     3.249179   157A'     3.251568  
	 158A'     3.274381   159A'     3.321706   160A'     3.336847  
	  89A"     3.375783   161A'     3.392493    90A"     3.396061  
	 162A'     3.406192   163A'     3.424259   164A'     3.435517  
	  91A"     3.449557   165A'     3.456931    92A"     3.476361  
	 166A'     3.478300   167A'     3.505847    93A"     3.518376  
	 168A'     3.531252   169A'     3.554673   170A'     3.584877  
	  94A"     3.594043   171A'     3.620830    95A"     3.622363  
	  96A"     3.629378    97A"     3.647832   172A'     3.684940  
	 173A'     3.718770   174A'     3.799372   175A'     3.821074  
	  98A"     3.833962   176A'     3.835749    99A"     3.852039  
	 100A"     3.880718   101A"     3.898400   102A"     3.912287  
	 177A'     3.925090   178A'     3.952009   103A"     3.976149  
	 179A'     4.037874   180A'     4.079475   181A'     4.093943  
	 104A"     4.124048   105A"     4.137863   182A'     4.153747  
	 183A'     4.161918   184A'     4.206453   185A'     4.247260  
	 186A'     4.254079   187A'     4.316655   188A'     4.370423  
	 106A"     4.374067   189A'     4.405123   107A"     4.427190  
	 190A'     4.431113   108A"     4.436035   191A'     4.493774  
	 109A"     4.495235   192A'     4.553136   110A"     4.561601  
	 193A'     4.573951   194A'     4.581389   111A"     4.593850  
	 195A'     4.606125   196A'     4.669139   112A"     4.682190  
	 197A'     4.707958   198A'     4.717874   199A'     4.742060  
	 113A"     4.747010   200A'     4.757517   114A"     4.825511  
	 201A'     4.895964   202A'     4.918102   203A'     4.920219  
	 115A"     4.927825   204A'     4.949108   205A'     4.985357  
	 206A'     5.026866   116A"     5.036250   207A'     5.086865  
	 208A'     5.106758   209A'     5.166791   210A'     5.175268  
	 211A'     5.209528   117A"     5.280200   212A'     5.285905  
	 213A'     5.328451   118A"     5.385674   214A'     5.411486  
	 215A'     5.438969   216A'     5.483332   217A'     5.571775  
	 119A"     5.672167   218A'     5.678491   219A'     5.702893  
	 220A'     5.708189   221A'     5.728962   222A'     5.746281  
	 120A"     5.830081   121A"     5.842645   223A'     5.853431  
	 224A'     5.891622   122A"     5.893056   123A"     5.938349  
	 124A"     5.960185   225A'     5.974841   226A'     5.975657  
	 227A'     5.981889   228A'     6.011780   125A"     6.036376  
	 126A"     6.051707   229A'     6.057336   230A'     6.068009  
	 231A'     6.122441   127A"     6.124208   232A'     6.127111  
	 233A'     6.157656   234A'     6.165095   128A"     6.179611  
	 129A"     6.198316   235A'     6.224277   130A"     6.238745  
	 131A"     6.246260   132A"     6.249232   236A'     6.250186  
	 133A"     6.314772   134A"     6.324325   237A'     6.335425  
	 135A"     6.341675   136A"     6.364281   238A'     6.400252  
	 137A"     6.401382   138A"     6.412555   239A'     6.475159  
	 240A'     6.505102   241A'     6.529179   139A"     6.580685  
	 242A'     6.668472   140A"     6.696778   141A"     6.709559  
	 142A"     6.731445   243A'     6.744598   143A"     6.748595  
	 244A'     6.775178   144A"     6.777994   245A'     6.780302  
	 246A'     6.797802   145A"     6.797924   146A"     6.816140  
	 147A"     6.840108   247A'     6.841647   248A'     6.850767  
	 148A"     6.882643   249A'     6.912311   250A'     6.937362  
	 149A"     6.939686   251A'     6.947753   150A"     6.948970  
	 151A"     7.011094   252A'     7.018628   152A"     7.024751  
	 253A'     7.039634   153A"     7.069329   254A'     7.074235  
	 154A"     7.091310   255A'     7.110877   256A'     7.123915  
	 257A'     7.149266   155A"     7.153571   156A"     7.165032  
	 258A'     7.182489   157A"     7.207050   259A'     7.237409  
	 260A'     7.262406   158A"     7.289249   261A'     7.324019  
	 159A"     7.330963   262A'     7.345396   263A'     7.372637  
	 264A'     7.388085   160A"     7.395147   265A'     7.420963  
	 266A'     7.434595   161A"     7.436770   267A'     7.482460  
	 268A'     7.508009   269A'     7.531481   270A'     7.542089  
	 162A"     7.543325   163A"     7.555883   164A"     7.563017  
	 271A'     7.567985   272A'     7.600578   165A"     7.617191  
	 273A'     7.639660   274A'     7.656513   275A'     7.675711  
	 276A'     7.708847   166A"     7.781874   277A'     7.788835  
	 167A"     7.801470   278A'     7.833618   279A'     7.893466  
	 168A"     7.929041   280A'     7.949815   281A'     7.953369  
	 169A"     7.958978   282A'     7.985689   283A'     8.001460  
	 170A"     8.004558   171A"     8.028467   284A'     8.030701  
	 172A"     8.068947   173A"     8.084957   285A'     8.113387  
	 286A'     8.124160   174A"     8.125100   175A"     8.128944  
	 176A"     8.150384   287A'     8.160425   288A'     8.194828  
	 289A'     8.206063   290A'     8.226575   291A'     8.229113  
	 292A'     8.248844   177A"     8.279960   178A"     8.291326  
	 179A"     8.318800   180A"     8.334696   293A'     8.349521  
	 294A'     8.381587   295A'     8.391367   181A"     8.391789  
	 182A"     8.419395   296A'     8.431936   297A'     8.482075  
	 298A'     8.496936   299A'     8.522714   183A"     8.531706  
	 184A"     8.539300   300A'     8.543289   301A'     8.560983  
	 302A'     8.589002   303A'     8.595223   304A'     8.622716  
	 185A"     8.635894   186A"     8.649439   305A'     8.653685  
	 187A"     8.672088   188A"     8.682578   306A'     8.689723  
	 189A"     8.713674   190A"     8.721122   307A'     8.727410  
	 308A'     8.880450   309A'     8.895287   310A'     8.932112  
	 311A'     8.936902   191A"     8.939903   192A"     8.940866  
	 193A"     8.953752   194A"     8.965786   312A'     8.980463  
	 313A'     9.032675   195A"     9.036859   196A"     9.044640  
	 314A'     9.053981   197A"     9.054235   198A"     9.061353  
	 199A"     9.074249   315A'     9.083950   200A"     9.111225  
	 316A'     9.116299   317A'     9.139027   201A"     9.168058  
	 318A'     9.178571   202A"     9.188479   319A'     9.197564  
	 320A'     9.219883   203A"     9.245866   204A"     9.248683  
	 321A'     9.266535   322A'     9.279172   205A"     9.288225  
	 323A'     9.354186   324A'     9.359798   206A"     9.374461  
	 325A'     9.424842   207A"     9.428425   326A'     9.434201  
	 327A'     9.461787   208A"     9.472027   209A"     9.475269  
	 210A"     9.501742   328A'     9.528492   211A"     9.578857  
	 329A'     9.641213   212A"     9.656258   330A'     9.676578  
	 331A'     9.756477   213A"     9.770243   332A'     9.787273  
	 214A"     9.848592   333A'     9.877590   215A"     9.880198  
	 334A'     9.889251   216A"     9.894923   335A'     9.923874  
	 336A'     9.951850   337A'     9.957903   338A'     9.978313  
	 217A"    10.012178   339A'    10.017005   340A'    10.102869  
	 218A"    10.145042   341A'    10.146882   342A'    10.228738  
	 343A'    10.270274   219A"    10.274272   344A'    10.311274  
	 345A'    10.327415   346A'    10.379708   347A'    10.392528  
	 348A'    10.469030   349A'    10.484378   350A'    10.507455  
	 351A'    10.617879   220A"    10.661462   221A"    10.680537  
	 352A'    10.684255   353A'    10.704154   222A"    10.719165  
	 354A'    10.737662   223A"    10.760007   355A'    10.761223  
	 224A"    10.785186   356A'    10.839557   357A'    10.858460  
	 225A"    10.967824   358A'    10.993808   359A'    11.094669  
	 360A'    11.212988   226A"    11.305853   227A"    11.410347  
	 361A'    11.454876   362A'    11.599403   363A'    11.628007  
	 364A'    11.639396   365A'    11.660021   228A"    11.718693  
	 366A'    11.723252   367A'    11.753786   368A'    11.800876  
	 369A'    11.807472   370A'    11.868859   371A'    11.891637  
	 372A'    12.030749   373A'    12.202582   229A"    12.212354  
	 374A'    12.224308   375A'    12.273719   376A'    12.354837  
	 377A'    12.401832   230A"    12.437124   231A"    12.463839  
	 378A'    12.478055   232A"    12.566847   379A'    12.592716  
	 380A'    12.612111   233A"    12.665513   234A"    12.783508  
	 381A'    12.796350   235A"    12.867180   236A"    13.188507  
	 382A'    13.362594   383A'    13.395246   384A'    13.507918  
	 385A'    13.595255   386A'    13.647724   387A'    13.720888  
	 388A'    13.757928   237A"    13.826441   389A'    14.129737  
	 390A'    14.291825   238A"    14.653402   391A'    14.696297  
	 239A"    14.892810   392A'    14.906834   393A'    14.994956  
	 394A'    15.463670   395A'    15.486186   396A'    16.251899  
	 397A'    16.475223   398A'    16.604707   399A'    16.797585  
	 400A'    16.840498   240A"    16.893094   401A'    16.901676  
	 402A'    17.487836   241A"    30.922479   403A'    30.981296  
	 404A'    31.228493   405A'    41.998032   406A'    44.464063  
	 407A'    65.485962   408A'    66.119174   409A'    66.158697  
	 410A'    66.717927   411A'    67.119667   412A'    67.337029  
	 413A'   160.289753  

	Final Occupation by Irrep:
	         A'    A" 
	DOCC [     4,    1 ]

  Energy converged.

  @DF-RHF Final Energy:   -76.06520017976678

   => Energetics <=

    Nuclear Repulsion Energy =              9.1949684609592452
    One-Electron Energy =                -123.0816489597351051
    Two-Electron Energy =                  37.8214803190093605
    DFT Exchange-Correlation Energy =       0.0000000000000000
    Empirical Dispersion Energy =           0.0000000000000000
    Total Energy =                        -76.0652001797664923



Properties will be evaluated at   0.000000,   0.000000,   0.000000 Bohr
  ==> Properties <==


Properties computed using the SCF density density matrix
  Nuclear Dipole Moment: (a.u.)
     X:   -70.0011      Y:   -55.6820      Z:     0.0000

  Electronic Dipole Moment: (a.u.)
     X:    69.3114      Y:    55.2882      Z:     0.0000

  Dipole Moment: (a.u.)
     X:    -0.6896      Y:    -0.3938      Z:     0.0000     Total:     0.7941

  Dipole Moment: (Debye)
     X:    -1.7528      Y:    -1.0009      Z:     0.0000     Total:     2.0185


  Saving occupied orbitals to File 180.

*** tstop() called on n064 at Mon Jul 18 16:14:58 2016
Module time:
	user time   =     302.23 seconds =       5.04 minutes
	system time =      29.61 seconds =       0.49 minutes
	total time  =        136 seconds =       2.27 minutes
Total time:
	user time   =    1821.71 seconds =      30.36 minutes
	system time =     132.19 seconds =       2.20 minutes
	total time  =        932 seconds =      15.53 minutes

  //>>>>>>>>>>>>>>>>>>>>>>>>>>>>>>>>>>>//
  //               DFMP2               //
  //<<<<<<<<<<<<<<<<<<<<<<<<<<<<<<<<<<<//


*** tstart() called on n064
*** at Mon Jul 18 16:14:58 2016

	 --------------------------------------------------------
	                          DF-MP2                         
	      2nd-Order Density-Fitted Moller-Plesset Theory     
	              RMP2 Wavefunction,   4 Threads             
	                                                         
	        Rob Parrish, Justin Turney, Andy Simmonett,      
	           Ed Hohenstein, and C. David Sherrill          
	 --------------------------------------------------------

   => Auxiliary Basis Set <=

  Basis Set: CC-PVQZ-RI
    Number of shells: 353
    Number of basis function: 1467
    Number of Cartesian functions: 1969
    Spherical Harmonics?: true
    Max angular momentum: 5

	 --------------------------------------------------------
	                 NBF =   654, NAUX =  1467
	 --------------------------------------------------------
	   CLASS    FOCC     OCC    AOCC    AVIR     VIR    FVIR
	   PAIRS       1       5       4     649     649       0
	 --------------------------------------------------------

	 Will attempt to load fitting metric from file 97.

	----------------------------------------------------------
	 ==================> DF-MP2 Energies <=================== 
	----------------------------------------------------------
	 Reference Energy          =     -76.0652001797667765 [H]
	 Singles Energy            =      -0.0000000000021583 [H]
	 Same-Spin Energy          =      -0.0667375239873493 [H]
	 Opposite-Spin Energy      =      -0.2164205687524425 [H]
	 Correlation Energy        =      -0.2831580927419501 [H]
	 Total Energy              =     -76.3483582725087331 [H]
	----------------------------------------------------------
	 ================> DF-SCS-MP2 Energies <================= 
	----------------------------------------------------------
	 SCS Same-Spin Scale       =       0.3333333333333333 [-]
	 SCS Opposite-Spin Scale   =       1.2000000000000000 [-]
	 SCS Same-Spin Energy      =      -0.0222458413291164 [H]
	 SCS Opposite-Spin Energy  =      -0.2597046825029311 [H]
	 SCS Correlation Energy    =      -0.2819505238342058 [H]
	 SCS Total Energy          =     -76.3471507036009882 [H]
	----------------------------------------------------------


*** tstop() called on n064 at Mon Jul 18 16:15:20 2016
Module time:
	user time   =      69.64 seconds =       1.16 minutes
	system time =       2.87 seconds =       0.05 minutes
	total time  =         22 seconds =       0.37 minutes
Total time:
	user time   =    1891.35 seconds =      31.52 minutes
	system time =     135.06 seconds =       2.25 minutes
	total time  =        954 seconds =      15.90 minutes

  //>>>>>>>>>>>>>>>>>>>>>>>>>>>>>>>>>>>//
  //      CP Computation: Results.     //
  //<<<<<<<<<<<<<<<<<<<<<<<<<<<<<<<<<<<//

============= Hartree =============
   System:  Energy (full):
   Complex -767.2932026256
 Monomer 1 -690.9418983242
 Monomer 2  -76.3483582725
Interaction   -0.0029460288

=========== kcal*mol^-1 ===========
   System:  Energy (full):
   Complex-481483.7739329683
 Monomer 1-433572.6051465005
 Monomer 2-47909.3201254028
Interaction   -1.8486610650

*** PSI4 exiting successfully. Buy a developer a beer!
