1
                 Chemistry at HARvard Macromolecular Mechanics
           (CHARMM) - Developmental Version 41a2   February 15, 2016            
       Copyright(c) 1984-2014  President and Fellows of Harvard College
                              All Rights Reserved
     Current operating system: Linux-3.13.0-101-generic(x86_64)@strathmere.     
                 Created on  3/26/17 at 15:12:01 by user: fylin       

            Maximum number of ATOMS:    360720, and RESidues:      120240
 RDTITL> * WATER INTERACTIONS
 RDTITL> *
  
 CHARMM>     
  
 CHARMM>    ioformat extended
 MISCOM> Expanded I/O format is used.
  
 CHARMM>     
  
 CHARMM>    !### Things that should be reconsidered for every molecule ###
 CHARMM>    set residue chlb
 Parameter: RESIDUE <- "CHLB"
  
 CHARMM>    set bombover 0 !needs to be set to -1 for 3-membered rings
 Parameter: BOMBOVER <- "0"
  
 CHARMM>     
  
 CHARMM>    set stage 5 !4=do everything with mp2 geometry for h2o inter
 Parameter: STAGE <- "5"
  
 CHARMM>                !5=do everything with charmm geometry for h2o inter
  
 CHARMM>     
  
 CHARMM>    set NoDrude false
 Parameter: NODRUDE <- "FALSE"
  
 CHARMM>     
  
 CHARMM>    !### Things that usually shouldn't be changed. ####
 CHARMM>    set dontmini 0 ! Don't minimize main conformation. Should normally not be used.
 Parameter: DONTMINI <- "0"
  
 CHARMM>     
  
 CHARMM>    !non-bond parameters
 CHARMM>    set 3 999.0  ! cutim
 Parameter: 3 <- "999.0"
  
 CHARMM>    set 4 999.0  ! cutnb
 Parameter: 4 <- "999.0"
  
 CHARMM>    set 5 980.0  ! ctonnb
 Parameter: 5 <- "980.0"
  
 CHARMM>    set 6 990.0  ! ctofnb
 Parameter: 6 <- "990.0"
  
 CHARMM>    set 7 switch
 Parameter: 7 <- "SWITCH"
  
 CHARMM>    set 8 atom
 Parameter: 8 <- "ATOM"
  
 CHARMM>    set 9 vatom
 Parameter: 9 <- "VATOM"
  
 CHARMM>     
  
 CHARMM>    !stream in files
 CHARMM>    stream para.str
 VOPEN> Attempting to open::para.str::
 OPNLGU> Unit 99 opened for READONLY access to para.str

                    INPUT STREAM SWITCHING TO UNIT    99
 RDTITL> * PARAMETERS FOR CHARGES, ALPHA, THOLE AND SO ON
 RDTITL> *
 Parameter: IN1 <- "" <empty>
  
 CHARMM>     set   qc1         -0.025
 Parameter: QC1 <- "-0.025"
  
 CHARMM>     set   qh1          0.081
 Parameter: QH1 <- "0.081"
  
 CHARMM>    set   qc2          -0.110
 Parameter: QC2 <- "-0.110"
  
 CHARMM>    set   qh2           0.110
 Parameter: QH2 <- "0.110"
  
 CHARMM>    set   qc3          -0.110
 Parameter: QC3 <- "-0.110"
  
 CHARMM>     set   qh3          0.110
 Parameter: QH3 <- "0.110"
  
 CHARMM>     set   qc6          0.040
 Parameter: QC6 <- "0.040"
  
 CHARMM>     set   qcl6        -0.193
 Parameter: QCL6 <- "-0.193"
  
 CHARMM>     set   qlp6         0.040
 Parameter: QLP6 <- "0.040"
  
 CHARMM>     set   ac1         -2.921
 Parameter: AC1 <- "-2.921"
  
 CHARMM>     set   tc1          0.634
 Parameter: TC1 <- "0.634"
  
 CHARMM>     set   ac2         -1.592
 Parameter: AC2 <- "-1.592"
  
 CHARMM>     set   tc2          1.195
 Parameter: TC2 <- "1.195"
  
 CHARMM>     set   ac3         -1.560
 Parameter: AC3 <- "-1.560"
  
 CHARMM>     set   tc3          1.159
 Parameter: TC3 <- "1.159"
  
 CHARMM>     set   ac6         -1.890
 Parameter: AC6 <- "-1.890"
  
 CHARMM>     set   tc6          0.660
 Parameter: TC6 <- "0.660"
  
 CHARMM>     set   acl6        -1.640
 Parameter: ACL6 <- "-1.640"
  
 CHARMM>     set   tcl6         0.660
 Parameter: TCL6 <- "0.660"
  
 CHARMM>     set   dlp6         1.640
 Parameter: DLP6 <- "1.640"
  
 VCLOSE: Closing unit   99 with status "KEEP"

                    RETURNING TO INPUT STREAM     5
  
 CHARMM>    stream toppar_drude_master_example.str
 VOPEN> Attempting to open::toppar_drude_master_example.str::
 OPNLGU> Unit 99 opened for READONLY access to toppar_drude_master_example.str

                    INPUT STREAM SWITCHING TO UNIT    99
 RDTITL> * $ID: TOPPAR_DRUDE_MASTER_PROTEIN.STR 22 2014-08-12 22:16:31Z ALEX $
 RDTITL> * DRUDE MASTER TOPOLOGY AND PARAMETER STREAM FILE
 RDTITL> * INCLUDES WATER, IONS AND 2013 PROTEIN FF RELEASE
 RDTITL> * OCTOBER 2013
 RDTITL> * IONS UPDATED, JUNE 2014
 RDTITL> *
 Parameter: IN1 <- "" <empty>
  
 CHARMM>     
  
 CHARMM>    ioformat extended
 MISCOM> Expanded I/O format is used.
  
 CHARMM>     
  
 CHARMM>    !This file must be streamed prior to additional Drude FF toppar stream files
 CHARMM>    !and it includes parameters for the model compounds (toppar_drude_model*.str)
 CHARMM>     
  
 CHARMM>    !references
 CHARMM>    !
 CHARMM>    !Proteins
 CHARMM>    !Lopes, P.E.M., Huang, J., Shim, J., Luo, Y., Li, H., Roux, B., and
 CHARMM>    !MacKerell, A.D., Jr., “Polarizable Force Field for Peptides and
 CHARMM>    !Proteins based on the Classical Drude Oscillator,” Journal of
 CHARMM>    !Chemical Theory and Computation, 9: 5430–5449, 2013 DOI:
 CHARMM>    !10.1021/ct400781b, NIHMS53671
 CHARMM>    !
 CHARMM>    !water
 CHARMM>    !SWM4-NDP, negative Drude (this will be the default model): Lamoureux,
 CHARMM>    !G., Harder, E., Vorobyov, I.V., Deng, Y., Roux, B. MacKerell, A.D.,
 CHARMM>    !Jr., A polarizable model of water for molecular dynamics simulations
 CHARMM>    !of biomolecules, Chemical Physics Letters, 2006, 418: 245-249.
 CHARMM>    !
 CHARMM>    !SWM6: Wenbo Yu, Pedro E. M. Lopes, Benoît Roux and Alexander
 CHARMM>    !D. MacKerell, Jr.  "Six-site Polarizable Model of Water Based on the
 CHARMM>    !Classical Drude Oscillator" Journal of Chemical Physics, 138: 034508,
 CHARMM>    !2013
 CHARMM>     
  
 CHARMM>    !atomic ions
 CHARMM>    !Yu, H., Whitfield, T.W., Harder, E., Lamoureux, G., Vorobyov, I.,
 CHARMM>    !Anisimov, V. M., MacKerell, A.D., Jr., and Roux, B. “Simulating
 CHARMM>    !Monovalent and Divalent Ions in Aqueous Solution Using a Drude
 CHARMM>    !Polarizable Force Field, “Journal of Chemical Theory and Computation,
 CHARMM>    !6: 774–786, 2010
 CHARMM>    !
 CHARMM>    !Luo, Y., Jiang, W., Yu, H., MacKerell, A.D., Jr., and Roux, B.,
 CHARMM>    !“Simulation study of ion pairing in concentrated aqueous salt
 CHARMM>    !solutions with a polarizable force field,” Faraday Discussions, 160,
 CHARMM>    !135–149, 2013, PMC3695446
 CHARMM>     
  
 CHARMM>     
  
 CHARMM>    ! note use of D for second character to indicate Drude
 CHARMM>    ! polarizable FF (be careful of Cadmium: use CDM)
 CHARMM>     
  
 CHARMM>    ! Parameter labeling after !
 CHARMM>    ! RESName, generic compound name of model compound followed by additional comments
 CHARMM>    ! for example ! BENZ, benzene, based on crystal survey data
 CHARMM>     
  
 CHARMM>    !Formatting information
 CHARMM>    !RTF section: please use the following format for future residues, including the spacing
 CHARMM>    !(and please clean a few up of the residues not in this format if you so desire....)
 CHARMM>     
  
 CHARMM>    !RESI ALA           0.000
 CHARMM>    !ATOM N    ND2A2   -0.427  ALPHA -1.056  THOLE 0.711
 CHARMM>    !BOND A1     A2     A3     A4     A5     A6     A7     A8
 CHARMM>    !IMPR A1     A2     A3     A4
 CHARMM>    !CMAP A1     A2     A3     A4     A1     A2     A3     A4
 CHARMM>    !LONEPAIR relative A1       A2       A3      A4       distance 0.30 angle 91.00 dihe 180.00
 CHARMM>    !ANISOTROPY        A1       A2       A3      A4       A11 0.6968  A22 1.2194
 CHARMM>    !IC A1     A2     A3     A4       1.3474  124.31  180.00  114.26   0.9979
 CHARMM>     
  
 CHARMM>    !parameter section
 CHARMM>    !bond
 CHARMM>    !CD32E    OD30A    360.00      1.415 ! comment
 CHARMM>    !angles
 CHARMM>    !HDA1A    CD31A    CD31A     34.50    110.10 ! comment
 CHARMM>    !HDA1A    CD31A    CD31A     34.50    110.10   22.53   2.1790 ! comment
 CHARMM>    !dihedrals
 CHARMM>    !CD2O1A   ND2A2    CD31C    CD2O2A      0.000   3   180.00 ! comment
 CHARMM>    !impropers
 CHARMM>    !CD2O1A   CD31A    ND2A2    OD2C1A    120.000   0     0.00 ! comment
 CHARMM>    !nonbond (LJ)
 CHARMM>    !HDW      0.0   -0.0000     0.0000 ! comment
 CHARMM>    !nbfix
 CHARMM>    !CD30A   ODW    -0.00500	 4.04699 ! comment
 CHARMM>     
  
 CHARMM>    !ioformat extended
 CHARMM>     
  
 CHARMM>    read rtf card !append
 MAINIO> Residue topology file being read from unit  99.
 RDTITL> * TOPOLOGY FOR DRUDE WATER, IONS AND PROTEINS
 RDTITL> *

 DRUDES PARTICLES WILL BE GENERATED AUTOMATICALLY FOR ALL ATOMS WITH NON-ZERO ALPHA
 Thole-type dipole screening, Slater-Delta shape {S(u) = 1 - (1+u/2)*exp(-u)}, default radius =  1.300000
  
 CHARMM>     
  
 CHARMM>    read para card !append

          PARAMETER FILE BEING READ FROM UNIT 99
 RDTITL> * DRUDE POLARIZABLE FF PARAMETERS
 RDTITL> *

 PARRDR> WARNING: FYLIN test2 DRUD    

 PARRDR> WARNING: wild card for drude X       
  218    1  224  HDP1A     DRUD      500.0000    0.0000     24977
  219    2  224  HDP1B     DRUD      500.0000    0.0000     24978
  220    3  224  HDA1A     DRUD      500.0000    0.0000     24979
  221    4  224  HDA1C     DRUD      500.0000    0.0000     24980
  222    5  224  HDA1R5    DRUD      500.0000    0.0000     24981
  223    6  224  HDA2A     DRUD      500.0000    0.0000     24982
  224    7  224  HDA2C     DRUD      500.0000    0.0000     24983
  225    8  224  HDA2E     DRUD      500.0000    0.0000     24984
  226    9  224  HDA2R5    DRUD      500.0000    0.0000     24985
  227   10  224  HDA3A     DRUD      500.0000    0.0000     24986
  228   11  224  HDA3B     DRUD      500.0000    0.0000     24987
  229   12  224  HDA3C     DRUD      500.0000    0.0000     24988
  230   13  224  HDR5A     DRUD      500.0000    0.0000     24989
  231   14  224  HDR5B     DRUD      500.0000    0.0000     24990
  232   15  224  HDR5C     DRUD      500.0000    0.0000     24991
  233   16  224  HDR5D     DRUD      500.0000    0.0000     24992
  234   17  224  HDR5E     DRUD      500.0000    0.0000     24993
  235   18  224  HDR6A     DRUD      500.0000    0.0000     24994
  236   19  224  HDR6B     DRUD      500.0000    0.0000     24995
  237   20  224  HDR6C     DRUD      500.0000    0.0000     24996
  238   41  224  CD2O1A    DRUD      500.0000    0.0000     25017
  239   42  224  CD2O2A    DRUD      500.0000    0.0000     25018
  240   43  224  CD2O3A    DRUD      500.0000    0.0000     25019
  241   44  224  CD2O3B    DRUD      500.0000    0.0000     25020
  242   45  224  CD2R5A    DRUD      500.0000    0.0000     25021
  243   46  224  CD2R5B    DRUD      500.0000    0.0000     25022
  244   47  224  CD2R5C    DRUD      500.0000    0.0000     25023
  245   48  224  CD2R5D    DRUD      500.0000    0.0000     25024
  246   49  224  CD2R5E    DRUD      500.0000    0.0000     25025
  247   50  224  CD2R6A    DRUD      500.0000    0.0000     25026
  248   51  224  CD2R6B    DRUD      500.0000    0.0000     25027
  249   52  224  CD2R6C    DRUD      500.0000    0.0000     25028
  250   53  224  CD2R6D    DRUD      500.0000    0.0000     25029
  251   54  224  CD2R6F    DRUD      500.0000    0.0000     25030
  252   55  224  CD2R6H    DRUD      500.0000    0.0000     25031
  253   60  224  CD2N1A    DRUD      500.0000    0.0000     25036
  254   61  224  CD30A     DRUD      500.0000    0.0000     25037
  255   62  224  CD31A     DRUD      500.0000    0.0000     25038
  256   63  224  CD31C     DRUD      500.0000    0.0000     25039
  257   64  224  CD31FA    DRUD      500.0000    0.0000     25040
  258   65  224  CD31FB    DRUD      500.0000    0.0000     25041
  259   66  224  CD31FC    DRUD      500.0000    0.0000     25042
  260   67  224  CD31G     DRUD      500.0000    0.0000     25043
  261   68  224  CD315A    DRUD      500.0000    0.0000     25044
  262   69  224  CD315B    DRUD      500.0000    0.0000     25045
  263   70  224  CD316A    DRUD      500.0000    0.0000     25046
  264   71  224  CD32A     DRUD      500.0000    0.0000     25047
  265   72  224  CD32AL    DRUD      500.0000    0.0000     25048
  266   73  224  CD32B     DRUD      500.0000    0.0000     25049
  267   74  224  CD32C     DRUD      500.0000    0.0000     25050
  268   75  224  CD32E     DRUD      500.0000    0.0000     25051
  269   76  224  CD32F     DRUD      500.0000    0.0000     25052
  270   77  224  CD325A    DRUD      500.0000    0.0000     25053
  271   78  224  CD325B    DRUD      500.0000    0.0000     25054
  272   79  224  CD326A    DRUD      500.0000    0.0000     25055
  273   80  224  CD326B    DRUD      500.0000    0.0000     25056
  274   81  224  CD33A     DRUD      500.0000    0.0000     25057
  275   82  224  CD33B     DRUD      500.0000    0.0000     25058
  276   83  224  CD33C     DRUD      500.0000    0.0000     25059
  277   84  224  CD33D     DRUD      500.0000    0.0000     25060
  278   85  224  CD33E     DRUD      500.0000    0.0000     25061
  279   86  224  CD31HA    DRUD      500.0000    0.0000     25062
  280   87  224  CD31HB    DRUD      500.0000    0.0000     25063
  281   88  224  CD31HC    DRUD      500.0000    0.0000     25064
  282  131  224  ND2A1     DRUD      500.0000    0.0000     25107
  283  132  224  ND2A2     DRUD      500.0000    0.0000     25108
  284  133  224  ND2A3     DRUD      500.0000    0.0000     25109
  285  134  224  ND2B1     DRUD      500.0000    0.0000     25110
  286  135  224  ND2R5A    DRUD      500.0000    0.0000     25111
  287  136  224  ND2R5B    DRUD      500.0000    0.0000     25112
  288  137  224  ND2R5C    DRUD      500.0000    0.0000     25113
  289  138  224  ND2R5D    DRUD      500.0000    0.0000     25114
  290  139  224  ND2R5E    DRUD      500.0000    0.0000     25115
  291  140  224  ND2R5F    DRUD      500.0000    0.0000     25116
  292  141  224  ND2R6A    DRUD      500.0000    0.0000     25117
  293  142  224  ND2R6B    DRUD      500.0000    0.0000     25118
  294  143  224  ND2R6C    DRUD      500.0000    0.0000     25119
  295  144  224  ND2R6D    DRUD      500.0000    0.0000     25120
  296  145  224  ND2P1A    DRUD      500.0000    0.0000     25121
  297  146  224  ND3P2A    DRUD      500.0000    0.0000     25122
  298  147  224  ND3P3A    DRUD      500.0000    0.0000     25123
  299  148  224  ND3A3     DRUD      500.0000    0.0000     25124
  300  171  224  OD2C1A    DRUD      500.0000    0.0000     25147
  301  172  224  OD2C1B    DRUD      500.0000    0.0000     25148
  302  173  224  OD2C2A    DRUD      500.0000    0.0000     25149
  303  174  224  OD2C2B    DRUD      500.0000    0.0000     25150
  304  175  224  OD2C2C    DRUD      500.0000    0.0000     25151
  305  176  224  OD2C3A    DRUD      500.0000    0.0000     25152
  306  177  224  OD2C3B    DRUD      500.0000    0.0000     25153
  307  178  224  OD30A     DRUD      500.0000    0.0000     25154
  308  179  224  OD30B     DRUD      500.0000    0.0000     25155
  309  180  224  OD30BN    DRUD      500.0000    0.0000     25156
  310  181  224  OD30C     DRUD      500.0000    0.0000     25157
  311  182  224  OD30CL    DRUD      500.0000    0.0000     25158
  312  183  224  OD30D     DRUD      500.0000    0.0000     25159
  313  184  224  OD305A    DRUD      500.0000    0.0000     25160
  314  185  224  OD306A    DRUD      500.0000    0.0000     25161
  315  186  224  OD31A     DRUD      500.0000    0.0000     25162
  316  187  224  OD31B     DRUD      500.0000    0.0000     25163
  317  188  224  OD31C     DRUD      500.0000    0.0000     25164
  318  189  224  OD31E     DRUD      500.0000    0.0000     25165
  319  190  224  OD31F     DRUD      500.0000    0.0000     25166
  320  211  224  PD1A      DRUD      500.0000    0.0000     25187
  321  212  224  PD1AN     DRUD      500.0000    0.0000     25188
  322  221  224  DUM       DRUD      500.0000    0.0000     25197
  323  222  224  XED       DRUD      500.0000    0.0000     25198
  324  223  224  NED       DRUD      500.0000    0.0000     25199
  325  224  224  DRUD      DRUD      500.0000    0.0000     25200
  326  226  224  SD31A     DRUD      500.0000    0.0000     25649
  327  227  224  SD31B     DRUD      500.0000    0.0000     25875
  328  228  224  SD30A     DRUD      500.0000    0.0000     26102
  329  229  224  SD30B     DRUD      500.0000    0.0000     26330
  330  231  224  LPD       DRUD      500.0000    0.0000     26789
  331  232  224  LPDW      DRUD      500.0000    0.0000     27020
  332  233  224  LPDO1     DRUD      500.0000    0.0000     27252
  333  234  224  LPDNA1    DRUD      500.0000    0.0000     27485
  334  241  224  ODW       DRUD      500.0000    0.0000     29144
  335  242  224  ODW6      DRUD      500.0000    0.0000     29385
  336  243  224  HDW       DRUD      500.0000    0.0000     29627
  337  244  224  DOH2      DRUD      500.0000    0.0000     29870
  338  251  224  LID       DRUD      500.0000    0.0000     31599
  339  252  224  POTD      DRUD      500.0000    0.0000     31850
  340  253  224  SODD      DRUD      500.0000    0.0000     32102
  341  254  224  RBD       DRUD      500.0000    0.0000     32355
  342  255  224  CSD       DRUD      500.0000    0.0000     32609
  343  256  224  FAD       DRUD      500.0000    0.0000     32864
  344  257  224  CLAD      DRUD      500.0000    0.0000     33120
  345  258  224  BRAD      DRUD      500.0000    0.0000     33377
  346  259  224  IAD       DRUD      500.0000    0.0000     33635
  347  271  224  MAGD      DRUD      500.0000    0.0000     36809
  348  272  224  CALD      DRUD      500.0000    0.0000     37080
  349  273  224  SRD       DRUD      500.0000    0.0000     37352
  350  274  224  BAD       DRUD      500.0000    0.0000     37625
  351  275  224  ZND       DRUD      500.0000    0.0000     37899
  352  282  224  CLDA1     DRUD      500.0000    0.0000     39845
  353  283  224  CLDR1     DRUD      500.0000    0.0000     40127

 PARRDR> WARNING: ATOMS IN BOND X        DRUD      500.00000   0.00000 DONT EXIST
      THOLE CUTOFF    5.000
      MAXNBTHOLE  -5000
 Pair-specific Thole:            1 ODW     BAD        1.4586900000000000              241         274
 Pair-specific Thole:            2 ODW     CALD       1.5087699999999999              241         272
 Pair-specific Thole:            3 ODW     MAGD       1.5156700000000001              241         271
 Pair-specific Thole:            4 ODW     SRD        1.2379199999999999              241         273
 Pair-specific Thole:            5 ODW     ZND        2.1477300000000001              241         275
 Pair-specific Thole:            6 CALD    OD2C1A     1.3200000000000001              272         171
 Pair-specific Thole:            7 CALD    OD31A      1.0500000000000000              272         186
 Pair-specific Thole:            8 SODD    OD31A      1.8200000000000001              253         186
 Pair-specific Thole:            9 POTD    OD2C1A     2.1899999999999999              252         171
 Pair-specific Thole:           10 POTD    OD2C2A    0.22000000000000000              252         173
 Pair-specific Thole:           11 CLAD    ND2A2      2.8599999999999999              257         132
*****  WARNING  ***** PARRDR no nonbond parameters for atom type: 282  CLDA1   
 NO nonbond interactions will be computed for this atom type.
*****  WARNING  ***** PARRDR no nonbond parameters for atom type: 283  CLDR1   
 NO nonbond interactions will be computed for this atom type.
 PARMIO> NONBOND, HBOND lists and IMAGE atoms cleared.
  
 CHARMM>     
  
 VCLOSE: Closing unit   99 with status "KEEP"

                    RETURNING TO INPUT STREAM     5
  
 CHARMM>    stream toppar_drude_mcsa_template.str
 VOPEN> Attempting to open::toppar_drude_mcsa_template.str::
 OPNLGU> Unit 99 opened for READONLY access to toppar_drude_mcsa_template.str

                    INPUT STREAM SWITCHING TO UNIT    99
 RDTITL> * TOPPAR STREAM FILE FOR TUTORIAL
 RDTITL> *
 Parameter: IN1 <- "" <empty>
  
 CHARMM>     
  
 CHARMM>    ioformat extended
 MISCOM> Expanded I/O format is used.
  
 CHARMM>     
  
 CHARMM>    read rtf card append
 MAINIO> Residue topology file being read from unit  99.
 RDTITL> * TOPOLOGY FOR DRUDE MODEL COMPOUNDS
 RDTITL> *

 DRUDES PARTICLES WILL BE GENERATED AUTOMATICALLY FOR ALL ATOMS WITH NON-ZERO ALPHA
 Thole-type dipole screening, Slater-Delta shape {S(u) = 1 - (1+u/2)*exp(-u)}, default radius =  1.300000
 **** WARNING from RTFRDR **** The total charge of the residue, CHLB,  -0.0010000,
 does not equal the expected charge,   0.0000000.
 There were   1 warning(s) from RTFRDR.
  
 CHARMM>     
  
 CHARMM>    read para card append

          PARAMETER FILE BEING READ FROM UNIT 99
 RDTITL> * HALOGEN
 RDTITL> *
 PARMIO> NONBOND, HBOND lists and IMAGE atoms cleared.
  
 CHARMM>    RETURN
 VCLOSE: Closing unit   99 with status "KEEP"

                    RETURNING TO INPUT STREAM     5
  
 CHARMM>     
  
 CHARMM>    read sequence card
 MAINIO> Sequence information being read from unit   5.
 RDTITL> * CHLB
 RDTITL> *
  
 SEQRDR>    1
  
 SEQRDR>    @residue
 Parameter: RESIDUE -> "CHLB"

          RESIDUE SEQUENCE --     1 RESIDUES
          CHLB    
  
 CHARMM>     
  
 CHARMM>    bomlev @bombover
 Parameter: BOMBOVER -> "0"
  
 CHARMM>    generate  @residue first none last none setup warn drude dmass 0.4
 Parameter: RESIDUE -> "CHLB"
 Drude polarizability will be setup for SEGID: CHLB    mass of Drudes particles =    0.4000
 NO PATCHING WILL BE DONE ON THE FIRST RESIDUE
 NO PATCHING WILL BE DONE ON THE LAST  RESIDUE

 MKDRUDE generate list and setup for drude polarizability

 All okay for      7 added Drude particles 

 GENPSF> Segment   1 has been generated. Its identifier is CHLB.

 Warning from PSFSUM: The sum of charges (   -0.001000) is not an integer


      ***** LEVEL  0 WARNING FROM <PSFSUM> *****
      ***** Total charge not an integer
      ******************************************
      BOMLEV (  0) IS REACHED - TERMINATING. WRNLEV IS  5


                                                  
                            /---------\           
                           /           \          
                          /             \         
                         /               \        
                         !  XXXX   XXXX  !        
                         !  XXXX   XXXX  !        
                         !  XXX     XXX  !        
                         !       X       !        
                          --\   XXX   /--         
                           ! !  XXX  ! !          
                           ! !       ! !          
                           ! I I I I I !          
                           !  I I I I  !          
                            \         /           
                             --     --            
                               \---/              
                        XXX             XXX       
                       XXXX             XXXX      
                       XXXXX           XXXXX      
                          XXX         XXX         
                            XXX     XXX           
                               XXXXX              
                              XXX XXX             
                            XXX     XXX           
                          XXX         XXX         
                       XXXXX           XXXXX      
                       XXXX             XXXX      
                        XXX             XXX       
                                                  
                                                  
 Execution terminated due to the detection of a fatal error.

                    ABNORMAL TERMINATION
                    MOST SEVERE WARNING WAS AT LEVEL  0

                    $$$$$ JOB ACCOUNTING INFORMATION $$$$$
                     ELAPSED TIME:     0.12  SECONDS 
                         CPU TIME:     0.12  SECONDS 
